<?xml version="1.0" encoding="UTF-8" ?>
<testsuite failures="0" time="7.621" errors="0" skipped="0" tests="29" name="net.bigpoint.assessment.gasstation.implementation.StationTest">
  <properties>
    <property name="java.runtime.name" value="Java(TM) SE Runtime Environment"/>
    <property name="sun.boot.library.path" value="/usr/lib/jvm/java-7-oracle/jre/lib/amd64"/>
    <property name="java.vm.version" value="23.25-b01"/>
    <property name="java.vm.vendor" value="Oracle Corporation"/>
    <property name="java.vendor.url" value="http://java.oracle.com/"/>
    <property name="path.separator" value=":"/>
    <property name="guice.disable.misplaced.annotation.check" value="true"/>
    <property name="java.vm.name" value="Java HotSpot(TM) 64-Bit Server VM"/>
    <property name="file.encoding.pkg" value="sun.io"/>
    <property name="user.country" value="US"/>
    <property name="sun.java.launcher" value="SUN_STANDARD"/>
    <property name="sun.os.patch.level" value="unknown"/>
    <property name="java.vm.specification.name" value="Java Virtual Machine Specification"/>
    <property name="user.dir" value="/home/gianksp/NetBeansProjects/BigPoint/gasstation-implementation"/>
    <property name="java.runtime.version" value="1.7.0_25-b15"/>
    <property name="java.awt.graphicsenv" value="sun.awt.X11GraphicsEnvironment"/>
    <property name="java.endorsed.dirs" value="/usr/lib/jvm/java-7-oracle/jre/lib/endorsed"/>
    <property name="os.arch" value="amd64"/>
    <property name="java.io.tmpdir" value="/tmp"/>
    <property name="line.separator" value="
"/>
    <property name="java.vm.specification.vendor" value="Oracle Corporation"/>
    <property name="os.name" value="Linux"/>
    <property name="classworlds.conf" value="/usr/local/netbeans-7.3.1/java/maven/bin/m2.conf"/>
    <property name="sun.jnu.encoding" value="UTF-8"/>
    <property name="java.library.path" value="/usr/lib/jvm/java-7-oracle/jre/lib/amd64:/usr/lib/jvm/java-7-oracle/jre/lib/i386::/usr/java/packages/lib/amd64:/usr/lib64:/lib64:/lib:/usr/lib"/>
    <property name="java.specification.name" value="Java Platform API Specification"/>
    <property name="java.class.version" value="51.0"/>
    <property name="sun.management.compiler" value="HotSpot 64-Bit Tiered Compilers"/>
    <property name="os.version" value="3.2.0-4-amd64"/>
    <property name="user.home" value="/root"/>
    <property name="user.timezone" value="America/Caracas"/>
    <property name="java.awt.printerjob" value="sun.print.PSPrinterJob"/>
    <property name="file.encoding" value="UTF-8"/>
    <property name="java.specification.version" value="1.7"/>
    <property name="user.name" value="root"/>
    <property name="java.class.path" value="/usr/local/netbeans-7.3.1/java/maven/boot/plexus-classworlds-2.4.jar"/>
    <property name="java.vm.specification.version" value="1.7"/>
    <property name="sun.arch.data.model" value="64"/>
    <property name="java.home" value="/usr/lib/jvm/java-7-oracle/jre"/>
    <property name="sun.java.command" value="org.codehaus.plexus.classworlds.launcher.Launcher clean install"/>
    <property name="java.specification.vendor" value="Oracle Corporation"/>
    <property name="user.language" value="en"/>
    <property name="awt.toolkit" value="sun.awt.X11.XToolkit"/>
    <property name="java.vm.info" value="mixed mode"/>
    <property name="java.version" value="1.7.0_25"/>
    <property name="java.ext.dirs" value="/usr/lib/jvm/java-7-oracle/jre/lib/ext:/usr/java/packages/lib/ext"/>
    <property name="securerandom.source" value="file:/dev/./urandom"/>
    <property name="sun.boot.class.path" value="/usr/lib/jvm/java-7-oracle/jre/lib/resources.jar:/usr/lib/jvm/java-7-oracle/jre/lib/rt.jar:/usr/lib/jvm/java-7-oracle/jre/lib/sunrsasign.jar:/usr/lib/jvm/java-7-oracle/jre/lib/jsse.jar:/usr/lib/jvm/java-7-oracle/jre/lib/jce.jar:/usr/lib/jvm/java-7-oracle/jre/lib/charsets.jar:/usr/lib/jvm/java-7-oracle/jre/lib/jfr.jar:/usr/lib/jvm/java-7-oracle/jre/classes"/>
    <property name="java.vendor" value="Oracle Corporation"/>
    <property name="maven.home" value="/usr/local/netbeans-7.3.1/java/maven"/>
    <property name="file.separator" value="/"/>
    <property name="java.vendor.url.bug" value="http://bugreport.sun.com/bugreport/"/>
    <property name="sun.cpu.endian" value="little"/>
    <property name="sun.io.unicode.encoding" value="UnicodeLittle"/>
    <property name="sun.cpu.isalist" value=""/>
  </properties>
  <testcase time="0.006" classname="net.bigpoint.assessment.gasstation.implementation.StationTest" name="testGasPumps"/>
  <testcase time="0.004" classname="net.bigpoint.assessment.gasstation.implementation.StationTest" name="testPrice"/>
  <testcase time="0.78" classname="net.bigpoint.assessment.gasstation.implementation.StationTest" name="testBuyGas"/>
  <testcase time="1.126" classname="net.bigpoint.assessment.gasstation.implementation.StationTest" name="testBuyGas"/>
  <testcase time="1.797" classname="net.bigpoint.assessment.gasstation.implementation.StationTest" name="testBuyGas"/>
  <testcase time="1.986" classname="net.bigpoint.assessment.gasstation.implementation.StationTest" name="testBuyGas"/>
  <testcase time="2.842" classname="net.bigpoint.assessment.gasstation.implementation.StationTest" name="testBuyGas"/>
  <testcase time="3.832" classname="net.bigpoint.assessment.gasstation.implementation.StationTest" name="testBuyGas"/>
  <testcase time="4.207" classname="net.bigpoint.assessment.gasstation.implementation.StationTest" name="testBuyGas"/>
  <testcase time="4.242" classname="net.bigpoint.assessment.gasstation.implementation.StationTest" name="testBuyGas"/>
  <testcase time="4.904" classname="net.bigpoint.assessment.gasstation.implementation.StationTest" name="testBuyGas"/>
  <testcase time="5.333" classname="net.bigpoint.assessment.gasstation.implementation.StationTest" name="testBuyGas"/>
  <testcase time="0.05" classname="net.bigpoint.assessment.gasstation.implementation.StationTest" name="testBuyGasDepleted"/>
  <testcase time="0.153" classname="net.bigpoint.assessment.gasstation.implementation.StationTest" name="testBuyGasDepleted"/>
  <testcase time="0.26" classname="net.bigpoint.assessment.gasstation.implementation.StationTest" name="testBuyGasDepleted"/>
  <testcase time="0.358" classname="net.bigpoint.assessment.gasstation.implementation.StationTest" name="testBuyGasDepleted"/>
  <testcase time="0.461" classname="net.bigpoint.assessment.gasstation.implementation.StationTest" name="testBuyGasDepleted"/>
  <testcase time="0.563" classname="net.bigpoint.assessment.gasstation.implementation.StationTest" name="testBuyGasDepleted"/>
  <testcase time="0.664" classname="net.bigpoint.assessment.gasstation.implementation.StationTest" name="testBuyGasDepleted"/>
  <testcase time="0.767" classname="net.bigpoint.assessment.gasstation.implementation.StationTest" name="testBuyGasDepleted"/>
  <testcase time="0.87" classname="net.bigpoint.assessment.gasstation.implementation.StationTest" name="testBuyGasDepleted"/>
  <testcase time="0.973" classname="net.bigpoint.assessment.gasstation.implementation.StationTest" name="testBuyGasDepleted"/>
  <testcase time="1.075" classname="net.bigpoint.assessment.gasstation.implementation.StationTest" name="testBuyGasDepleted"/>
  <testcase time="1.178" classname="net.bigpoint.assessment.gasstation.implementation.StationTest" name="testBuyGasDepleted"/>
  <testcase time="1.28" classname="net.bigpoint.assessment.gasstation.implementation.StationTest" name="testBuyGasDepleted"/>
  <testcase time="1.383" classname="net.bigpoint.assessment.gasstation.implementation.StationTest" name="testBuyGasDepleted"/>
  <testcase time="1.486" classname="net.bigpoint.assessment.gasstation.implementation.StationTest" name="testBuyGasDepleted"/>
  <testcase time="0.008" classname="net.bigpoint.assessment.gasstation.implementation.StationTest" name="testNoGasException"/>
  <testcase time="0.012" classname="net.bigpoint.assessment.gasstation.implementation.StationTest" name="testTooExpensiveException"/>
</testsuite>