<?xml version="1.0" encoding="UTF-8" ?>
<testsuite failures="0" time="590.717" errors="0" skipped="0" tests="2004" name="net.bigpoint.assessment.gasstation.implementation.StationTest">
  <properties>
    <property name="java.runtime.name" value="Java(TM) SE Runtime Environment"/>
    <property name="sun.boot.library.path" value="/usr/lib/jvm/java-7-oracle/jre/lib/amd64"/>
    <property name="java.vm.version" value="23.25-b01"/>
    <property name="java.vm.vendor" value="Oracle Corporation"/>
    <property name="java.vendor.url" value="http://java.oracle.com/"/>
    <property name="path.separator" value=":"/>
    <property name="guice.disable.misplaced.annotation.check" value="true"/>
    <property name="java.vm.name" value="Java HotSpot(TM) 64-Bit Server VM"/>
    <property name="file.encoding.pkg" value="sun.io"/>
    <property name="user.country" value="US"/>
    <property name="sun.java.launcher" value="SUN_STANDARD"/>
    <property name="sun.os.patch.level" value="unknown"/>
    <property name="java.vm.specification.name" value="Java Virtual Machine Specification"/>
    <property name="user.dir" value="/home/gianksp/NetBeansProjects/gasstation/gasstation-implementation"/>
    <property name="java.runtime.version" value="1.7.0_25-b15"/>
    <property name="java.awt.graphicsenv" value="sun.awt.X11GraphicsEnvironment"/>
    <property name="java.endorsed.dirs" value="/usr/lib/jvm/java-7-oracle/jre/lib/endorsed"/>
    <property name="os.arch" value="amd64"/>
    <property name="java.io.tmpdir" value="/tmp"/>
    <property name="line.separator" value="
"/>
    <property name="java.vm.specification.vendor" value="Oracle Corporation"/>
    <property name="os.name" value="Linux"/>
    <property name="classworlds.conf" value="/usr/local/netbeans-7.3.1/java/maven/bin/m2.conf"/>
    <property name="sun.jnu.encoding" value="UTF-8"/>
    <property name="java.library.path" value="/usr/lib/jvm/java-7-oracle/jre/lib/amd64:/usr/lib/jvm/java-7-oracle/jre/lib/i386::/usr/java/packages/lib/amd64:/usr/lib64:/lib64:/lib:/usr/lib"/>
    <property name="java.specification.name" value="Java Platform API Specification"/>
    <property name="java.class.version" value="51.0"/>
    <property name="sun.management.compiler" value="HotSpot 64-Bit Tiered Compilers"/>
    <property name="os.version" value="3.2.0-4-amd64"/>
    <property name="user.home" value="/root"/>
    <property name="user.timezone" value="America/Caracas"/>
    <property name="java.awt.printerjob" value="sun.print.PSPrinterJob"/>
    <property name="file.encoding" value="UTF-8"/>
    <property name="java.specification.version" value="1.7"/>
    <property name="user.name" value="root"/>
    <property name="java.class.path" value="/usr/local/netbeans-7.3.1/java/maven/boot/plexus-classworlds-2.4.jar"/>
    <property name="java.vm.specification.version" value="1.7"/>
    <property name="sun.arch.data.model" value="64"/>
    <property name="java.home" value="/usr/lib/jvm/java-7-oracle/jre"/>
    <property name="sun.java.command" value="org.codehaus.plexus.classworlds.launcher.Launcher clean install"/>
    <property name="java.specification.vendor" value="Oracle Corporation"/>
    <property name="user.language" value="en"/>
    <property name="awt.toolkit" value="sun.awt.X11.XToolkit"/>
    <property name="java.vm.info" value="mixed mode"/>
    <property name="java.version" value="1.7.0_25"/>
    <property name="java.ext.dirs" value="/usr/lib/jvm/java-7-oracle/jre/lib/ext:/usr/java/packages/lib/ext"/>
    <property name="securerandom.source" value="file:/dev/./urandom"/>
    <property name="sun.boot.class.path" value="/usr/lib/jvm/java-7-oracle/jre/lib/resources.jar:/usr/lib/jvm/java-7-oracle/jre/lib/rt.jar:/usr/lib/jvm/java-7-oracle/jre/lib/sunrsasign.jar:/usr/lib/jvm/java-7-oracle/jre/lib/jsse.jar:/usr/lib/jvm/java-7-oracle/jre/lib/jce.jar:/usr/lib/jvm/java-7-oracle/jre/lib/charsets.jar:/usr/lib/jvm/java-7-oracle/jre/lib/jfr.jar:/usr/lib/jvm/java-7-oracle/jre/classes"/>
    <property name="java.vendor" value="Oracle Corporation"/>
    <property name="maven.home" value="/usr/local/netbeans-7.3.1/java/maven"/>
    <property name="file.separator" value="/"/>
    <property name="java.vendor.url.bug" value="http://bugreport.sun.com/bugreport/"/>
    <property name="sun.cpu.endian" value="little"/>
    <property name="sun.io.unicode.encoding" value="UnicodeLittle"/>
    <property name="sun.cpu.isalist" value=""/>
  </properties>
  <testcase time="0.007" classname="net.bigpoint.assessment.gasstation.implementation.StationTest" name="testGasPumps"/>
  <testcase time="0.001" classname="net.bigpoint.assessment.gasstation.implementation.StationTest" name="testPrice"/>
  <testcase time="0.005" classname="net.bigpoint.assessment.gasstation.implementation.StationTest" name="testBuyGas"/>
  <testcase time="0.004" classname="net.bigpoint.assessment.gasstation.implementation.StationTest" name="testBuyGas"/>
  <testcase time="0.002" classname="net.bigpoint.assessment.gasstation.implementation.StationTest" name="testBuyGas"/>
  <testcase time="0.001" classname="net.bigpoint.assessment.gasstation.implementation.StationTest" name="testBuyGas"/>
  <testcase time="0.756" classname="net.bigpoint.assessment.gasstation.implementation.StationTest" name="testBuyGas"/>
  <testcase time="1.365" classname="net.bigpoint.assessment.gasstation.implementation.StationTest" name="testBuyGas"/>
  <testcase time="2.337" classname="net.bigpoint.assessment.gasstation.implementation.StationTest" name="testBuyGas"/>
  <testcase time="3.244" classname="net.bigpoint.assessment.gasstation.implementation.StationTest" name="testBuyGas"/>
  <testcase time="3.457" classname="net.bigpoint.assessment.gasstation.implementation.StationTest" name="testBuyGas"/>
  <testcase time="3.493" classname="net.bigpoint.assessment.gasstation.implementation.StationTest" name="testBuyGas"/>
  <testcase time="4.327" classname="net.bigpoint.assessment.gasstation.implementation.StationTest" name="testBuyGas"/>
  <testcase time="4.934" classname="net.bigpoint.assessment.gasstation.implementation.StationTest" name="testBuyGas"/>
  <testcase time="5.593" classname="net.bigpoint.assessment.gasstation.implementation.StationTest" name="testBuyGas"/>
  <testcase time="6.26" classname="net.bigpoint.assessment.gasstation.implementation.StationTest" name="testBuyGas"/>
  <testcase time="6.659" classname="net.bigpoint.assessment.gasstation.implementation.StationTest" name="testBuyGas"/>
  <testcase time="7.008" classname="net.bigpoint.assessment.gasstation.implementation.StationTest" name="testBuyGas"/>
  <testcase time="7.182" classname="net.bigpoint.assessment.gasstation.implementation.StationTest" name="testBuyGas"/>
  <testcase time="7.194" classname="net.bigpoint.assessment.gasstation.implementation.StationTest" name="testBuyGas"/>
  <testcase time="7.622" classname="net.bigpoint.assessment.gasstation.implementation.StationTest" name="testBuyGas"/>
  <testcase time="8.001" classname="net.bigpoint.assessment.gasstation.implementation.StationTest" name="testBuyGas"/>
  <testcase time="8.192" classname="net.bigpoint.assessment.gasstation.implementation.StationTest" name="testBuyGas"/>
  <testcase time="9.106" classname="net.bigpoint.assessment.gasstation.implementation.StationTest" name="testBuyGas"/>
  <testcase time="9.653" classname="net.bigpoint.assessment.gasstation.implementation.StationTest" name="testBuyGas"/>
  <testcase time="10.003" classname="net.bigpoint.assessment.gasstation.implementation.StationTest" name="testBuyGas"/>
  <testcase time="10.977" classname="net.bigpoint.assessment.gasstation.implementation.StationTest" name="testBuyGas"/>
  <testcase time="11.963" classname="net.bigpoint.assessment.gasstation.implementation.StationTest" name="testBuyGas"/>
  <testcase time="12.131" classname="net.bigpoint.assessment.gasstation.implementation.StationTest" name="testBuyGas"/>
  <testcase time="12.676" classname="net.bigpoint.assessment.gasstation.implementation.StationTest" name="testBuyGas"/>
  <testcase time="13.025" classname="net.bigpoint.assessment.gasstation.implementation.StationTest" name="testBuyGas"/>
  <testcase time="13.417" classname="net.bigpoint.assessment.gasstation.implementation.StationTest" name="testBuyGas"/>
  <testcase time="14.012" classname="net.bigpoint.assessment.gasstation.implementation.StationTest" name="testBuyGas"/>
  <testcase time="14.275" classname="net.bigpoint.assessment.gasstation.implementation.StationTest" name="testBuyGas"/>
  <testcase time="14.374" classname="net.bigpoint.assessment.gasstation.implementation.StationTest" name="testBuyGas"/>
  <testcase time="14.473" classname="net.bigpoint.assessment.gasstation.implementation.StationTest" name="testBuyGas"/>
  <testcase time="15.415" classname="net.bigpoint.assessment.gasstation.implementation.StationTest" name="testBuyGas"/>
  <testcase time="16.065" classname="net.bigpoint.assessment.gasstation.implementation.StationTest" name="testBuyGas"/>
  <testcase time="16.935" classname="net.bigpoint.assessment.gasstation.implementation.StationTest" name="testBuyGas"/>
  <testcase time="17.202" classname="net.bigpoint.assessment.gasstation.implementation.StationTest" name="testBuyGas"/>
  <testcase time="17.238" classname="net.bigpoint.assessment.gasstation.implementation.StationTest" name="testBuyGas"/>
  <testcase time="17.509" classname="net.bigpoint.assessment.gasstation.implementation.StationTest" name="testBuyGas"/>
  <testcase time="17.955" classname="net.bigpoint.assessment.gasstation.implementation.StationTest" name="testBuyGas"/>
  <testcase time="18.898" classname="net.bigpoint.assessment.gasstation.implementation.StationTest" name="testBuyGas"/>
  <testcase time="19.518" classname="net.bigpoint.assessment.gasstation.implementation.StationTest" name="testBuyGas"/>
  <testcase time="19.746" classname="net.bigpoint.assessment.gasstation.implementation.StationTest" name="testBuyGas"/>
  <testcase time="20.337" classname="net.bigpoint.assessment.gasstation.implementation.StationTest" name="testBuyGas"/>
  <testcase time="20.373" classname="net.bigpoint.assessment.gasstation.implementation.StationTest" name="testBuyGas"/>
  <testcase time="20.705" classname="net.bigpoint.assessment.gasstation.implementation.StationTest" name="testBuyGas"/>
  <testcase time="21.001" classname="net.bigpoint.assessment.gasstation.implementation.StationTest" name="testBuyGas"/>
  <testcase time="21.532" classname="net.bigpoint.assessment.gasstation.implementation.StationTest" name="testBuyGas"/>
  <testcase time="21.875" classname="net.bigpoint.assessment.gasstation.implementation.StationTest" name="testBuyGas"/>
  <testcase time="21.95" classname="net.bigpoint.assessment.gasstation.implementation.StationTest" name="testBuyGas"/>
  <testcase time="22.553" classname="net.bigpoint.assessment.gasstation.implementation.StationTest" name="testBuyGas"/>
  <testcase time="23.356" classname="net.bigpoint.assessment.gasstation.implementation.StationTest" name="testBuyGas"/>
  <testcase time="24.132" classname="net.bigpoint.assessment.gasstation.implementation.StationTest" name="testBuyGas"/>
  <testcase time="25.038" classname="net.bigpoint.assessment.gasstation.implementation.StationTest" name="testBuyGas"/>
  <testcase time="25.564" classname="net.bigpoint.assessment.gasstation.implementation.StationTest" name="testBuyGas"/>
  <testcase time="26.422" classname="net.bigpoint.assessment.gasstation.implementation.StationTest" name="testBuyGas"/>
  <testcase time="27.012" classname="net.bigpoint.assessment.gasstation.implementation.StationTest" name="testBuyGas"/>
  <testcase time="27.223" classname="net.bigpoint.assessment.gasstation.implementation.StationTest" name="testBuyGas"/>
  <testcase time="27.98" classname="net.bigpoint.assessment.gasstation.implementation.StationTest" name="testBuyGas"/>
  <testcase time="28.661" classname="net.bigpoint.assessment.gasstation.implementation.StationTest" name="testBuyGas"/>
  <testcase time="29.125" classname="net.bigpoint.assessment.gasstation.implementation.StationTest" name="testBuyGas"/>
  <testcase time="29.279" classname="net.bigpoint.assessment.gasstation.implementation.StationTest" name="testBuyGas"/>
  <testcase time="29.312" classname="net.bigpoint.assessment.gasstation.implementation.StationTest" name="testBuyGas"/>
  <testcase time="30.113" classname="net.bigpoint.assessment.gasstation.implementation.StationTest" name="testBuyGas"/>
  <testcase time="30.255" classname="net.bigpoint.assessment.gasstation.implementation.StationTest" name="testBuyGas"/>
  <testcase time="31.141" classname="net.bigpoint.assessment.gasstation.implementation.StationTest" name="testBuyGas"/>
  <testcase time="31.289" classname="net.bigpoint.assessment.gasstation.implementation.StationTest" name="testBuyGas"/>
  <testcase time="32.275" classname="net.bigpoint.assessment.gasstation.implementation.StationTest" name="testBuyGas"/>
  <testcase time="32.293" classname="net.bigpoint.assessment.gasstation.implementation.StationTest" name="testBuyGas"/>
  <testcase time="32.365" classname="net.bigpoint.assessment.gasstation.implementation.StationTest" name="testBuyGas"/>
  <testcase time="32.443" classname="net.bigpoint.assessment.gasstation.implementation.StationTest" name="testBuyGas"/>
  <testcase time="33.035" classname="net.bigpoint.assessment.gasstation.implementation.StationTest" name="testBuyGas"/>
  <testcase time="33.847" classname="net.bigpoint.assessment.gasstation.implementation.StationTest" name="testBuyGas"/>
  <testcase time="34.596" classname="net.bigpoint.assessment.gasstation.implementation.StationTest" name="testBuyGas"/>
  <testcase time="35.446" classname="net.bigpoint.assessment.gasstation.implementation.StationTest" name="testBuyGas"/>
  <testcase time="36.439" classname="net.bigpoint.assessment.gasstation.implementation.StationTest" name="testBuyGas"/>
  <testcase time="37.046" classname="net.bigpoint.assessment.gasstation.implementation.StationTest" name="testBuyGas"/>
  <testcase time="37.736" classname="net.bigpoint.assessment.gasstation.implementation.StationTest" name="testBuyGas"/>
  <testcase time="38.127" classname="net.bigpoint.assessment.gasstation.implementation.StationTest" name="testBuyGas"/>
  <testcase time="38.707" classname="net.bigpoint.assessment.gasstation.implementation.StationTest" name="testBuyGas"/>
  <testcase time="39.094" classname="net.bigpoint.assessment.gasstation.implementation.StationTest" name="testBuyGas"/>
  <testcase time="39.634" classname="net.bigpoint.assessment.gasstation.implementation.StationTest" name="testBuyGas"/>
  <testcase time="39.637" classname="net.bigpoint.assessment.gasstation.implementation.StationTest" name="testBuyGas"/>
  <testcase time="40.484" classname="net.bigpoint.assessment.gasstation.implementation.StationTest" name="testBuyGas"/>
  <testcase time="41.406" classname="net.bigpoint.assessment.gasstation.implementation.StationTest" name="testBuyGas"/>
  <testcase time="41.596" classname="net.bigpoint.assessment.gasstation.implementation.StationTest" name="testBuyGas"/>
  <testcase time="41.8" classname="net.bigpoint.assessment.gasstation.implementation.StationTest" name="testBuyGas"/>
  <testcase time="42.672" classname="net.bigpoint.assessment.gasstation.implementation.StationTest" name="testBuyGas"/>
  <testcase time="42.857" classname="net.bigpoint.assessment.gasstation.implementation.StationTest" name="testBuyGas"/>
  <testcase time="43.123" classname="net.bigpoint.assessment.gasstation.implementation.StationTest" name="testBuyGas"/>
  <testcase time="43.287" classname="net.bigpoint.assessment.gasstation.implementation.StationTest" name="testBuyGas"/>
  <testcase time="43.563" classname="net.bigpoint.assessment.gasstation.implementation.StationTest" name="testBuyGas"/>
  <testcase time="43.813" classname="net.bigpoint.assessment.gasstation.implementation.StationTest" name="testBuyGas"/>
  <testcase time="44.335" classname="net.bigpoint.assessment.gasstation.implementation.StationTest" name="testBuyGas"/>
  <testcase time="45.305" classname="net.bigpoint.assessment.gasstation.implementation.StationTest" name="testBuyGas"/>
  <testcase time="45.885" classname="net.bigpoint.assessment.gasstation.implementation.StationTest" name="testBuyGas"/>
  <testcase time="46.328" classname="net.bigpoint.assessment.gasstation.implementation.StationTest" name="testBuyGas"/>
  <testcase time="46.538" classname="net.bigpoint.assessment.gasstation.implementation.StationTest" name="testBuyGas"/>
  <testcase time="46.992" classname="net.bigpoint.assessment.gasstation.implementation.StationTest" name="testBuyGas"/>
  <testcase time="47.456" classname="net.bigpoint.assessment.gasstation.implementation.StationTest" name="testBuyGas"/>
  <testcase time="47.582" classname="net.bigpoint.assessment.gasstation.implementation.StationTest" name="testBuyGas"/>
  <testcase time="48.447" classname="net.bigpoint.assessment.gasstation.implementation.StationTest" name="testBuyGas"/>
  <testcase time="49.33" classname="net.bigpoint.assessment.gasstation.implementation.StationTest" name="testBuyGas"/>
  <testcase time="49.399" classname="net.bigpoint.assessment.gasstation.implementation.StationTest" name="testBuyGas"/>
  <testcase time="49.563" classname="net.bigpoint.assessment.gasstation.implementation.StationTest" name="testBuyGas"/>
  <testcase time="50.033" classname="net.bigpoint.assessment.gasstation.implementation.StationTest" name="testBuyGas"/>
  <testcase time="50.104" classname="net.bigpoint.assessment.gasstation.implementation.StationTest" name="testBuyGas"/>
  <testcase time="50.213" classname="net.bigpoint.assessment.gasstation.implementation.StationTest" name="testBuyGas"/>
  <testcase time="50.826" classname="net.bigpoint.assessment.gasstation.implementation.StationTest" name="testBuyGas"/>
  <testcase time="51.238" classname="net.bigpoint.assessment.gasstation.implementation.StationTest" name="testBuyGas"/>
  <testcase time="51.558" classname="net.bigpoint.assessment.gasstation.implementation.StationTest" name="testBuyGas"/>
  <testcase time="51.957" classname="net.bigpoint.assessment.gasstation.implementation.StationTest" name="testBuyGas"/>
  <testcase time="52.529" classname="net.bigpoint.assessment.gasstation.implementation.StationTest" name="testBuyGas"/>
  <testcase time="52.628" classname="net.bigpoint.assessment.gasstation.implementation.StationTest" name="testBuyGas"/>
  <testcase time="52.916" classname="net.bigpoint.assessment.gasstation.implementation.StationTest" name="testBuyGas"/>
  <testcase time="53.334" classname="net.bigpoint.assessment.gasstation.implementation.StationTest" name="testBuyGas"/>
  <testcase time="54.272" classname="net.bigpoint.assessment.gasstation.implementation.StationTest" name="testBuyGas"/>
  <testcase time="55.013" classname="net.bigpoint.assessment.gasstation.implementation.StationTest" name="testBuyGas"/>
  <testcase time="55.982" classname="net.bigpoint.assessment.gasstation.implementation.StationTest" name="testBuyGas"/>
  <testcase time="56.491" classname="net.bigpoint.assessment.gasstation.implementation.StationTest" name="testBuyGas"/>
  <testcase time="56.975" classname="net.bigpoint.assessment.gasstation.implementation.StationTest" name="testBuyGas"/>
  <testcase time="57.667" classname="net.bigpoint.assessment.gasstation.implementation.StationTest" name="testBuyGas"/>
  <testcase time="58.032" classname="net.bigpoint.assessment.gasstation.implementation.StationTest" name="testBuyGas"/>
  <testcase time="58.462" classname="net.bigpoint.assessment.gasstation.implementation.StationTest" name="testBuyGas"/>
  <testcase time="59.021" classname="net.bigpoint.assessment.gasstation.implementation.StationTest" name="testBuyGas"/>
  <testcase time="59.494" classname="net.bigpoint.assessment.gasstation.implementation.StationTest" name="testBuyGas"/>
  <testcase time="59.994" classname="net.bigpoint.assessment.gasstation.implementation.StationTest" name="testBuyGas"/>
  <testcase time="60.035" classname="net.bigpoint.assessment.gasstation.implementation.StationTest" name="testBuyGas"/>
  <testcase time="60.067" classname="net.bigpoint.assessment.gasstation.implementation.StationTest" name="testBuyGas"/>
  <testcase time="61.037" classname="net.bigpoint.assessment.gasstation.implementation.StationTest" name="testBuyGas"/>
  <testcase time="61.356" classname="net.bigpoint.assessment.gasstation.implementation.StationTest" name="testBuyGas"/>
  <testcase time="62.199" classname="net.bigpoint.assessment.gasstation.implementation.StationTest" name="testBuyGas"/>
  <testcase time="62.654" classname="net.bigpoint.assessment.gasstation.implementation.StationTest" name="testBuyGas"/>
  <testcase time="62.842" classname="net.bigpoint.assessment.gasstation.implementation.StationTest" name="testBuyGas"/>
  <testcase time="62.938" classname="net.bigpoint.assessment.gasstation.implementation.StationTest" name="testBuyGas"/>
  <testcase time="62.976" classname="net.bigpoint.assessment.gasstation.implementation.StationTest" name="testBuyGas"/>
  <testcase time="63.206" classname="net.bigpoint.assessment.gasstation.implementation.StationTest" name="testBuyGas"/>
  <testcase time="63.847" classname="net.bigpoint.assessment.gasstation.implementation.StationTest" name="testBuyGas"/>
  <testcase time="64.178" classname="net.bigpoint.assessment.gasstation.implementation.StationTest" name="testBuyGas"/>
  <testcase time="64.597" classname="net.bigpoint.assessment.gasstation.implementation.StationTest" name="testBuyGas"/>
  <testcase time="65.122" classname="net.bigpoint.assessment.gasstation.implementation.StationTest" name="testBuyGas"/>
  <testcase time="65.751" classname="net.bigpoint.assessment.gasstation.implementation.StationTest" name="testBuyGas"/>
  <testcase time="66.283" classname="net.bigpoint.assessment.gasstation.implementation.StationTest" name="testBuyGas"/>
  <testcase time="66.348" classname="net.bigpoint.assessment.gasstation.implementation.StationTest" name="testBuyGas"/>
  <testcase time="66.392" classname="net.bigpoint.assessment.gasstation.implementation.StationTest" name="testBuyGas"/>
  <testcase time="66.99" classname="net.bigpoint.assessment.gasstation.implementation.StationTest" name="testBuyGas"/>
  <testcase time="67.344" classname="net.bigpoint.assessment.gasstation.implementation.StationTest" name="testBuyGas"/>
  <testcase time="68.098" classname="net.bigpoint.assessment.gasstation.implementation.StationTest" name="testBuyGas"/>
  <testcase time="68.98" classname="net.bigpoint.assessment.gasstation.implementation.StationTest" name="testBuyGas"/>
  <testcase time="69.758" classname="net.bigpoint.assessment.gasstation.implementation.StationTest" name="testBuyGas"/>
  <testcase time="69.843" classname="net.bigpoint.assessment.gasstation.implementation.StationTest" name="testBuyGas"/>
  <testcase time="70.76" classname="net.bigpoint.assessment.gasstation.implementation.StationTest" name="testBuyGas"/>
  <testcase time="71.373" classname="net.bigpoint.assessment.gasstation.implementation.StationTest" name="testBuyGas"/>
  <testcase time="71.906" classname="net.bigpoint.assessment.gasstation.implementation.StationTest" name="testBuyGas"/>
  <testcase time="72.19" classname="net.bigpoint.assessment.gasstation.implementation.StationTest" name="testBuyGas"/>
  <testcase time="73.026" classname="net.bigpoint.assessment.gasstation.implementation.StationTest" name="testBuyGas"/>
  <testcase time="73.737" classname="net.bigpoint.assessment.gasstation.implementation.StationTest" name="testBuyGas"/>
  <testcase time="74.589" classname="net.bigpoint.assessment.gasstation.implementation.StationTest" name="testBuyGas"/>
  <testcase time="75.445" classname="net.bigpoint.assessment.gasstation.implementation.StationTest" name="testBuyGas"/>
  <testcase time="76.217" classname="net.bigpoint.assessment.gasstation.implementation.StationTest" name="testBuyGas"/>
  <testcase time="76.658" classname="net.bigpoint.assessment.gasstation.implementation.StationTest" name="testBuyGas"/>
  <testcase time="76.949" classname="net.bigpoint.assessment.gasstation.implementation.StationTest" name="testBuyGas"/>
  <testcase time="77.172" classname="net.bigpoint.assessment.gasstation.implementation.StationTest" name="testBuyGas"/>
  <testcase time="77.636" classname="net.bigpoint.assessment.gasstation.implementation.StationTest" name="testBuyGas"/>
  <testcase time="78.187" classname="net.bigpoint.assessment.gasstation.implementation.StationTest" name="testBuyGas"/>
  <testcase time="78.193" classname="net.bigpoint.assessment.gasstation.implementation.StationTest" name="testBuyGas"/>
  <testcase time="78.978" classname="net.bigpoint.assessment.gasstation.implementation.StationTest" name="testBuyGas"/>
  <testcase time="79.775" classname="net.bigpoint.assessment.gasstation.implementation.StationTest" name="testBuyGas"/>
  <testcase time="80.666" classname="net.bigpoint.assessment.gasstation.implementation.StationTest" name="testBuyGas"/>
  <testcase time="80.943" classname="net.bigpoint.assessment.gasstation.implementation.StationTest" name="testBuyGas"/>
  <testcase time="81.322" classname="net.bigpoint.assessment.gasstation.implementation.StationTest" name="testBuyGas"/>
  <testcase time="81.465" classname="net.bigpoint.assessment.gasstation.implementation.StationTest" name="testBuyGas"/>
  <testcase time="82.311" classname="net.bigpoint.assessment.gasstation.implementation.StationTest" name="testBuyGas"/>
  <testcase time="83.263" classname="net.bigpoint.assessment.gasstation.implementation.StationTest" name="testBuyGas"/>
  <testcase time="84.13" classname="net.bigpoint.assessment.gasstation.implementation.StationTest" name="testBuyGas"/>
  <testcase time="84.415" classname="net.bigpoint.assessment.gasstation.implementation.StationTest" name="testBuyGas"/>
  <testcase time="84.502" classname="net.bigpoint.assessment.gasstation.implementation.StationTest" name="testBuyGas"/>
  <testcase time="85.222" classname="net.bigpoint.assessment.gasstation.implementation.StationTest" name="testBuyGas"/>
  <testcase time="85.782" classname="net.bigpoint.assessment.gasstation.implementation.StationTest" name="testBuyGas"/>
  <testcase time="86.043" classname="net.bigpoint.assessment.gasstation.implementation.StationTest" name="testBuyGas"/>
  <testcase time="86.818" classname="net.bigpoint.assessment.gasstation.implementation.StationTest" name="testBuyGas"/>
  <testcase time="87.178" classname="net.bigpoint.assessment.gasstation.implementation.StationTest" name="testBuyGas"/>
  <testcase time="87.48" classname="net.bigpoint.assessment.gasstation.implementation.StationTest" name="testBuyGas"/>
  <testcase time="87.722" classname="net.bigpoint.assessment.gasstation.implementation.StationTest" name="testBuyGas"/>
  <testcase time="88.561" classname="net.bigpoint.assessment.gasstation.implementation.StationTest" name="testBuyGas"/>
  <testcase time="89.552" classname="net.bigpoint.assessment.gasstation.implementation.StationTest" name="testBuyGas"/>
  <testcase time="90.197" classname="net.bigpoint.assessment.gasstation.implementation.StationTest" name="testBuyGas"/>
  <testcase time="90.343" classname="net.bigpoint.assessment.gasstation.implementation.StationTest" name="testBuyGas"/>
  <testcase time="91.137" classname="net.bigpoint.assessment.gasstation.implementation.StationTest" name="testBuyGas"/>
  <testcase time="91.743" classname="net.bigpoint.assessment.gasstation.implementation.StationTest" name="testBuyGas"/>
  <testcase time="92.105" classname="net.bigpoint.assessment.gasstation.implementation.StationTest" name="testBuyGas"/>
  <testcase time="93.039" classname="net.bigpoint.assessment.gasstation.implementation.StationTest" name="testBuyGas"/>
  <testcase time="93.445" classname="net.bigpoint.assessment.gasstation.implementation.StationTest" name="testBuyGas"/>
  <testcase time="93.493" classname="net.bigpoint.assessment.gasstation.implementation.StationTest" name="testBuyGas"/>
  <testcase time="94.235" classname="net.bigpoint.assessment.gasstation.implementation.StationTest" name="testBuyGas"/>
  <testcase time="95.107" classname="net.bigpoint.assessment.gasstation.implementation.StationTest" name="testBuyGas"/>
  <testcase time="95.548" classname="net.bigpoint.assessment.gasstation.implementation.StationTest" name="testBuyGas"/>
  <testcase time="96.014" classname="net.bigpoint.assessment.gasstation.implementation.StationTest" name="testBuyGas"/>
  <testcase time="96.646" classname="net.bigpoint.assessment.gasstation.implementation.StationTest" name="testBuyGas"/>
  <testcase time="97.327" classname="net.bigpoint.assessment.gasstation.implementation.StationTest" name="testBuyGas"/>
  <testcase time="98.089" classname="net.bigpoint.assessment.gasstation.implementation.StationTest" name="testBuyGas"/>
  <testcase time="98.191" classname="net.bigpoint.assessment.gasstation.implementation.StationTest" name="testBuyGas"/>
  <testcase time="98.6" classname="net.bigpoint.assessment.gasstation.implementation.StationTest" name="testBuyGas"/>
  <testcase time="98.882" classname="net.bigpoint.assessment.gasstation.implementation.StationTest" name="testBuyGas"/>
  <testcase time="99.165" classname="net.bigpoint.assessment.gasstation.implementation.StationTest" name="testBuyGas"/>
  <testcase time="100.16" classname="net.bigpoint.assessment.gasstation.implementation.StationTest" name="testBuyGas"/>
  <testcase time="100.881" classname="net.bigpoint.assessment.gasstation.implementation.StationTest" name="testBuyGas"/>
  <testcase time="101.714" classname="net.bigpoint.assessment.gasstation.implementation.StationTest" name="testBuyGas"/>
  <testcase time="101.994" classname="net.bigpoint.assessment.gasstation.implementation.StationTest" name="testBuyGas"/>
  <testcase time="102.794" classname="net.bigpoint.assessment.gasstation.implementation.StationTest" name="testBuyGas"/>
  <testcase time="103.03" classname="net.bigpoint.assessment.gasstation.implementation.StationTest" name="testBuyGas"/>
  <testcase time="103.324" classname="net.bigpoint.assessment.gasstation.implementation.StationTest" name="testBuyGas"/>
  <testcase time="103.459" classname="net.bigpoint.assessment.gasstation.implementation.StationTest" name="testBuyGas"/>
  <testcase time="104.297" classname="net.bigpoint.assessment.gasstation.implementation.StationTest" name="testBuyGas"/>
  <testcase time="104.888" classname="net.bigpoint.assessment.gasstation.implementation.StationTest" name="testBuyGas"/>
  <testcase time="105.065" classname="net.bigpoint.assessment.gasstation.implementation.StationTest" name="testBuyGas"/>
  <testcase time="105.339" classname="net.bigpoint.assessment.gasstation.implementation.StationTest" name="testBuyGas"/>
  <testcase time="106.039" classname="net.bigpoint.assessment.gasstation.implementation.StationTest" name="testBuyGas"/>
  <testcase time="106.521" classname="net.bigpoint.assessment.gasstation.implementation.StationTest" name="testBuyGas"/>
  <testcase time="106.684" classname="net.bigpoint.assessment.gasstation.implementation.StationTest" name="testBuyGas"/>
  <testcase time="107.393" classname="net.bigpoint.assessment.gasstation.implementation.StationTest" name="testBuyGas"/>
  <testcase time="108.1" classname="net.bigpoint.assessment.gasstation.implementation.StationTest" name="testBuyGas"/>
  <testcase time="108.828" classname="net.bigpoint.assessment.gasstation.implementation.StationTest" name="testBuyGas"/>
  <testcase time="109.548" classname="net.bigpoint.assessment.gasstation.implementation.StationTest" name="testBuyGas"/>
  <testcase time="110.037" classname="net.bigpoint.assessment.gasstation.implementation.StationTest" name="testBuyGas"/>
  <testcase time="110.558" classname="net.bigpoint.assessment.gasstation.implementation.StationTest" name="testBuyGas"/>
  <testcase time="110.79" classname="net.bigpoint.assessment.gasstation.implementation.StationTest" name="testBuyGas"/>
  <testcase time="111.037" classname="net.bigpoint.assessment.gasstation.implementation.StationTest" name="testBuyGas"/>
  <testcase time="111.485" classname="net.bigpoint.assessment.gasstation.implementation.StationTest" name="testBuyGas"/>
  <testcase time="111.713" classname="net.bigpoint.assessment.gasstation.implementation.StationTest" name="testBuyGas"/>
  <testcase time="111.945" classname="net.bigpoint.assessment.gasstation.implementation.StationTest" name="testBuyGas"/>
  <testcase time="112.316" classname="net.bigpoint.assessment.gasstation.implementation.StationTest" name="testBuyGas"/>
  <testcase time="112.617" classname="net.bigpoint.assessment.gasstation.implementation.StationTest" name="testBuyGas"/>
  <testcase time="112.887" classname="net.bigpoint.assessment.gasstation.implementation.StationTest" name="testBuyGas"/>
  <testcase time="113.453" classname="net.bigpoint.assessment.gasstation.implementation.StationTest" name="testBuyGas"/>
  <testcase time="114.273" classname="net.bigpoint.assessment.gasstation.implementation.StationTest" name="testBuyGas"/>
  <testcase time="114.298" classname="net.bigpoint.assessment.gasstation.implementation.StationTest" name="testBuyGas"/>
  <testcase time="114.983" classname="net.bigpoint.assessment.gasstation.implementation.StationTest" name="testBuyGas"/>
  <testcase time="115.256" classname="net.bigpoint.assessment.gasstation.implementation.StationTest" name="testBuyGas"/>
  <testcase time="115.719" classname="net.bigpoint.assessment.gasstation.implementation.StationTest" name="testBuyGas"/>
  <testcase time="116.334" classname="net.bigpoint.assessment.gasstation.implementation.StationTest" name="testBuyGas"/>
  <testcase time="117.04" classname="net.bigpoint.assessment.gasstation.implementation.StationTest" name="testBuyGas"/>
  <testcase time="117.617" classname="net.bigpoint.assessment.gasstation.implementation.StationTest" name="testBuyGas"/>
  <testcase time="117.889" classname="net.bigpoint.assessment.gasstation.implementation.StationTest" name="testBuyGas"/>
  <testcase time="118.468" classname="net.bigpoint.assessment.gasstation.implementation.StationTest" name="testBuyGas"/>
  <testcase time="119.118" classname="net.bigpoint.assessment.gasstation.implementation.StationTest" name="testBuyGas"/>
  <testcase time="119.123" classname="net.bigpoint.assessment.gasstation.implementation.StationTest" name="testBuyGas"/>
  <testcase time="119.229" classname="net.bigpoint.assessment.gasstation.implementation.StationTest" name="testBuyGas"/>
  <testcase time="120.031" classname="net.bigpoint.assessment.gasstation.implementation.StationTest" name="testBuyGas"/>
  <testcase time="120.922" classname="net.bigpoint.assessment.gasstation.implementation.StationTest" name="testBuyGas"/>
  <testcase time="121.088" classname="net.bigpoint.assessment.gasstation.implementation.StationTest" name="testBuyGas"/>
  <testcase time="121.337" classname="net.bigpoint.assessment.gasstation.implementation.StationTest" name="testBuyGas"/>
  <testcase time="121.472" classname="net.bigpoint.assessment.gasstation.implementation.StationTest" name="testBuyGas"/>
  <testcase time="122.317" classname="net.bigpoint.assessment.gasstation.implementation.StationTest" name="testBuyGas"/>
  <testcase time="122.761" classname="net.bigpoint.assessment.gasstation.implementation.StationTest" name="testBuyGas"/>
  <testcase time="122.89" classname="net.bigpoint.assessment.gasstation.implementation.StationTest" name="testBuyGas"/>
  <testcase time="122.911" classname="net.bigpoint.assessment.gasstation.implementation.StationTest" name="testBuyGas"/>
  <testcase time="123.902" classname="net.bigpoint.assessment.gasstation.implementation.StationTest" name="testBuyGas"/>
  <testcase time="124.881" classname="net.bigpoint.assessment.gasstation.implementation.StationTest" name="testBuyGas"/>
  <testcase time="125.064" classname="net.bigpoint.assessment.gasstation.implementation.StationTest" name="testBuyGas"/>
  <testcase time="125.985" classname="net.bigpoint.assessment.gasstation.implementation.StationTest" name="testBuyGas"/>
  <testcase time="126.553" classname="net.bigpoint.assessment.gasstation.implementation.StationTest" name="testBuyGas"/>
  <testcase time="126.791" classname="net.bigpoint.assessment.gasstation.implementation.StationTest" name="testBuyGas"/>
  <testcase time="127.424" classname="net.bigpoint.assessment.gasstation.implementation.StationTest" name="testBuyGas"/>
  <testcase time="128.281" classname="net.bigpoint.assessment.gasstation.implementation.StationTest" name="testBuyGas"/>
  <testcase time="128.837" classname="net.bigpoint.assessment.gasstation.implementation.StationTest" name="testBuyGas"/>
  <testcase time="129.429" classname="net.bigpoint.assessment.gasstation.implementation.StationTest" name="testBuyGas"/>
  <testcase time="130.336" classname="net.bigpoint.assessment.gasstation.implementation.StationTest" name="testBuyGas"/>
  <testcase time="130.956" classname="net.bigpoint.assessment.gasstation.implementation.StationTest" name="testBuyGas"/>
  <testcase time="131.354" classname="net.bigpoint.assessment.gasstation.implementation.StationTest" name="testBuyGas"/>
  <testcase time="132.09" classname="net.bigpoint.assessment.gasstation.implementation.StationTest" name="testBuyGas"/>
  <testcase time="133.075" classname="net.bigpoint.assessment.gasstation.implementation.StationTest" name="testBuyGas"/>
  <testcase time="133.829" classname="net.bigpoint.assessment.gasstation.implementation.StationTest" name="testBuyGas"/>
  <testcase time="134.329" classname="net.bigpoint.assessment.gasstation.implementation.StationTest" name="testBuyGas"/>
  <testcase time="135.165" classname="net.bigpoint.assessment.gasstation.implementation.StationTest" name="testBuyGas"/>
  <testcase time="135.422" classname="net.bigpoint.assessment.gasstation.implementation.StationTest" name="testBuyGas"/>
  <testcase time="136.302" classname="net.bigpoint.assessment.gasstation.implementation.StationTest" name="testBuyGas"/>
  <testcase time="136.4" classname="net.bigpoint.assessment.gasstation.implementation.StationTest" name="testBuyGas"/>
  <testcase time="137.281" classname="net.bigpoint.assessment.gasstation.implementation.StationTest" name="testBuyGas"/>
  <testcase time="138.088" classname="net.bigpoint.assessment.gasstation.implementation.StationTest" name="testBuyGas"/>
  <testcase time="138.224" classname="net.bigpoint.assessment.gasstation.implementation.StationTest" name="testBuyGas"/>
  <testcase time="138.304" classname="net.bigpoint.assessment.gasstation.implementation.StationTest" name="testBuyGas"/>
  <testcase time="138.97" classname="net.bigpoint.assessment.gasstation.implementation.StationTest" name="testBuyGas"/>
  <testcase time="138.981" classname="net.bigpoint.assessment.gasstation.implementation.StationTest" name="testBuyGas"/>
  <testcase time="139.679" classname="net.bigpoint.assessment.gasstation.implementation.StationTest" name="testBuyGas"/>
  <testcase time="139.938" classname="net.bigpoint.assessment.gasstation.implementation.StationTest" name="testBuyGas"/>
  <testcase time="140.058" classname="net.bigpoint.assessment.gasstation.implementation.StationTest" name="testBuyGas"/>
  <testcase time="140.198" classname="net.bigpoint.assessment.gasstation.implementation.StationTest" name="testBuyGas"/>
  <testcase time="140.953" classname="net.bigpoint.assessment.gasstation.implementation.StationTest" name="testBuyGas"/>
  <testcase time="141.597" classname="net.bigpoint.assessment.gasstation.implementation.StationTest" name="testBuyGas"/>
  <testcase time="142.057" classname="net.bigpoint.assessment.gasstation.implementation.StationTest" name="testBuyGas"/>
  <testcase time="142.588" classname="net.bigpoint.assessment.gasstation.implementation.StationTest" name="testBuyGas"/>
  <testcase time="143.582" classname="net.bigpoint.assessment.gasstation.implementation.StationTest" name="testBuyGas"/>
  <testcase time="143.885" classname="net.bigpoint.assessment.gasstation.implementation.StationTest" name="testBuyGas"/>
  <testcase time="144.348" classname="net.bigpoint.assessment.gasstation.implementation.StationTest" name="testBuyGas"/>
  <testcase time="144.825" classname="net.bigpoint.assessment.gasstation.implementation.StationTest" name="testBuyGas"/>
  <testcase time="145.017" classname="net.bigpoint.assessment.gasstation.implementation.StationTest" name="testBuyGas"/>
  <testcase time="145.967" classname="net.bigpoint.assessment.gasstation.implementation.StationTest" name="testBuyGas"/>
  <testcase time="146.965" classname="net.bigpoint.assessment.gasstation.implementation.StationTest" name="testBuyGas"/>
  <testcase time="147.764" classname="net.bigpoint.assessment.gasstation.implementation.StationTest" name="testBuyGas"/>
  <testcase time="147.894" classname="net.bigpoint.assessment.gasstation.implementation.StationTest" name="testBuyGas"/>
  <testcase time="148.878" classname="net.bigpoint.assessment.gasstation.implementation.StationTest" name="testBuyGas"/>
  <testcase time="149.457" classname="net.bigpoint.assessment.gasstation.implementation.StationTest" name="testBuyGas"/>
  <testcase time="150.238" classname="net.bigpoint.assessment.gasstation.implementation.StationTest" name="testBuyGas"/>
  <testcase time="151.189" classname="net.bigpoint.assessment.gasstation.implementation.StationTest" name="testBuyGas"/>
  <testcase time="152.095" classname="net.bigpoint.assessment.gasstation.implementation.StationTest" name="testBuyGas"/>
  <testcase time="152.751" classname="net.bigpoint.assessment.gasstation.implementation.StationTest" name="testBuyGas"/>
  <testcase time="153.053" classname="net.bigpoint.assessment.gasstation.implementation.StationTest" name="testBuyGas"/>
  <testcase time="153.249" classname="net.bigpoint.assessment.gasstation.implementation.StationTest" name="testBuyGas"/>
  <testcase time="153.759" classname="net.bigpoint.assessment.gasstation.implementation.StationTest" name="testBuyGas"/>
  <testcase time="154.663" classname="net.bigpoint.assessment.gasstation.implementation.StationTest" name="testBuyGas"/>
  <testcase time="155.551" classname="net.bigpoint.assessment.gasstation.implementation.StationTest" name="testBuyGas"/>
  <testcase time="156.342" classname="net.bigpoint.assessment.gasstation.implementation.StationTest" name="testBuyGas"/>
  <testcase time="157.322" classname="net.bigpoint.assessment.gasstation.implementation.StationTest" name="testBuyGas"/>
  <testcase time="157.835" classname="net.bigpoint.assessment.gasstation.implementation.StationTest" name="testBuyGas"/>
  <testcase time="157.948" classname="net.bigpoint.assessment.gasstation.implementation.StationTest" name="testBuyGas"/>
  <testcase time="158.032" classname="net.bigpoint.assessment.gasstation.implementation.StationTest" name="testBuyGas"/>
  <testcase time="159.015" classname="net.bigpoint.assessment.gasstation.implementation.StationTest" name="testBuyGas"/>
  <testcase time="159.029" classname="net.bigpoint.assessment.gasstation.implementation.StationTest" name="testBuyGas"/>
  <testcase time="159.426" classname="net.bigpoint.assessment.gasstation.implementation.StationTest" name="testBuyGas"/>
  <testcase time="159.802" classname="net.bigpoint.assessment.gasstation.implementation.StationTest" name="testBuyGas"/>
  <testcase time="160.126" classname="net.bigpoint.assessment.gasstation.implementation.StationTest" name="testBuyGas"/>
  <testcase time="160.864" classname="net.bigpoint.assessment.gasstation.implementation.StationTest" name="testBuyGas"/>
  <testcase time="161.858" classname="net.bigpoint.assessment.gasstation.implementation.StationTest" name="testBuyGas"/>
  <testcase time="162.325" classname="net.bigpoint.assessment.gasstation.implementation.StationTest" name="testBuyGas"/>
  <testcase time="162.936" classname="net.bigpoint.assessment.gasstation.implementation.StationTest" name="testBuyGas"/>
  <testcase time="163.428" classname="net.bigpoint.assessment.gasstation.implementation.StationTest" name="testBuyGas"/>
  <testcase time="163.481" classname="net.bigpoint.assessment.gasstation.implementation.StationTest" name="testBuyGas"/>
  <testcase time="163.493" classname="net.bigpoint.assessment.gasstation.implementation.StationTest" name="testBuyGas"/>
  <testcase time="163.882" classname="net.bigpoint.assessment.gasstation.implementation.StationTest" name="testBuyGas"/>
  <testcase time="164.112" classname="net.bigpoint.assessment.gasstation.implementation.StationTest" name="testBuyGas"/>
  <testcase time="164.487" classname="net.bigpoint.assessment.gasstation.implementation.StationTest" name="testBuyGas"/>
  <testcase time="165.249" classname="net.bigpoint.assessment.gasstation.implementation.StationTest" name="testBuyGas"/>
  <testcase time="165.932" classname="net.bigpoint.assessment.gasstation.implementation.StationTest" name="testBuyGas"/>
  <testcase time="166.479" classname="net.bigpoint.assessment.gasstation.implementation.StationTest" name="testBuyGas"/>
  <testcase time="166.611" classname="net.bigpoint.assessment.gasstation.implementation.StationTest" name="testBuyGas"/>
  <testcase time="167.037" classname="net.bigpoint.assessment.gasstation.implementation.StationTest" name="testBuyGas"/>
  <testcase time="167.085" classname="net.bigpoint.assessment.gasstation.implementation.StationTest" name="testBuyGas"/>
  <testcase time="167.422" classname="net.bigpoint.assessment.gasstation.implementation.StationTest" name="testBuyGas"/>
  <testcase time="167.751" classname="net.bigpoint.assessment.gasstation.implementation.StationTest" name="testBuyGas"/>
  <testcase time="168.311" classname="net.bigpoint.assessment.gasstation.implementation.StationTest" name="testBuyGas"/>
  <testcase time="168.594" classname="net.bigpoint.assessment.gasstation.implementation.StationTest" name="testBuyGas"/>
  <testcase time="169.354" classname="net.bigpoint.assessment.gasstation.implementation.StationTest" name="testBuyGas"/>
  <testcase time="170.103" classname="net.bigpoint.assessment.gasstation.implementation.StationTest" name="testBuyGas"/>
  <testcase time="170.564" classname="net.bigpoint.assessment.gasstation.implementation.StationTest" name="testBuyGas"/>
  <testcase time="170.831" classname="net.bigpoint.assessment.gasstation.implementation.StationTest" name="testBuyGas"/>
  <testcase time="171.246" classname="net.bigpoint.assessment.gasstation.implementation.StationTest" name="testBuyGas"/>
  <testcase time="171.729" classname="net.bigpoint.assessment.gasstation.implementation.StationTest" name="testBuyGas"/>
  <testcase time="171.797" classname="net.bigpoint.assessment.gasstation.implementation.StationTest" name="testBuyGas"/>
  <testcase time="171.962" classname="net.bigpoint.assessment.gasstation.implementation.StationTest" name="testBuyGas"/>
  <testcase time="172.037" classname="net.bigpoint.assessment.gasstation.implementation.StationTest" name="testBuyGas"/>
  <testcase time="172.572" classname="net.bigpoint.assessment.gasstation.implementation.StationTest" name="testBuyGas"/>
  <testcase time="173.035" classname="net.bigpoint.assessment.gasstation.implementation.StationTest" name="testBuyGas"/>
  <testcase time="173.574" classname="net.bigpoint.assessment.gasstation.implementation.StationTest" name="testBuyGas"/>
  <testcase time="173.975" classname="net.bigpoint.assessment.gasstation.implementation.StationTest" name="testBuyGas"/>
  <testcase time="174.827" classname="net.bigpoint.assessment.gasstation.implementation.StationTest" name="testBuyGas"/>
  <testcase time="174.869" classname="net.bigpoint.assessment.gasstation.implementation.StationTest" name="testBuyGas"/>
  <testcase time="175.776" classname="net.bigpoint.assessment.gasstation.implementation.StationTest" name="testBuyGas"/>
  <testcase time="176.206" classname="net.bigpoint.assessment.gasstation.implementation.StationTest" name="testBuyGas"/>
  <testcase time="177.187" classname="net.bigpoint.assessment.gasstation.implementation.StationTest" name="testBuyGas"/>
  <testcase time="178.019" classname="net.bigpoint.assessment.gasstation.implementation.StationTest" name="testBuyGas"/>
  <testcase time="178.641" classname="net.bigpoint.assessment.gasstation.implementation.StationTest" name="testBuyGas"/>
  <testcase time="179.198" classname="net.bigpoint.assessment.gasstation.implementation.StationTest" name="testBuyGas"/>
  <testcase time="180.151" classname="net.bigpoint.assessment.gasstation.implementation.StationTest" name="testBuyGas"/>
  <testcase time="180.48" classname="net.bigpoint.assessment.gasstation.implementation.StationTest" name="testBuyGas"/>
  <testcase time="180.777" classname="net.bigpoint.assessment.gasstation.implementation.StationTest" name="testBuyGas"/>
  <testcase time="181.094" classname="net.bigpoint.assessment.gasstation.implementation.StationTest" name="testBuyGas"/>
  <testcase time="181.405" classname="net.bigpoint.assessment.gasstation.implementation.StationTest" name="testBuyGas"/>
  <testcase time="181.901" classname="net.bigpoint.assessment.gasstation.implementation.StationTest" name="testBuyGas"/>
  <testcase time="182.393" classname="net.bigpoint.assessment.gasstation.implementation.StationTest" name="testBuyGas"/>
  <testcase time="182.564" classname="net.bigpoint.assessment.gasstation.implementation.StationTest" name="testBuyGas"/>
  <testcase time="183.173" classname="net.bigpoint.assessment.gasstation.implementation.StationTest" name="testBuyGas"/>
  <testcase time="183.764" classname="net.bigpoint.assessment.gasstation.implementation.StationTest" name="testBuyGas"/>
  <testcase time="183.902" classname="net.bigpoint.assessment.gasstation.implementation.StationTest" name="testBuyGas"/>
  <testcase time="184.487" classname="net.bigpoint.assessment.gasstation.implementation.StationTest" name="testBuyGas"/>
  <testcase time="184.972" classname="net.bigpoint.assessment.gasstation.implementation.StationTest" name="testBuyGas"/>
  <testcase time="185.9" classname="net.bigpoint.assessment.gasstation.implementation.StationTest" name="testBuyGas"/>
  <testcase time="186.742" classname="net.bigpoint.assessment.gasstation.implementation.StationTest" name="testBuyGas"/>
  <testcase time="187.464" classname="net.bigpoint.assessment.gasstation.implementation.StationTest" name="testBuyGas"/>
  <testcase time="188.379" classname="net.bigpoint.assessment.gasstation.implementation.StationTest" name="testBuyGas"/>
  <testcase time="189.238" classname="net.bigpoint.assessment.gasstation.implementation.StationTest" name="testBuyGas"/>
  <testcase time="189.552" classname="net.bigpoint.assessment.gasstation.implementation.StationTest" name="testBuyGas"/>
  <testcase time="190.182" classname="net.bigpoint.assessment.gasstation.implementation.StationTest" name="testBuyGas"/>
  <testcase time="191.128" classname="net.bigpoint.assessment.gasstation.implementation.StationTest" name="testBuyGas"/>
  <testcase time="191.789" classname="net.bigpoint.assessment.gasstation.implementation.StationTest" name="testBuyGas"/>
  <testcase time="192.55" classname="net.bigpoint.assessment.gasstation.implementation.StationTest" name="testBuyGas"/>
  <testcase time="192.788" classname="net.bigpoint.assessment.gasstation.implementation.StationTest" name="testBuyGas"/>
  <testcase time="193.508" classname="net.bigpoint.assessment.gasstation.implementation.StationTest" name="testBuyGas"/>
  <testcase time="193.55" classname="net.bigpoint.assessment.gasstation.implementation.StationTest" name="testBuyGas"/>
  <testcase time="194.054" classname="net.bigpoint.assessment.gasstation.implementation.StationTest" name="testBuyGas"/>
  <testcase time="194.358" classname="net.bigpoint.assessment.gasstation.implementation.StationTest" name="testBuyGas"/>
  <testcase time="194.761" classname="net.bigpoint.assessment.gasstation.implementation.StationTest" name="testBuyGas"/>
  <testcase time="194.963" classname="net.bigpoint.assessment.gasstation.implementation.StationTest" name="testBuyGas"/>
  <testcase time="195.779" classname="net.bigpoint.assessment.gasstation.implementation.StationTest" name="testBuyGas"/>
  <testcase time="196.646" classname="net.bigpoint.assessment.gasstation.implementation.StationTest" name="testBuyGas"/>
  <testcase time="197.602" classname="net.bigpoint.assessment.gasstation.implementation.StationTest" name="testBuyGas"/>
  <testcase time="197.708" classname="net.bigpoint.assessment.gasstation.implementation.StationTest" name="testBuyGas"/>
  <testcase time="198.217" classname="net.bigpoint.assessment.gasstation.implementation.StationTest" name="testBuyGas"/>
  <testcase time="198.353" classname="net.bigpoint.assessment.gasstation.implementation.StationTest" name="testBuyGas"/>
  <testcase time="198.75" classname="net.bigpoint.assessment.gasstation.implementation.StationTest" name="testBuyGas"/>
  <testcase time="199.531" classname="net.bigpoint.assessment.gasstation.implementation.StationTest" name="testBuyGas"/>
  <testcase time="200.224" classname="net.bigpoint.assessment.gasstation.implementation.StationTest" name="testBuyGas"/>
  <testcase time="200.884" classname="net.bigpoint.assessment.gasstation.implementation.StationTest" name="testBuyGas"/>
  <testcase time="201.617" classname="net.bigpoint.assessment.gasstation.implementation.StationTest" name="testBuyGas"/>
  <testcase time="201.99" classname="net.bigpoint.assessment.gasstation.implementation.StationTest" name="testBuyGas"/>
  <testcase time="202.677" classname="net.bigpoint.assessment.gasstation.implementation.StationTest" name="testBuyGas"/>
  <testcase time="203.053" classname="net.bigpoint.assessment.gasstation.implementation.StationTest" name="testBuyGas"/>
  <testcase time="203.862" classname="net.bigpoint.assessment.gasstation.implementation.StationTest" name="testBuyGas"/>
  <testcase time="204.327" classname="net.bigpoint.assessment.gasstation.implementation.StationTest" name="testBuyGas"/>
  <testcase time="204.891" classname="net.bigpoint.assessment.gasstation.implementation.StationTest" name="testBuyGas"/>
  <testcase time="205.561" classname="net.bigpoint.assessment.gasstation.implementation.StationTest" name="testBuyGas"/>
  <testcase time="205.685" classname="net.bigpoint.assessment.gasstation.implementation.StationTest" name="testBuyGas"/>
  <testcase time="205.726" classname="net.bigpoint.assessment.gasstation.implementation.StationTest" name="testBuyGas"/>
  <testcase time="206.05" classname="net.bigpoint.assessment.gasstation.implementation.StationTest" name="testBuyGas"/>
  <testcase time="206.307" classname="net.bigpoint.assessment.gasstation.implementation.StationTest" name="testBuyGas"/>
  <testcase time="206.715" classname="net.bigpoint.assessment.gasstation.implementation.StationTest" name="testBuyGas"/>
  <testcase time="207.057" classname="net.bigpoint.assessment.gasstation.implementation.StationTest" name="testBuyGas"/>
  <testcase time="207.595" classname="net.bigpoint.assessment.gasstation.implementation.StationTest" name="testBuyGas"/>
  <testcase time="207.977" classname="net.bigpoint.assessment.gasstation.implementation.StationTest" name="testBuyGas"/>
  <testcase time="208.657" classname="net.bigpoint.assessment.gasstation.implementation.StationTest" name="testBuyGas"/>
  <testcase time="209.1" classname="net.bigpoint.assessment.gasstation.implementation.StationTest" name="testBuyGas"/>
  <testcase time="209.364" classname="net.bigpoint.assessment.gasstation.implementation.StationTest" name="testBuyGas"/>
  <testcase time="210.315" classname="net.bigpoint.assessment.gasstation.implementation.StationTest" name="testBuyGas"/>
  <testcase time="211.069" classname="net.bigpoint.assessment.gasstation.implementation.StationTest" name="testBuyGas"/>
  <testcase time="211.271" classname="net.bigpoint.assessment.gasstation.implementation.StationTest" name="testBuyGas"/>
  <testcase time="211.88" classname="net.bigpoint.assessment.gasstation.implementation.StationTest" name="testBuyGas"/>
  <testcase time="212.299" classname="net.bigpoint.assessment.gasstation.implementation.StationTest" name="testBuyGas"/>
  <testcase time="212.329" classname="net.bigpoint.assessment.gasstation.implementation.StationTest" name="testBuyGas"/>
  <testcase time="212.366" classname="net.bigpoint.assessment.gasstation.implementation.StationTest" name="testBuyGas"/>
  <testcase time="213.254" classname="net.bigpoint.assessment.gasstation.implementation.StationTest" name="testBuyGas"/>
  <testcase time="213.305" classname="net.bigpoint.assessment.gasstation.implementation.StationTest" name="testBuyGas"/>
  <testcase time="214.194" classname="net.bigpoint.assessment.gasstation.implementation.StationTest" name="testBuyGas"/>
  <testcase time="214.994" classname="net.bigpoint.assessment.gasstation.implementation.StationTest" name="testBuyGas"/>
  <testcase time="215.41" classname="net.bigpoint.assessment.gasstation.implementation.StationTest" name="testBuyGas"/>
  <testcase time="215.703" classname="net.bigpoint.assessment.gasstation.implementation.StationTest" name="testBuyGas"/>
  <testcase time="216.355" classname="net.bigpoint.assessment.gasstation.implementation.StationTest" name="testBuyGas"/>
  <testcase time="217.106" classname="net.bigpoint.assessment.gasstation.implementation.StationTest" name="testBuyGas"/>
  <testcase time="217.491" classname="net.bigpoint.assessment.gasstation.implementation.StationTest" name="testBuyGas"/>
  <testcase time="217.928" classname="net.bigpoint.assessment.gasstation.implementation.StationTest" name="testBuyGas"/>
  <testcase time="218.377" classname="net.bigpoint.assessment.gasstation.implementation.StationTest" name="testBuyGas"/>
  <testcase time="219.348" classname="net.bigpoint.assessment.gasstation.implementation.StationTest" name="testBuyGas"/>
  <testcase time="219.713" classname="net.bigpoint.assessment.gasstation.implementation.StationTest" name="testBuyGas"/>
  <testcase time="220.193" classname="net.bigpoint.assessment.gasstation.implementation.StationTest" name="testBuyGas"/>
  <testcase time="220.797" classname="net.bigpoint.assessment.gasstation.implementation.StationTest" name="testBuyGas"/>
  <testcase time="221.397" classname="net.bigpoint.assessment.gasstation.implementation.StationTest" name="testBuyGas"/>
  <testcase time="222.336" classname="net.bigpoint.assessment.gasstation.implementation.StationTest" name="testBuyGas"/>
  <testcase time="223.098" classname="net.bigpoint.assessment.gasstation.implementation.StationTest" name="testBuyGas"/>
  <testcase time="223.82" classname="net.bigpoint.assessment.gasstation.implementation.StationTest" name="testBuyGas"/>
  <testcase time="223.941" classname="net.bigpoint.assessment.gasstation.implementation.StationTest" name="testBuyGas"/>
  <testcase time="224.333" classname="net.bigpoint.assessment.gasstation.implementation.StationTest" name="testBuyGas"/>
  <testcase time="224.864" classname="net.bigpoint.assessment.gasstation.implementation.StationTest" name="testBuyGas"/>
  <testcase time="225.502" classname="net.bigpoint.assessment.gasstation.implementation.StationTest" name="testBuyGas"/>
  <testcase time="226.245" classname="net.bigpoint.assessment.gasstation.implementation.StationTest" name="testBuyGas"/>
  <testcase time="226.989" classname="net.bigpoint.assessment.gasstation.implementation.StationTest" name="testBuyGas"/>
  <testcase time="227.492" classname="net.bigpoint.assessment.gasstation.implementation.StationTest" name="testBuyGas"/>
  <testcase time="227.624" classname="net.bigpoint.assessment.gasstation.implementation.StationTest" name="testBuyGas"/>
  <testcase time="227.796" classname="net.bigpoint.assessment.gasstation.implementation.StationTest" name="testBuyGas"/>
  <testcase time="228.401" classname="net.bigpoint.assessment.gasstation.implementation.StationTest" name="testBuyGas"/>
  <testcase time="228.436" classname="net.bigpoint.assessment.gasstation.implementation.StationTest" name="testBuyGas"/>
  <testcase time="228.898" classname="net.bigpoint.assessment.gasstation.implementation.StationTest" name="testBuyGas"/>
  <testcase time="228.949" classname="net.bigpoint.assessment.gasstation.implementation.StationTest" name="testBuyGas"/>
  <testcase time="229.611" classname="net.bigpoint.assessment.gasstation.implementation.StationTest" name="testBuyGas"/>
  <testcase time="230.13" classname="net.bigpoint.assessment.gasstation.implementation.StationTest" name="testBuyGas"/>
  <testcase time="230.797" classname="net.bigpoint.assessment.gasstation.implementation.StationTest" name="testBuyGas"/>
  <testcase time="231.533" classname="net.bigpoint.assessment.gasstation.implementation.StationTest" name="testBuyGas"/>
  <testcase time="232.402" classname="net.bigpoint.assessment.gasstation.implementation.StationTest" name="testBuyGas"/>
  <testcase time="233.093" classname="net.bigpoint.assessment.gasstation.implementation.StationTest" name="testBuyGas"/>
  <testcase time="233.497" classname="net.bigpoint.assessment.gasstation.implementation.StationTest" name="testBuyGas"/>
  <testcase time="234.306" classname="net.bigpoint.assessment.gasstation.implementation.StationTest" name="testBuyGas"/>
  <testcase time="234.545" classname="net.bigpoint.assessment.gasstation.implementation.StationTest" name="testBuyGas"/>
  <testcase time="234.643" classname="net.bigpoint.assessment.gasstation.implementation.StationTest" name="testBuyGas"/>
  <testcase time="235.394" classname="net.bigpoint.assessment.gasstation.implementation.StationTest" name="testBuyGas"/>
  <testcase time="235.408" classname="net.bigpoint.assessment.gasstation.implementation.StationTest" name="testBuyGas"/>
  <testcase time="235.571" classname="net.bigpoint.assessment.gasstation.implementation.StationTest" name="testBuyGas"/>
  <testcase time="236.431" classname="net.bigpoint.assessment.gasstation.implementation.StationTest" name="testBuyGas"/>
  <testcase time="237.172" classname="net.bigpoint.assessment.gasstation.implementation.StationTest" name="testBuyGas"/>
  <testcase time="237.435" classname="net.bigpoint.assessment.gasstation.implementation.StationTest" name="testBuyGas"/>
  <testcase time="238.29" classname="net.bigpoint.assessment.gasstation.implementation.StationTest" name="testBuyGas"/>
  <testcase time="238.454" classname="net.bigpoint.assessment.gasstation.implementation.StationTest" name="testBuyGas"/>
  <testcase time="238.52" classname="net.bigpoint.assessment.gasstation.implementation.StationTest" name="testBuyGas"/>
  <testcase time="238.897" classname="net.bigpoint.assessment.gasstation.implementation.StationTest" name="testBuyGas"/>
  <testcase time="239.195" classname="net.bigpoint.assessment.gasstation.implementation.StationTest" name="testBuyGas"/>
  <testcase time="239.546" classname="net.bigpoint.assessment.gasstation.implementation.StationTest" name="testBuyGas"/>
  <testcase time="240.403" classname="net.bigpoint.assessment.gasstation.implementation.StationTest" name="testBuyGas"/>
  <testcase time="241.063" classname="net.bigpoint.assessment.gasstation.implementation.StationTest" name="testBuyGas"/>
  <testcase time="241.876" classname="net.bigpoint.assessment.gasstation.implementation.StationTest" name="testBuyGas"/>
  <testcase time="242.853" classname="net.bigpoint.assessment.gasstation.implementation.StationTest" name="testBuyGas"/>
  <testcase time="243.266" classname="net.bigpoint.assessment.gasstation.implementation.StationTest" name="testBuyGas"/>
  <testcase time="244.012" classname="net.bigpoint.assessment.gasstation.implementation.StationTest" name="testBuyGas"/>
  <testcase time="244.19" classname="net.bigpoint.assessment.gasstation.implementation.StationTest" name="testBuyGas"/>
  <testcase time="245.067" classname="net.bigpoint.assessment.gasstation.implementation.StationTest" name="testBuyGas"/>
  <testcase time="245.808" classname="net.bigpoint.assessment.gasstation.implementation.StationTest" name="testBuyGas"/>
  <testcase time="246.075" classname="net.bigpoint.assessment.gasstation.implementation.StationTest" name="testBuyGas"/>
  <testcase time="246.515" classname="net.bigpoint.assessment.gasstation.implementation.StationTest" name="testBuyGas"/>
  <testcase time="246.817" classname="net.bigpoint.assessment.gasstation.implementation.StationTest" name="testBuyGas"/>
  <testcase time="246.977" classname="net.bigpoint.assessment.gasstation.implementation.StationTest" name="testBuyGas"/>
  <testcase time="247.889" classname="net.bigpoint.assessment.gasstation.implementation.StationTest" name="testBuyGas"/>
  <testcase time="248.31" classname="net.bigpoint.assessment.gasstation.implementation.StationTest" name="testBuyGas"/>
  <testcase time="248.35" classname="net.bigpoint.assessment.gasstation.implementation.StationTest" name="testBuyGas"/>
  <testcase time="248.675" classname="net.bigpoint.assessment.gasstation.implementation.StationTest" name="testBuyGas"/>
  <testcase time="249.001" classname="net.bigpoint.assessment.gasstation.implementation.StationTest" name="testBuyGas"/>
  <testcase time="249.447" classname="net.bigpoint.assessment.gasstation.implementation.StationTest" name="testBuyGas"/>
  <testcase time="250.005" classname="net.bigpoint.assessment.gasstation.implementation.StationTest" name="testBuyGas"/>
  <testcase time="250.777" classname="net.bigpoint.assessment.gasstation.implementation.StationTest" name="testBuyGas"/>
  <testcase time="251.555" classname="net.bigpoint.assessment.gasstation.implementation.StationTest" name="testBuyGas"/>
  <testcase time="251.731" classname="net.bigpoint.assessment.gasstation.implementation.StationTest" name="testBuyGas"/>
  <testcase time="252.704" classname="net.bigpoint.assessment.gasstation.implementation.StationTest" name="testBuyGas"/>
  <testcase time="253.13" classname="net.bigpoint.assessment.gasstation.implementation.StationTest" name="testBuyGas"/>
  <testcase time="253.738" classname="net.bigpoint.assessment.gasstation.implementation.StationTest" name="testBuyGas"/>
  <testcase time="254.26" classname="net.bigpoint.assessment.gasstation.implementation.StationTest" name="testBuyGas"/>
  <testcase time="254.481" classname="net.bigpoint.assessment.gasstation.implementation.StationTest" name="testBuyGas"/>
  <testcase time="254.59" classname="net.bigpoint.assessment.gasstation.implementation.StationTest" name="testBuyGas"/>
  <testcase time="255.175" classname="net.bigpoint.assessment.gasstation.implementation.StationTest" name="testBuyGas"/>
  <testcase time="255.476" classname="net.bigpoint.assessment.gasstation.implementation.StationTest" name="testBuyGas"/>
  <testcase time="255.724" classname="net.bigpoint.assessment.gasstation.implementation.StationTest" name="testBuyGas"/>
  <testcase time="256.502" classname="net.bigpoint.assessment.gasstation.implementation.StationTest" name="testBuyGas"/>
  <testcase time="256.567" classname="net.bigpoint.assessment.gasstation.implementation.StationTest" name="testBuyGas"/>
  <testcase time="256.851" classname="net.bigpoint.assessment.gasstation.implementation.StationTest" name="testBuyGas"/>
  <testcase time="257.203" classname="net.bigpoint.assessment.gasstation.implementation.StationTest" name="testBuyGas"/>
  <testcase time="257.868" classname="net.bigpoint.assessment.gasstation.implementation.StationTest" name="testBuyGas"/>
  <testcase time="258.326" classname="net.bigpoint.assessment.gasstation.implementation.StationTest" name="testBuyGas"/>
  <testcase time="258.406" classname="net.bigpoint.assessment.gasstation.implementation.StationTest" name="testBuyGas"/>
  <testcase time="258.903" classname="net.bigpoint.assessment.gasstation.implementation.StationTest" name="testBuyGas"/>
  <testcase time="258.93" classname="net.bigpoint.assessment.gasstation.implementation.StationTest" name="testBuyGas"/>
  <testcase time="259.648" classname="net.bigpoint.assessment.gasstation.implementation.StationTest" name="testBuyGas"/>
  <testcase time="259.903" classname="net.bigpoint.assessment.gasstation.implementation.StationTest" name="testBuyGas"/>
  <testcase time="260.661" classname="net.bigpoint.assessment.gasstation.implementation.StationTest" name="testBuyGas"/>
  <testcase time="260.732" classname="net.bigpoint.assessment.gasstation.implementation.StationTest" name="testBuyGas"/>
  <testcase time="261.23" classname="net.bigpoint.assessment.gasstation.implementation.StationTest" name="testBuyGas"/>
  <testcase time="261.441" classname="net.bigpoint.assessment.gasstation.implementation.StationTest" name="testBuyGas"/>
  <testcase time="262.168" classname="net.bigpoint.assessment.gasstation.implementation.StationTest" name="testBuyGas"/>
  <testcase time="262.907" classname="net.bigpoint.assessment.gasstation.implementation.StationTest" name="testBuyGas"/>
  <testcase time="263.29" classname="net.bigpoint.assessment.gasstation.implementation.StationTest" name="testBuyGas"/>
  <testcase time="263.292" classname="net.bigpoint.assessment.gasstation.implementation.StationTest" name="testBuyGas"/>
  <testcase time="263.329" classname="net.bigpoint.assessment.gasstation.implementation.StationTest" name="testBuyGas"/>
  <testcase time="263.515" classname="net.bigpoint.assessment.gasstation.implementation.StationTest" name="testBuyGas"/>
  <testcase time="264.366" classname="net.bigpoint.assessment.gasstation.implementation.StationTest" name="testBuyGas"/>
  <testcase time="264.73" classname="net.bigpoint.assessment.gasstation.implementation.StationTest" name="testBuyGas"/>
  <testcase time="265.416" classname="net.bigpoint.assessment.gasstation.implementation.StationTest" name="testBuyGas"/>
  <testcase time="266.358" classname="net.bigpoint.assessment.gasstation.implementation.StationTest" name="testBuyGas"/>
  <testcase time="266.67" classname="net.bigpoint.assessment.gasstation.implementation.StationTest" name="testBuyGas"/>
  <testcase time="266.785" classname="net.bigpoint.assessment.gasstation.implementation.StationTest" name="testBuyGas"/>
  <testcase time="267.045" classname="net.bigpoint.assessment.gasstation.implementation.StationTest" name="testBuyGas"/>
  <testcase time="267.558" classname="net.bigpoint.assessment.gasstation.implementation.StationTest" name="testBuyGas"/>
  <testcase time="268.519" classname="net.bigpoint.assessment.gasstation.implementation.StationTest" name="testBuyGas"/>
  <testcase time="268.556" classname="net.bigpoint.assessment.gasstation.implementation.StationTest" name="testBuyGas"/>
  <testcase time="269.051" classname="net.bigpoint.assessment.gasstation.implementation.StationTest" name="testBuyGas"/>
  <testcase time="269.739" classname="net.bigpoint.assessment.gasstation.implementation.StationTest" name="testBuyGas"/>
  <testcase time="270.573" classname="net.bigpoint.assessment.gasstation.implementation.StationTest" name="testBuyGas"/>
  <testcase time="270.984" classname="net.bigpoint.assessment.gasstation.implementation.StationTest" name="testBuyGas"/>
  <testcase time="271.467" classname="net.bigpoint.assessment.gasstation.implementation.StationTest" name="testBuyGas"/>
  <testcase time="271.61" classname="net.bigpoint.assessment.gasstation.implementation.StationTest" name="testBuyGas"/>
  <testcase time="272.576" classname="net.bigpoint.assessment.gasstation.implementation.StationTest" name="testBuyGas"/>
  <testcase time="273.387" classname="net.bigpoint.assessment.gasstation.implementation.StationTest" name="testBuyGas"/>
  <testcase time="273.944" classname="net.bigpoint.assessment.gasstation.implementation.StationTest" name="testBuyGas"/>
  <testcase time="274.465" classname="net.bigpoint.assessment.gasstation.implementation.StationTest" name="testBuyGas"/>
  <testcase time="274.622" classname="net.bigpoint.assessment.gasstation.implementation.StationTest" name="testBuyGas"/>
  <testcase time="275.517" classname="net.bigpoint.assessment.gasstation.implementation.StationTest" name="testBuyGas"/>
  <testcase time="275.779" classname="net.bigpoint.assessment.gasstation.implementation.StationTest" name="testBuyGas"/>
  <testcase time="275.827" classname="net.bigpoint.assessment.gasstation.implementation.StationTest" name="testBuyGas"/>
  <testcase time="276.811" classname="net.bigpoint.assessment.gasstation.implementation.StationTest" name="testBuyGas"/>
  <testcase time="277.639" classname="net.bigpoint.assessment.gasstation.implementation.StationTest" name="testBuyGas"/>
  <testcase time="278.307" classname="net.bigpoint.assessment.gasstation.implementation.StationTest" name="testBuyGas"/>
  <testcase time="279.074" classname="net.bigpoint.assessment.gasstation.implementation.StationTest" name="testBuyGas"/>
  <testcase time="279.087" classname="net.bigpoint.assessment.gasstation.implementation.StationTest" name="testBuyGas"/>
  <testcase time="279.275" classname="net.bigpoint.assessment.gasstation.implementation.StationTest" name="testBuyGas"/>
  <testcase time="279.64" classname="net.bigpoint.assessment.gasstation.implementation.StationTest" name="testBuyGas"/>
  <testcase time="280.546" classname="net.bigpoint.assessment.gasstation.implementation.StationTest" name="testBuyGas"/>
  <testcase time="280.673" classname="net.bigpoint.assessment.gasstation.implementation.StationTest" name="testBuyGas"/>
  <testcase time="280.843" classname="net.bigpoint.assessment.gasstation.implementation.StationTest" name="testBuyGas"/>
  <testcase time="281.077" classname="net.bigpoint.assessment.gasstation.implementation.StationTest" name="testBuyGas"/>
  <testcase time="281.545" classname="net.bigpoint.assessment.gasstation.implementation.StationTest" name="testBuyGas"/>
  <testcase time="282.492" classname="net.bigpoint.assessment.gasstation.implementation.StationTest" name="testBuyGas"/>
  <testcase time="283.156" classname="net.bigpoint.assessment.gasstation.implementation.StationTest" name="testBuyGas"/>
  <testcase time="283.35" classname="net.bigpoint.assessment.gasstation.implementation.StationTest" name="testBuyGas"/>
  <testcase time="284" classname="net.bigpoint.assessment.gasstation.implementation.StationTest" name="testBuyGas"/>
  <testcase time="284.393" classname="net.bigpoint.assessment.gasstation.implementation.StationTest" name="testBuyGas"/>
  <testcase time="285.088" classname="net.bigpoint.assessment.gasstation.implementation.StationTest" name="testBuyGas"/>
  <testcase time="285.67" classname="net.bigpoint.assessment.gasstation.implementation.StationTest" name="testBuyGas"/>
  <testcase time="286.061" classname="net.bigpoint.assessment.gasstation.implementation.StationTest" name="testBuyGas"/>
  <testcase time="286.187" classname="net.bigpoint.assessment.gasstation.implementation.StationTest" name="testBuyGas"/>
  <testcase time="286.87" classname="net.bigpoint.assessment.gasstation.implementation.StationTest" name="testBuyGas"/>
  <testcase time="287.439" classname="net.bigpoint.assessment.gasstation.implementation.StationTest" name="testBuyGas"/>
  <testcase time="288.173" classname="net.bigpoint.assessment.gasstation.implementation.StationTest" name="testBuyGas"/>
  <testcase time="289.086" classname="net.bigpoint.assessment.gasstation.implementation.StationTest" name="testBuyGas"/>
  <testcase time="289.098" classname="net.bigpoint.assessment.gasstation.implementation.StationTest" name="testBuyGas"/>
  <testcase time="290.075" classname="net.bigpoint.assessment.gasstation.implementation.StationTest" name="testBuyGas"/>
  <testcase time="290.183" classname="net.bigpoint.assessment.gasstation.implementation.StationTest" name="testBuyGas"/>
  <testcase time="290.281" classname="net.bigpoint.assessment.gasstation.implementation.StationTest" name="testBuyGas"/>
  <testcase time="290.633" classname="net.bigpoint.assessment.gasstation.implementation.StationTest" name="testBuyGas"/>
  <testcase time="291.097" classname="net.bigpoint.assessment.gasstation.implementation.StationTest" name="testBuyGas"/>
  <testcase time="291.548" classname="net.bigpoint.assessment.gasstation.implementation.StationTest" name="testBuyGas"/>
  <testcase time="292.324" classname="net.bigpoint.assessment.gasstation.implementation.StationTest" name="testBuyGas"/>
  <testcase time="293.061" classname="net.bigpoint.assessment.gasstation.implementation.StationTest" name="testBuyGas"/>
  <testcase time="293.21" classname="net.bigpoint.assessment.gasstation.implementation.StationTest" name="testBuyGas"/>
  <testcase time="294.082" classname="net.bigpoint.assessment.gasstation.implementation.StationTest" name="testBuyGas"/>
  <testcase time="294.258" classname="net.bigpoint.assessment.gasstation.implementation.StationTest" name="testBuyGas"/>
  <testcase time="294.887" classname="net.bigpoint.assessment.gasstation.implementation.StationTest" name="testBuyGas"/>
  <testcase time="295.011" classname="net.bigpoint.assessment.gasstation.implementation.StationTest" name="testBuyGas"/>
  <testcase time="295.903" classname="net.bigpoint.assessment.gasstation.implementation.StationTest" name="testBuyGas"/>
  <testcase time="296.3" classname="net.bigpoint.assessment.gasstation.implementation.StationTest" name="testBuyGas"/>
  <testcase time="296.563" classname="net.bigpoint.assessment.gasstation.implementation.StationTest" name="testBuyGas"/>
  <testcase time="296.909" classname="net.bigpoint.assessment.gasstation.implementation.StationTest" name="testBuyGas"/>
  <testcase time="297.54" classname="net.bigpoint.assessment.gasstation.implementation.StationTest" name="testBuyGas"/>
  <testcase time="298.109" classname="net.bigpoint.assessment.gasstation.implementation.StationTest" name="testBuyGas"/>
  <testcase time="298.79" classname="net.bigpoint.assessment.gasstation.implementation.StationTest" name="testBuyGas"/>
  <testcase time="299.722" classname="net.bigpoint.assessment.gasstation.implementation.StationTest" name="testBuyGas"/>
  <testcase time="300.214" classname="net.bigpoint.assessment.gasstation.implementation.StationTest" name="testBuyGas"/>
  <testcase time="300.792" classname="net.bigpoint.assessment.gasstation.implementation.StationTest" name="testBuyGas"/>
  <testcase time="301.395" classname="net.bigpoint.assessment.gasstation.implementation.StationTest" name="testBuyGas"/>
  <testcase time="302.032" classname="net.bigpoint.assessment.gasstation.implementation.StationTest" name="testBuyGas"/>
  <testcase time="302.611" classname="net.bigpoint.assessment.gasstation.implementation.StationTest" name="testBuyGas"/>
  <testcase time="302.953" classname="net.bigpoint.assessment.gasstation.implementation.StationTest" name="testBuyGas"/>
  <testcase time="303.234" classname="net.bigpoint.assessment.gasstation.implementation.StationTest" name="testBuyGas"/>
  <testcase time="303.492" classname="net.bigpoint.assessment.gasstation.implementation.StationTest" name="testBuyGas"/>
  <testcase time="304.016" classname="net.bigpoint.assessment.gasstation.implementation.StationTest" name="testBuyGas"/>
  <testcase time="304.509" classname="net.bigpoint.assessment.gasstation.implementation.StationTest" name="testBuyGas"/>
  <testcase time="305.001" classname="net.bigpoint.assessment.gasstation.implementation.StationTest" name="testBuyGas"/>
  <testcase time="305.46" classname="net.bigpoint.assessment.gasstation.implementation.StationTest" name="testBuyGas"/>
  <testcase time="305.568" classname="net.bigpoint.assessment.gasstation.implementation.StationTest" name="testBuyGas"/>
  <testcase time="305.863" classname="net.bigpoint.assessment.gasstation.implementation.StationTest" name="testBuyGas"/>
  <testcase time="306.061" classname="net.bigpoint.assessment.gasstation.implementation.StationTest" name="testBuyGas"/>
  <testcase time="306.162" classname="net.bigpoint.assessment.gasstation.implementation.StationTest" name="testBuyGas"/>
  <testcase time="306.71" classname="net.bigpoint.assessment.gasstation.implementation.StationTest" name="testBuyGas"/>
  <testcase time="306.804" classname="net.bigpoint.assessment.gasstation.implementation.StationTest" name="testBuyGas"/>
  <testcase time="307.718" classname="net.bigpoint.assessment.gasstation.implementation.StationTest" name="testBuyGas"/>
  <testcase time="307.733" classname="net.bigpoint.assessment.gasstation.implementation.StationTest" name="testBuyGas"/>
  <testcase time="308.684" classname="net.bigpoint.assessment.gasstation.implementation.StationTest" name="testBuyGas"/>
  <testcase time="308.724" classname="net.bigpoint.assessment.gasstation.implementation.StationTest" name="testBuyGas"/>
  <testcase time="308.901" classname="net.bigpoint.assessment.gasstation.implementation.StationTest" name="testBuyGas"/>
  <testcase time="309.111" classname="net.bigpoint.assessment.gasstation.implementation.StationTest" name="testBuyGas"/>
  <testcase time="309.632" classname="net.bigpoint.assessment.gasstation.implementation.StationTest" name="testBuyGas"/>
  <testcase time="309.834" classname="net.bigpoint.assessment.gasstation.implementation.StationTest" name="testBuyGas"/>
  <testcase time="309.946" classname="net.bigpoint.assessment.gasstation.implementation.StationTest" name="testBuyGas"/>
  <testcase time="310.387" classname="net.bigpoint.assessment.gasstation.implementation.StationTest" name="testBuyGas"/>
  <testcase time="310.932" classname="net.bigpoint.assessment.gasstation.implementation.StationTest" name="testBuyGas"/>
  <testcase time="311.516" classname="net.bigpoint.assessment.gasstation.implementation.StationTest" name="testBuyGas"/>
  <testcase time="312.025" classname="net.bigpoint.assessment.gasstation.implementation.StationTest" name="testBuyGas"/>
  <testcase time="312.362" classname="net.bigpoint.assessment.gasstation.implementation.StationTest" name="testBuyGas"/>
  <testcase time="312.755" classname="net.bigpoint.assessment.gasstation.implementation.StationTest" name="testBuyGas"/>
  <testcase time="313.342" classname="net.bigpoint.assessment.gasstation.implementation.StationTest" name="testBuyGas"/>
  <testcase time="313.68" classname="net.bigpoint.assessment.gasstation.implementation.StationTest" name="testBuyGas"/>
  <testcase time="314.526" classname="net.bigpoint.assessment.gasstation.implementation.StationTest" name="testBuyGas"/>
  <testcase time="315.037" classname="net.bigpoint.assessment.gasstation.implementation.StationTest" name="testBuyGas"/>
  <testcase time="315.92" classname="net.bigpoint.assessment.gasstation.implementation.StationTest" name="testBuyGas"/>
  <testcase time="315.983" classname="net.bigpoint.assessment.gasstation.implementation.StationTest" name="testBuyGas"/>
  <testcase time="316.692" classname="net.bigpoint.assessment.gasstation.implementation.StationTest" name="testBuyGas"/>
  <testcase time="317.335" classname="net.bigpoint.assessment.gasstation.implementation.StationTest" name="testBuyGas"/>
  <testcase time="317.418" classname="net.bigpoint.assessment.gasstation.implementation.StationTest" name="testBuyGas"/>
  <testcase time="317.986" classname="net.bigpoint.assessment.gasstation.implementation.StationTest" name="testBuyGas"/>
  <testcase time="318.13" classname="net.bigpoint.assessment.gasstation.implementation.StationTest" name="testBuyGas"/>
  <testcase time="319" classname="net.bigpoint.assessment.gasstation.implementation.StationTest" name="testBuyGas"/>
  <testcase time="319.281" classname="net.bigpoint.assessment.gasstation.implementation.StationTest" name="testBuyGas"/>
  <testcase time="320.037" classname="net.bigpoint.assessment.gasstation.implementation.StationTest" name="testBuyGas"/>
  <testcase time="320.729" classname="net.bigpoint.assessment.gasstation.implementation.StationTest" name="testBuyGas"/>
  <testcase time="320.971" classname="net.bigpoint.assessment.gasstation.implementation.StationTest" name="testBuyGas"/>
  <testcase time="321.709" classname="net.bigpoint.assessment.gasstation.implementation.StationTest" name="testBuyGas"/>
  <testcase time="321.805" classname="net.bigpoint.assessment.gasstation.implementation.StationTest" name="testBuyGas"/>
  <testcase time="322.635" classname="net.bigpoint.assessment.gasstation.implementation.StationTest" name="testBuyGas"/>
  <testcase time="322.786" classname="net.bigpoint.assessment.gasstation.implementation.StationTest" name="testBuyGas"/>
  <testcase time="323.608" classname="net.bigpoint.assessment.gasstation.implementation.StationTest" name="testBuyGas"/>
  <testcase time="324.587" classname="net.bigpoint.assessment.gasstation.implementation.StationTest" name="testBuyGas"/>
  <testcase time="325.198" classname="net.bigpoint.assessment.gasstation.implementation.StationTest" name="testBuyGas"/>
  <testcase time="326.1" classname="net.bigpoint.assessment.gasstation.implementation.StationTest" name="testBuyGas"/>
  <testcase time="327.014" classname="net.bigpoint.assessment.gasstation.implementation.StationTest" name="testBuyGas"/>
  <testcase time="327.578" classname="net.bigpoint.assessment.gasstation.implementation.StationTest" name="testBuyGas"/>
  <testcase time="328.15" classname="net.bigpoint.assessment.gasstation.implementation.StationTest" name="testBuyGas"/>
  <testcase time="328.632" classname="net.bigpoint.assessment.gasstation.implementation.StationTest" name="testBuyGas"/>
  <testcase time="328.698" classname="net.bigpoint.assessment.gasstation.implementation.StationTest" name="testBuyGas"/>
  <testcase time="329.656" classname="net.bigpoint.assessment.gasstation.implementation.StationTest" name="testBuyGas"/>
  <testcase time="329.671" classname="net.bigpoint.assessment.gasstation.implementation.StationTest" name="testBuyGas"/>
  <testcase time="330.388" classname="net.bigpoint.assessment.gasstation.implementation.StationTest" name="testBuyGas"/>
  <testcase time="331.289" classname="net.bigpoint.assessment.gasstation.implementation.StationTest" name="testBuyGas"/>
  <testcase time="332.115" classname="net.bigpoint.assessment.gasstation.implementation.StationTest" name="testBuyGas"/>
  <testcase time="332.496" classname="net.bigpoint.assessment.gasstation.implementation.StationTest" name="testBuyGas"/>
  <testcase time="333.155" classname="net.bigpoint.assessment.gasstation.implementation.StationTest" name="testBuyGas"/>
  <testcase time="333.913" classname="net.bigpoint.assessment.gasstation.implementation.StationTest" name="testBuyGas"/>
  <testcase time="334.047" classname="net.bigpoint.assessment.gasstation.implementation.StationTest" name="testBuyGas"/>
  <testcase time="334.075" classname="net.bigpoint.assessment.gasstation.implementation.StationTest" name="testBuyGas"/>
  <testcase time="334.474" classname="net.bigpoint.assessment.gasstation.implementation.StationTest" name="testBuyGas"/>
  <testcase time="335.315" classname="net.bigpoint.assessment.gasstation.implementation.StationTest" name="testBuyGas"/>
  <testcase time="336.184" classname="net.bigpoint.assessment.gasstation.implementation.StationTest" name="testBuyGas"/>
  <testcase time="336.39" classname="net.bigpoint.assessment.gasstation.implementation.StationTest" name="testBuyGas"/>
  <testcase time="337.346" classname="net.bigpoint.assessment.gasstation.implementation.StationTest" name="testBuyGas"/>
  <testcase time="337.574" classname="net.bigpoint.assessment.gasstation.implementation.StationTest" name="testBuyGas"/>
  <testcase time="338.342" classname="net.bigpoint.assessment.gasstation.implementation.StationTest" name="testBuyGas"/>
  <testcase time="338.875" classname="net.bigpoint.assessment.gasstation.implementation.StationTest" name="testBuyGas"/>
  <testcase time="339.261" classname="net.bigpoint.assessment.gasstation.implementation.StationTest" name="testBuyGas"/>
  <testcase time="339.875" classname="net.bigpoint.assessment.gasstation.implementation.StationTest" name="testBuyGas"/>
  <testcase time="340.812" classname="net.bigpoint.assessment.gasstation.implementation.StationTest" name="testBuyGas"/>
  <testcase time="341.223" classname="net.bigpoint.assessment.gasstation.implementation.StationTest" name="testBuyGas"/>
  <testcase time="341.534" classname="net.bigpoint.assessment.gasstation.implementation.StationTest" name="testBuyGas"/>
  <testcase time="342.086" classname="net.bigpoint.assessment.gasstation.implementation.StationTest" name="testBuyGas"/>
  <testcase time="342.972" classname="net.bigpoint.assessment.gasstation.implementation.StationTest" name="testBuyGas"/>
  <testcase time="343.925" classname="net.bigpoint.assessment.gasstation.implementation.StationTest" name="testBuyGas"/>
  <testcase time="343.991" classname="net.bigpoint.assessment.gasstation.implementation.StationTest" name="testBuyGas"/>
  <testcase time="343.995" classname="net.bigpoint.assessment.gasstation.implementation.StationTest" name="testBuyGas"/>
  <testcase time="344.158" classname="net.bigpoint.assessment.gasstation.implementation.StationTest" name="testBuyGas"/>
  <testcase time="344.867" classname="net.bigpoint.assessment.gasstation.implementation.StationTest" name="testBuyGas"/>
  <testcase time="345.176" classname="net.bigpoint.assessment.gasstation.implementation.StationTest" name="testBuyGas"/>
  <testcase time="345.61" classname="net.bigpoint.assessment.gasstation.implementation.StationTest" name="testBuyGas"/>
  <testcase time="346.122" classname="net.bigpoint.assessment.gasstation.implementation.StationTest" name="testBuyGas"/>
  <testcase time="346.48" classname="net.bigpoint.assessment.gasstation.implementation.StationTest" name="testBuyGas"/>
  <testcase time="346.584" classname="net.bigpoint.assessment.gasstation.implementation.StationTest" name="testBuyGas"/>
  <testcase time="347.025" classname="net.bigpoint.assessment.gasstation.implementation.StationTest" name="testBuyGas"/>
  <testcase time="347.058" classname="net.bigpoint.assessment.gasstation.implementation.StationTest" name="testBuyGas"/>
  <testcase time="347.183" classname="net.bigpoint.assessment.gasstation.implementation.StationTest" name="testBuyGas"/>
  <testcase time="348.003" classname="net.bigpoint.assessment.gasstation.implementation.StationTest" name="testBuyGas"/>
  <testcase time="348.115" classname="net.bigpoint.assessment.gasstation.implementation.StationTest" name="testBuyGas"/>
  <testcase time="348.476" classname="net.bigpoint.assessment.gasstation.implementation.StationTest" name="testBuyGas"/>
  <testcase time="349.186" classname="net.bigpoint.assessment.gasstation.implementation.StationTest" name="testBuyGas"/>
  <testcase time="350.068" classname="net.bigpoint.assessment.gasstation.implementation.StationTest" name="testBuyGas"/>
  <testcase time="350.881" classname="net.bigpoint.assessment.gasstation.implementation.StationTest" name="testBuyGas"/>
  <testcase time="351.342" classname="net.bigpoint.assessment.gasstation.implementation.StationTest" name="testBuyGas"/>
  <testcase time="351.518" classname="net.bigpoint.assessment.gasstation.implementation.StationTest" name="testBuyGas"/>
  <testcase time="352.089" classname="net.bigpoint.assessment.gasstation.implementation.StationTest" name="testBuyGas"/>
  <testcase time="352.387" classname="net.bigpoint.assessment.gasstation.implementation.StationTest" name="testBuyGas"/>
  <testcase time="353.003" classname="net.bigpoint.assessment.gasstation.implementation.StationTest" name="testBuyGas"/>
  <testcase time="353.898" classname="net.bigpoint.assessment.gasstation.implementation.StationTest" name="testBuyGas"/>
  <testcase time="354.704" classname="net.bigpoint.assessment.gasstation.implementation.StationTest" name="testBuyGas"/>
  <testcase time="355.335" classname="net.bigpoint.assessment.gasstation.implementation.StationTest" name="testBuyGas"/>
  <testcase time="355.968" classname="net.bigpoint.assessment.gasstation.implementation.StationTest" name="testBuyGas"/>
  <testcase time="356.021" classname="net.bigpoint.assessment.gasstation.implementation.StationTest" name="testBuyGas"/>
  <testcase time="356.395" classname="net.bigpoint.assessment.gasstation.implementation.StationTest" name="testBuyGas"/>
  <testcase time="357.099" classname="net.bigpoint.assessment.gasstation.implementation.StationTest" name="testBuyGas"/>
  <testcase time="357.445" classname="net.bigpoint.assessment.gasstation.implementation.StationTest" name="testBuyGas"/>
  <testcase time="358.19" classname="net.bigpoint.assessment.gasstation.implementation.StationTest" name="testBuyGas"/>
  <testcase time="359.115" classname="net.bigpoint.assessment.gasstation.implementation.StationTest" name="testBuyGas"/>
  <testcase time="359.382" classname="net.bigpoint.assessment.gasstation.implementation.StationTest" name="testBuyGas"/>
  <testcase time="360.071" classname="net.bigpoint.assessment.gasstation.implementation.StationTest" name="testBuyGas"/>
  <testcase time="360.753" classname="net.bigpoint.assessment.gasstation.implementation.StationTest" name="testBuyGas"/>
  <testcase time="361.531" classname="net.bigpoint.assessment.gasstation.implementation.StationTest" name="testBuyGas"/>
  <testcase time="361.69" classname="net.bigpoint.assessment.gasstation.implementation.StationTest" name="testBuyGas"/>
  <testcase time="362.516" classname="net.bigpoint.assessment.gasstation.implementation.StationTest" name="testBuyGas"/>
  <testcase time="362.823" classname="net.bigpoint.assessment.gasstation.implementation.StationTest" name="testBuyGas"/>
  <testcase time="362.887" classname="net.bigpoint.assessment.gasstation.implementation.StationTest" name="testBuyGas"/>
  <testcase time="363.86" classname="net.bigpoint.assessment.gasstation.implementation.StationTest" name="testBuyGas"/>
  <testcase time="364.53" classname="net.bigpoint.assessment.gasstation.implementation.StationTest" name="testBuyGas"/>
  <testcase time="365.117" classname="net.bigpoint.assessment.gasstation.implementation.StationTest" name="testBuyGas"/>
  <testcase time="365.353" classname="net.bigpoint.assessment.gasstation.implementation.StationTest" name="testBuyGas"/>
  <testcase time="365.858" classname="net.bigpoint.assessment.gasstation.implementation.StationTest" name="testBuyGas"/>
  <testcase time="366.743" classname="net.bigpoint.assessment.gasstation.implementation.StationTest" name="testBuyGas"/>
  <testcase time="367.111" classname="net.bigpoint.assessment.gasstation.implementation.StationTest" name="testBuyGas"/>
  <testcase time="367.523" classname="net.bigpoint.assessment.gasstation.implementation.StationTest" name="testBuyGas"/>
  <testcase time="368.515" classname="net.bigpoint.assessment.gasstation.implementation.StationTest" name="testBuyGas"/>
  <testcase time="368.791" classname="net.bigpoint.assessment.gasstation.implementation.StationTest" name="testBuyGas"/>
  <testcase time="369.087" classname="net.bigpoint.assessment.gasstation.implementation.StationTest" name="testBuyGas"/>
  <testcase time="369.795" classname="net.bigpoint.assessment.gasstation.implementation.StationTest" name="testBuyGas"/>
  <testcase time="370.145" classname="net.bigpoint.assessment.gasstation.implementation.StationTest" name="testBuyGas"/>
  <testcase time="370.386" classname="net.bigpoint.assessment.gasstation.implementation.StationTest" name="testBuyGas"/>
  <testcase time="370.724" classname="net.bigpoint.assessment.gasstation.implementation.StationTest" name="testBuyGas"/>
  <testcase time="371.163" classname="net.bigpoint.assessment.gasstation.implementation.StationTest" name="testBuyGas"/>
  <testcase time="371.465" classname="net.bigpoint.assessment.gasstation.implementation.StationTest" name="testBuyGas"/>
  <testcase time="371.605" classname="net.bigpoint.assessment.gasstation.implementation.StationTest" name="testBuyGas"/>
  <testcase time="372.023" classname="net.bigpoint.assessment.gasstation.implementation.StationTest" name="testBuyGas"/>
  <testcase time="372.51" classname="net.bigpoint.assessment.gasstation.implementation.StationTest" name="testBuyGas"/>
  <testcase time="372.716" classname="net.bigpoint.assessment.gasstation.implementation.StationTest" name="testBuyGas"/>
  <testcase time="372.953" classname="net.bigpoint.assessment.gasstation.implementation.StationTest" name="testBuyGas"/>
  <testcase time="373.307" classname="net.bigpoint.assessment.gasstation.implementation.StationTest" name="testBuyGas"/>
  <testcase time="373.746" classname="net.bigpoint.assessment.gasstation.implementation.StationTest" name="testBuyGas"/>
  <testcase time="374.723" classname="net.bigpoint.assessment.gasstation.implementation.StationTest" name="testBuyGas"/>
  <testcase time="375.13" classname="net.bigpoint.assessment.gasstation.implementation.StationTest" name="testBuyGas"/>
  <testcase time="375.754" classname="net.bigpoint.assessment.gasstation.implementation.StationTest" name="testBuyGas"/>
  <testcase time="376.657" classname="net.bigpoint.assessment.gasstation.implementation.StationTest" name="testBuyGas"/>
  <testcase time="377.144" classname="net.bigpoint.assessment.gasstation.implementation.StationTest" name="testBuyGas"/>
  <testcase time="377.881" classname="net.bigpoint.assessment.gasstation.implementation.StationTest" name="testBuyGas"/>
  <testcase time="378.667" classname="net.bigpoint.assessment.gasstation.implementation.StationTest" name="testBuyGas"/>
  <testcase time="378.721" classname="net.bigpoint.assessment.gasstation.implementation.StationTest" name="testBuyGas"/>
  <testcase time="379.123" classname="net.bigpoint.assessment.gasstation.implementation.StationTest" name="testBuyGas"/>
  <testcase time="379.727" classname="net.bigpoint.assessment.gasstation.implementation.StationTest" name="testBuyGas"/>
  <testcase time="379.777" classname="net.bigpoint.assessment.gasstation.implementation.StationTest" name="testBuyGas"/>
  <testcase time="380.499" classname="net.bigpoint.assessment.gasstation.implementation.StationTest" name="testBuyGas"/>
  <testcase time="380.503" classname="net.bigpoint.assessment.gasstation.implementation.StationTest" name="testBuyGas"/>
  <testcase time="381.162" classname="net.bigpoint.assessment.gasstation.implementation.StationTest" name="testBuyGas"/>
  <testcase time="381.908" classname="net.bigpoint.assessment.gasstation.implementation.StationTest" name="testBuyGas"/>
  <testcase time="382.6" classname="net.bigpoint.assessment.gasstation.implementation.StationTest" name="testBuyGas"/>
  <testcase time="383.365" classname="net.bigpoint.assessment.gasstation.implementation.StationTest" name="testBuyGas"/>
  <testcase time="384.265" classname="net.bigpoint.assessment.gasstation.implementation.StationTest" name="testBuyGas"/>
  <testcase time="385.154" classname="net.bigpoint.assessment.gasstation.implementation.StationTest" name="testBuyGas"/>
  <testcase time="385.406" classname="net.bigpoint.assessment.gasstation.implementation.StationTest" name="testBuyGas"/>
  <testcase time="385.551" classname="net.bigpoint.assessment.gasstation.implementation.StationTest" name="testBuyGas"/>
  <testcase time="385.596" classname="net.bigpoint.assessment.gasstation.implementation.StationTest" name="testBuyGas"/>
  <testcase time="385.742" classname="net.bigpoint.assessment.gasstation.implementation.StationTest" name="testBuyGas"/>
  <testcase time="385.827" classname="net.bigpoint.assessment.gasstation.implementation.StationTest" name="testBuyGas"/>
  <testcase time="386.38" classname="net.bigpoint.assessment.gasstation.implementation.StationTest" name="testBuyGas"/>
  <testcase time="386.703" classname="net.bigpoint.assessment.gasstation.implementation.StationTest" name="testBuyGas"/>
  <testcase time="386.942" classname="net.bigpoint.assessment.gasstation.implementation.StationTest" name="testBuyGas"/>
  <testcase time="387.02" classname="net.bigpoint.assessment.gasstation.implementation.StationTest" name="testBuyGas"/>
  <testcase time="387.072" classname="net.bigpoint.assessment.gasstation.implementation.StationTest" name="testBuyGas"/>
  <testcase time="387.736" classname="net.bigpoint.assessment.gasstation.implementation.StationTest" name="testBuyGas"/>
  <testcase time="388.169" classname="net.bigpoint.assessment.gasstation.implementation.StationTest" name="testBuyGas"/>
  <testcase time="388.703" classname="net.bigpoint.assessment.gasstation.implementation.StationTest" name="testBuyGas"/>
  <testcase time="389.312" classname="net.bigpoint.assessment.gasstation.implementation.StationTest" name="testBuyGas"/>
  <testcase time="389.627" classname="net.bigpoint.assessment.gasstation.implementation.StationTest" name="testBuyGas"/>
  <testcase time="390.061" classname="net.bigpoint.assessment.gasstation.implementation.StationTest" name="testBuyGas"/>
  <testcase time="390.79" classname="net.bigpoint.assessment.gasstation.implementation.StationTest" name="testBuyGas"/>
  <testcase time="391.154" classname="net.bigpoint.assessment.gasstation.implementation.StationTest" name="testBuyGas"/>
  <testcase time="391.863" classname="net.bigpoint.assessment.gasstation.implementation.StationTest" name="testBuyGas"/>
  <testcase time="391.926" classname="net.bigpoint.assessment.gasstation.implementation.StationTest" name="testBuyGas"/>
  <testcase time="392.372" classname="net.bigpoint.assessment.gasstation.implementation.StationTest" name="testBuyGas"/>
  <testcase time="392.46" classname="net.bigpoint.assessment.gasstation.implementation.StationTest" name="testBuyGas"/>
  <testcase time="393.036" classname="net.bigpoint.assessment.gasstation.implementation.StationTest" name="testBuyGas"/>
  <testcase time="393.582" classname="net.bigpoint.assessment.gasstation.implementation.StationTest" name="testBuyGas"/>
  <testcase time="394.088" classname="net.bigpoint.assessment.gasstation.implementation.StationTest" name="testBuyGas"/>
  <testcase time="394.825" classname="net.bigpoint.assessment.gasstation.implementation.StationTest" name="testBuyGas"/>
  <testcase time="395.118" classname="net.bigpoint.assessment.gasstation.implementation.StationTest" name="testBuyGas"/>
  <testcase time="395.535" classname="net.bigpoint.assessment.gasstation.implementation.StationTest" name="testBuyGas"/>
  <testcase time="395.77" classname="net.bigpoint.assessment.gasstation.implementation.StationTest" name="testBuyGas"/>
  <testcase time="395.954" classname="net.bigpoint.assessment.gasstation.implementation.StationTest" name="testBuyGas"/>
  <testcase time="395.964" classname="net.bigpoint.assessment.gasstation.implementation.StationTest" name="testBuyGas"/>
  <testcase time="396.251" classname="net.bigpoint.assessment.gasstation.implementation.StationTest" name="testBuyGas"/>
  <testcase time="397.193" classname="net.bigpoint.assessment.gasstation.implementation.StationTest" name="testBuyGas"/>
  <testcase time="397.765" classname="net.bigpoint.assessment.gasstation.implementation.StationTest" name="testBuyGas"/>
  <testcase time="398.498" classname="net.bigpoint.assessment.gasstation.implementation.StationTest" name="testBuyGas"/>
  <testcase time="398.971" classname="net.bigpoint.assessment.gasstation.implementation.StationTest" name="testBuyGas"/>
  <testcase time="399.755" classname="net.bigpoint.assessment.gasstation.implementation.StationTest" name="testBuyGas"/>
  <testcase time="400.326" classname="net.bigpoint.assessment.gasstation.implementation.StationTest" name="testBuyGas"/>
  <testcase time="400.998" classname="net.bigpoint.assessment.gasstation.implementation.StationTest" name="testBuyGas"/>
  <testcase time="401.36" classname="net.bigpoint.assessment.gasstation.implementation.StationTest" name="testBuyGas"/>
  <testcase time="401.547" classname="net.bigpoint.assessment.gasstation.implementation.StationTest" name="testBuyGas"/>
  <testcase time="401.726" classname="net.bigpoint.assessment.gasstation.implementation.StationTest" name="testBuyGas"/>
  <testcase time="401.784" classname="net.bigpoint.assessment.gasstation.implementation.StationTest" name="testBuyGas"/>
  <testcase time="402.567" classname="net.bigpoint.assessment.gasstation.implementation.StationTest" name="testBuyGas"/>
  <testcase time="402.966" classname="net.bigpoint.assessment.gasstation.implementation.StationTest" name="testBuyGas"/>
  <testcase time="403.163" classname="net.bigpoint.assessment.gasstation.implementation.StationTest" name="testBuyGas"/>
  <testcase time="403.686" classname="net.bigpoint.assessment.gasstation.implementation.StationTest" name="testBuyGas"/>
  <testcase time="404.048" classname="net.bigpoint.assessment.gasstation.implementation.StationTest" name="testBuyGas"/>
  <testcase time="405.022" classname="net.bigpoint.assessment.gasstation.implementation.StationTest" name="testBuyGas"/>
  <testcase time="405.147" classname="net.bigpoint.assessment.gasstation.implementation.StationTest" name="testBuyGas"/>
  <testcase time="406.006" classname="net.bigpoint.assessment.gasstation.implementation.StationTest" name="testBuyGas"/>
  <testcase time="406.94" classname="net.bigpoint.assessment.gasstation.implementation.StationTest" name="testBuyGas"/>
  <testcase time="407.919" classname="net.bigpoint.assessment.gasstation.implementation.StationTest" name="testBuyGas"/>
  <testcase time="408.24" classname="net.bigpoint.assessment.gasstation.implementation.StationTest" name="testBuyGas"/>
  <testcase time="408.295" classname="net.bigpoint.assessment.gasstation.implementation.StationTest" name="testBuyGas"/>
  <testcase time="408.341" classname="net.bigpoint.assessment.gasstation.implementation.StationTest" name="testBuyGas"/>
  <testcase time="408.396" classname="net.bigpoint.assessment.gasstation.implementation.StationTest" name="testBuyGas"/>
  <testcase time="408.44" classname="net.bigpoint.assessment.gasstation.implementation.StationTest" name="testBuyGas"/>
  <testcase time="408.583" classname="net.bigpoint.assessment.gasstation.implementation.StationTest" name="testBuyGas"/>
  <testcase time="409.494" classname="net.bigpoint.assessment.gasstation.implementation.StationTest" name="testBuyGas"/>
  <testcase time="409.499" classname="net.bigpoint.assessment.gasstation.implementation.StationTest" name="testBuyGas"/>
  <testcase time="410.167" classname="net.bigpoint.assessment.gasstation.implementation.StationTest" name="testBuyGas"/>
  <testcase time="411.097" classname="net.bigpoint.assessment.gasstation.implementation.StationTest" name="testBuyGas"/>
  <testcase time="411.769" classname="net.bigpoint.assessment.gasstation.implementation.StationTest" name="testBuyGas"/>
  <testcase time="412.441" classname="net.bigpoint.assessment.gasstation.implementation.StationTest" name="testBuyGas"/>
  <testcase time="412.937" classname="net.bigpoint.assessment.gasstation.implementation.StationTest" name="testBuyGas"/>
  <testcase time="413.079" classname="net.bigpoint.assessment.gasstation.implementation.StationTest" name="testBuyGas"/>
  <testcase time="413.657" classname="net.bigpoint.assessment.gasstation.implementation.StationTest" name="testBuyGas"/>
  <testcase time="413.881" classname="net.bigpoint.assessment.gasstation.implementation.StationTest" name="testBuyGas"/>
  <testcase time="413.886" classname="net.bigpoint.assessment.gasstation.implementation.StationTest" name="testBuyGas"/>
  <testcase time="414.024" classname="net.bigpoint.assessment.gasstation.implementation.StationTest" name="testBuyGas"/>
  <testcase time="414.569" classname="net.bigpoint.assessment.gasstation.implementation.StationTest" name="testBuyGas"/>
  <testcase time="414.966" classname="net.bigpoint.assessment.gasstation.implementation.StationTest" name="testBuyGas"/>
  <testcase time="415.865" classname="net.bigpoint.assessment.gasstation.implementation.StationTest" name="testBuyGas"/>
  <testcase time="416.312" classname="net.bigpoint.assessment.gasstation.implementation.StationTest" name="testBuyGas"/>
  <testcase time="416.962" classname="net.bigpoint.assessment.gasstation.implementation.StationTest" name="testBuyGas"/>
  <testcase time="417.954" classname="net.bigpoint.assessment.gasstation.implementation.StationTest" name="testBuyGas"/>
  <testcase time="418.713" classname="net.bigpoint.assessment.gasstation.implementation.StationTest" name="testBuyGas"/>
  <testcase time="419.452" classname="net.bigpoint.assessment.gasstation.implementation.StationTest" name="testBuyGas"/>
  <testcase time="420.391" classname="net.bigpoint.assessment.gasstation.implementation.StationTest" name="testBuyGas"/>
  <testcase time="421.355" classname="net.bigpoint.assessment.gasstation.implementation.StationTest" name="testBuyGas"/>
  <testcase time="422.312" classname="net.bigpoint.assessment.gasstation.implementation.StationTest" name="testBuyGas"/>
  <testcase time="422.581" classname="net.bigpoint.assessment.gasstation.implementation.StationTest" name="testBuyGas"/>
  <testcase time="423.58" classname="net.bigpoint.assessment.gasstation.implementation.StationTest" name="testBuyGas"/>
  <testcase time="423.845" classname="net.bigpoint.assessment.gasstation.implementation.StationTest" name="testBuyGas"/>
  <testcase time="424.164" classname="net.bigpoint.assessment.gasstation.implementation.StationTest" name="testBuyGas"/>
  <testcase time="424.422" classname="net.bigpoint.assessment.gasstation.implementation.StationTest" name="testBuyGas"/>
  <testcase time="424.934" classname="net.bigpoint.assessment.gasstation.implementation.StationTest" name="testBuyGas"/>
  <testcase time="425.363" classname="net.bigpoint.assessment.gasstation.implementation.StationTest" name="testBuyGas"/>
  <testcase time="425.435" classname="net.bigpoint.assessment.gasstation.implementation.StationTest" name="testBuyGas"/>
  <testcase time="425.504" classname="net.bigpoint.assessment.gasstation.implementation.StationTest" name="testBuyGas"/>
  <testcase time="425.973" classname="net.bigpoint.assessment.gasstation.implementation.StationTest" name="testBuyGas"/>
  <testcase time="426.694" classname="net.bigpoint.assessment.gasstation.implementation.StationTest" name="testBuyGas"/>
  <testcase time="427.158" classname="net.bigpoint.assessment.gasstation.implementation.StationTest" name="testBuyGas"/>
  <testcase time="427.754" classname="net.bigpoint.assessment.gasstation.implementation.StationTest" name="testBuyGas"/>
  <testcase time="428.44" classname="net.bigpoint.assessment.gasstation.implementation.StationTest" name="testBuyGas"/>
  <testcase time="429.044" classname="net.bigpoint.assessment.gasstation.implementation.StationTest" name="testBuyGas"/>
  <testcase time="429.554" classname="net.bigpoint.assessment.gasstation.implementation.StationTest" name="testBuyGas"/>
  <testcase time="429.786" classname="net.bigpoint.assessment.gasstation.implementation.StationTest" name="testBuyGas"/>
  <testcase time="429.969" classname="net.bigpoint.assessment.gasstation.implementation.StationTest" name="testBuyGas"/>
  <testcase time="430.133" classname="net.bigpoint.assessment.gasstation.implementation.StationTest" name="testBuyGas"/>
  <testcase time="430.15" classname="net.bigpoint.assessment.gasstation.implementation.StationTest" name="testBuyGas"/>
  <testcase time="430.652" classname="net.bigpoint.assessment.gasstation.implementation.StationTest" name="testBuyGas"/>
  <testcase time="430.668" classname="net.bigpoint.assessment.gasstation.implementation.StationTest" name="testBuyGas"/>
  <testcase time="430.849" classname="net.bigpoint.assessment.gasstation.implementation.StationTest" name="testBuyGas"/>
  <testcase time="430.979" classname="net.bigpoint.assessment.gasstation.implementation.StationTest" name="testBuyGas"/>
  <testcase time="431.5" classname="net.bigpoint.assessment.gasstation.implementation.StationTest" name="testBuyGas"/>
  <testcase time="432.36" classname="net.bigpoint.assessment.gasstation.implementation.StationTest" name="testBuyGas"/>
  <testcase time="433.081" classname="net.bigpoint.assessment.gasstation.implementation.StationTest" name="testBuyGas"/>
  <testcase time="433.505" classname="net.bigpoint.assessment.gasstation.implementation.StationTest" name="testBuyGas"/>
  <testcase time="433.676" classname="net.bigpoint.assessment.gasstation.implementation.StationTest" name="testBuyGas"/>
  <testcase time="433.701" classname="net.bigpoint.assessment.gasstation.implementation.StationTest" name="testBuyGas"/>
  <testcase time="434.077" classname="net.bigpoint.assessment.gasstation.implementation.StationTest" name="testBuyGas"/>
  <testcase time="434.136" classname="net.bigpoint.assessment.gasstation.implementation.StationTest" name="testBuyGas"/>
  <testcase time="434.844" classname="net.bigpoint.assessment.gasstation.implementation.StationTest" name="testBuyGas"/>
  <testcase time="435.2" classname="net.bigpoint.assessment.gasstation.implementation.StationTest" name="testBuyGas"/>
  <testcase time="435.239" classname="net.bigpoint.assessment.gasstation.implementation.StationTest" name="testBuyGas"/>
  <testcase time="436.124" classname="net.bigpoint.assessment.gasstation.implementation.StationTest" name="testBuyGas"/>
  <testcase time="436.303" classname="net.bigpoint.assessment.gasstation.implementation.StationTest" name="testBuyGas"/>
  <testcase time="436.338" classname="net.bigpoint.assessment.gasstation.implementation.StationTest" name="testBuyGas"/>
  <testcase time="436.705" classname="net.bigpoint.assessment.gasstation.implementation.StationTest" name="testBuyGas"/>
  <testcase time="436.967" classname="net.bigpoint.assessment.gasstation.implementation.StationTest" name="testBuyGas"/>
  <testcase time="437.576" classname="net.bigpoint.assessment.gasstation.implementation.StationTest" name="testBuyGas"/>
  <testcase time="438.302" classname="net.bigpoint.assessment.gasstation.implementation.StationTest" name="testBuyGas"/>
  <testcase time="439.006" classname="net.bigpoint.assessment.gasstation.implementation.StationTest" name="testBuyGas"/>
  <testcase time="439.766" classname="net.bigpoint.assessment.gasstation.implementation.StationTest" name="testBuyGas"/>
  <testcase time="440.456" classname="net.bigpoint.assessment.gasstation.implementation.StationTest" name="testBuyGas"/>
  <testcase time="441.051" classname="net.bigpoint.assessment.gasstation.implementation.StationTest" name="testBuyGas"/>
  <testcase time="441.791" classname="net.bigpoint.assessment.gasstation.implementation.StationTest" name="testBuyGas"/>
  <testcase time="441.978" classname="net.bigpoint.assessment.gasstation.implementation.StationTest" name="testBuyGas"/>
  <testcase time="442.746" classname="net.bigpoint.assessment.gasstation.implementation.StationTest" name="testBuyGas"/>
  <testcase time="443.674" classname="net.bigpoint.assessment.gasstation.implementation.StationTest" name="testBuyGas"/>
  <testcase time="443.872" classname="net.bigpoint.assessment.gasstation.implementation.StationTest" name="testBuyGas"/>
  <testcase time="444.115" classname="net.bigpoint.assessment.gasstation.implementation.StationTest" name="testBuyGas"/>
  <testcase time="444.133" classname="net.bigpoint.assessment.gasstation.implementation.StationTest" name="testBuyGas"/>
  <testcase time="444.655" classname="net.bigpoint.assessment.gasstation.implementation.StationTest" name="testBuyGas"/>
  <testcase time="445.063" classname="net.bigpoint.assessment.gasstation.implementation.StationTest" name="testBuyGas"/>
  <testcase time="445.816" classname="net.bigpoint.assessment.gasstation.implementation.StationTest" name="testBuyGas"/>
  <testcase time="446.569" classname="net.bigpoint.assessment.gasstation.implementation.StationTest" name="testBuyGas"/>
  <testcase time="446.651" classname="net.bigpoint.assessment.gasstation.implementation.StationTest" name="testBuyGas"/>
  <testcase time="447.305" classname="net.bigpoint.assessment.gasstation.implementation.StationTest" name="testBuyGas"/>
  <testcase time="447.852" classname="net.bigpoint.assessment.gasstation.implementation.StationTest" name="testBuyGas"/>
  <testcase time="447.925" classname="net.bigpoint.assessment.gasstation.implementation.StationTest" name="testBuyGas"/>
  <testcase time="448.204" classname="net.bigpoint.assessment.gasstation.implementation.StationTest" name="testBuyGas"/>
  <testcase time="448.794" classname="net.bigpoint.assessment.gasstation.implementation.StationTest" name="testBuyGas"/>
  <testcase time="449.022" classname="net.bigpoint.assessment.gasstation.implementation.StationTest" name="testBuyGas"/>
  <testcase time="449.536" classname="net.bigpoint.assessment.gasstation.implementation.StationTest" name="testBuyGas"/>
  <testcase time="450.32" classname="net.bigpoint.assessment.gasstation.implementation.StationTest" name="testBuyGas"/>
  <testcase time="451.239" classname="net.bigpoint.assessment.gasstation.implementation.StationTest" name="testBuyGas"/>
  <testcase time="451.544" classname="net.bigpoint.assessment.gasstation.implementation.StationTest" name="testBuyGas"/>
  <testcase time="452.534" classname="net.bigpoint.assessment.gasstation.implementation.StationTest" name="testBuyGas"/>
  <testcase time="453.311" classname="net.bigpoint.assessment.gasstation.implementation.StationTest" name="testBuyGas"/>
  <testcase time="454.017" classname="net.bigpoint.assessment.gasstation.implementation.StationTest" name="testBuyGas"/>
  <testcase time="454.377" classname="net.bigpoint.assessment.gasstation.implementation.StationTest" name="testBuyGas"/>
  <testcase time="454.801" classname="net.bigpoint.assessment.gasstation.implementation.StationTest" name="testBuyGas"/>
  <testcase time="455.327" classname="net.bigpoint.assessment.gasstation.implementation.StationTest" name="testBuyGas"/>
  <testcase time="456.324" classname="net.bigpoint.assessment.gasstation.implementation.StationTest" name="testBuyGas"/>
  <testcase time="457.081" classname="net.bigpoint.assessment.gasstation.implementation.StationTest" name="testBuyGas"/>
  <testcase time="457.605" classname="net.bigpoint.assessment.gasstation.implementation.StationTest" name="testBuyGas"/>
  <testcase time="458.54" classname="net.bigpoint.assessment.gasstation.implementation.StationTest" name="testBuyGas"/>
  <testcase time="459.002" classname="net.bigpoint.assessment.gasstation.implementation.StationTest" name="testBuyGas"/>
  <testcase time="459.187" classname="net.bigpoint.assessment.gasstation.implementation.StationTest" name="testBuyGas"/>
  <testcase time="459.686" classname="net.bigpoint.assessment.gasstation.implementation.StationTest" name="testBuyGas"/>
  <testcase time="460.111" classname="net.bigpoint.assessment.gasstation.implementation.StationTest" name="testBuyGas"/>
  <testcase time="460.657" classname="net.bigpoint.assessment.gasstation.implementation.StationTest" name="testBuyGas"/>
  <testcase time="461.543" classname="net.bigpoint.assessment.gasstation.implementation.StationTest" name="testBuyGas"/>
  <testcase time="461.836" classname="net.bigpoint.assessment.gasstation.implementation.StationTest" name="testBuyGas"/>
  <testcase time="462.338" classname="net.bigpoint.assessment.gasstation.implementation.StationTest" name="testBuyGas"/>
  <testcase time="462.585" classname="net.bigpoint.assessment.gasstation.implementation.StationTest" name="testBuyGas"/>
  <testcase time="463.456" classname="net.bigpoint.assessment.gasstation.implementation.StationTest" name="testBuyGas"/>
  <testcase time="463.562" classname="net.bigpoint.assessment.gasstation.implementation.StationTest" name="testBuyGas"/>
  <testcase time="463.924" classname="net.bigpoint.assessment.gasstation.implementation.StationTest" name="testBuyGas"/>
  <testcase time="464.841" classname="net.bigpoint.assessment.gasstation.implementation.StationTest" name="testBuyGas"/>
  <testcase time="465.118" classname="net.bigpoint.assessment.gasstation.implementation.StationTest" name="testBuyGas"/>
  <testcase time="465.273" classname="net.bigpoint.assessment.gasstation.implementation.StationTest" name="testBuyGas"/>
  <testcase time="466.155" classname="net.bigpoint.assessment.gasstation.implementation.StationTest" name="testBuyGas"/>
  <testcase time="466.484" classname="net.bigpoint.assessment.gasstation.implementation.StationTest" name="testBuyGas"/>
  <testcase time="466.728" classname="net.bigpoint.assessment.gasstation.implementation.StationTest" name="testBuyGas"/>
  <testcase time="467.371" classname="net.bigpoint.assessment.gasstation.implementation.StationTest" name="testBuyGas"/>
  <testcase time="467.657" classname="net.bigpoint.assessment.gasstation.implementation.StationTest" name="testBuyGas"/>
  <testcase time="468.548" classname="net.bigpoint.assessment.gasstation.implementation.StationTest" name="testBuyGas"/>
  <testcase time="468.594" classname="net.bigpoint.assessment.gasstation.implementation.StationTest" name="testBuyGas"/>
  <testcase time="469.367" classname="net.bigpoint.assessment.gasstation.implementation.StationTest" name="testBuyGas"/>
  <testcase time="469.479" classname="net.bigpoint.assessment.gasstation.implementation.StationTest" name="testBuyGas"/>
  <testcase time="469.503" classname="net.bigpoint.assessment.gasstation.implementation.StationTest" name="testBuyGas"/>
  <testcase time="470.261" classname="net.bigpoint.assessment.gasstation.implementation.StationTest" name="testBuyGas"/>
  <testcase time="471.254" classname="net.bigpoint.assessment.gasstation.implementation.StationTest" name="testBuyGas"/>
  <testcase time="472.205" classname="net.bigpoint.assessment.gasstation.implementation.StationTest" name="testBuyGas"/>
  <testcase time="472.75" classname="net.bigpoint.assessment.gasstation.implementation.StationTest" name="testBuyGas"/>
  <testcase time="472.928" classname="net.bigpoint.assessment.gasstation.implementation.StationTest" name="testBuyGas"/>
  <testcase time="473.525" classname="net.bigpoint.assessment.gasstation.implementation.StationTest" name="testBuyGas"/>
  <testcase time="473.544" classname="net.bigpoint.assessment.gasstation.implementation.StationTest" name="testBuyGas"/>
  <testcase time="473.868" classname="net.bigpoint.assessment.gasstation.implementation.StationTest" name="testBuyGas"/>
  <testcase time="473.96" classname="net.bigpoint.assessment.gasstation.implementation.StationTest" name="testBuyGas"/>
  <testcase time="474.045" classname="net.bigpoint.assessment.gasstation.implementation.StationTest" name="testBuyGas"/>
  <testcase time="474.16" classname="net.bigpoint.assessment.gasstation.implementation.StationTest" name="testBuyGas"/>
  <testcase time="474.69" classname="net.bigpoint.assessment.gasstation.implementation.StationTest" name="testBuyGas"/>
  <testcase time="474.981" classname="net.bigpoint.assessment.gasstation.implementation.StationTest" name="testBuyGas"/>
  <testcase time="475.222" classname="net.bigpoint.assessment.gasstation.implementation.StationTest" name="testBuyGas"/>
  <testcase time="475.893" classname="net.bigpoint.assessment.gasstation.implementation.StationTest" name="testBuyGas"/>
  <testcase time="476.325" classname="net.bigpoint.assessment.gasstation.implementation.StationTest" name="testBuyGas"/>
  <testcase time="476.682" classname="net.bigpoint.assessment.gasstation.implementation.StationTest" name="testBuyGas"/>
  <testcase time="476.928" classname="net.bigpoint.assessment.gasstation.implementation.StationTest" name="testBuyGas"/>
  <testcase time="477.763" classname="net.bigpoint.assessment.gasstation.implementation.StationTest" name="testBuyGas"/>
  <testcase time="478.73" classname="net.bigpoint.assessment.gasstation.implementation.StationTest" name="testBuyGas"/>
  <testcase time="478.954" classname="net.bigpoint.assessment.gasstation.implementation.StationTest" name="testBuyGas"/>
  <testcase time="479.261" classname="net.bigpoint.assessment.gasstation.implementation.StationTest" name="testBuyGas"/>
  <testcase time="479.419" classname="net.bigpoint.assessment.gasstation.implementation.StationTest" name="testBuyGas"/>
  <testcase time="479.525" classname="net.bigpoint.assessment.gasstation.implementation.StationTest" name="testBuyGas"/>
  <testcase time="479.64" classname="net.bigpoint.assessment.gasstation.implementation.StationTest" name="testBuyGas"/>
  <testcase time="479.694" classname="net.bigpoint.assessment.gasstation.implementation.StationTest" name="testBuyGas"/>
  <testcase time="479.745" classname="net.bigpoint.assessment.gasstation.implementation.StationTest" name="testBuyGas"/>
  <testcase time="480.54" classname="net.bigpoint.assessment.gasstation.implementation.StationTest" name="testBuyGas"/>
  <testcase time="481.437" classname="net.bigpoint.assessment.gasstation.implementation.StationTest" name="testBuyGas"/>
  <testcase time="482.251" classname="net.bigpoint.assessment.gasstation.implementation.StationTest" name="testBuyGas"/>
  <testcase time="482.857" classname="net.bigpoint.assessment.gasstation.implementation.StationTest" name="testBuyGas"/>
  <testcase time="483.012" classname="net.bigpoint.assessment.gasstation.implementation.StationTest" name="testBuyGas"/>
  <testcase time="483.41" classname="net.bigpoint.assessment.gasstation.implementation.StationTest" name="testBuyGas"/>
  <testcase time="484.073" classname="net.bigpoint.assessment.gasstation.implementation.StationTest" name="testBuyGas"/>
  <testcase time="484.995" classname="net.bigpoint.assessment.gasstation.implementation.StationTest" name="testBuyGas"/>
  <testcase time="0.002" classname="net.bigpoint.assessment.gasstation.implementation.StationTest" name="testBuyGasDepleted"/>
  <testcase time="0.004" classname="net.bigpoint.assessment.gasstation.implementation.StationTest" name="testBuyGasDepleted"/>
  <testcase time="0.001" classname="net.bigpoint.assessment.gasstation.implementation.StationTest" name="testBuyGasDepleted"/>
  <testcase time="0.001" classname="net.bigpoint.assessment.gasstation.implementation.StationTest" name="testBuyGasDepleted"/>
  <testcase time="0.002" classname="net.bigpoint.assessment.gasstation.implementation.StationTest" name="testBuyGasDepleted"/>
  <testcase time="0.003" classname="net.bigpoint.assessment.gasstation.implementation.StationTest" name="testBuyGasDepleted"/>
  <testcase time="0.003" classname="net.bigpoint.assessment.gasstation.implementation.StationTest" name="testBuyGasDepleted"/>
  <testcase time="0.005" classname="net.bigpoint.assessment.gasstation.implementation.StationTest" name="testBuyGasDepleted"/>
  <testcase time="0.005" classname="net.bigpoint.assessment.gasstation.implementation.StationTest" name="testBuyGasDepleted"/>
  <testcase time="0.001" classname="net.bigpoint.assessment.gasstation.implementation.StationTest" name="testBuyGasDepleted"/>
  <testcase time="0.003" classname="net.bigpoint.assessment.gasstation.implementation.StationTest" name="testBuyGasDepleted"/>
  <testcase time="0.002" classname="net.bigpoint.assessment.gasstation.implementation.StationTest" name="testBuyGasDepleted"/>
  <testcase time="0.002" classname="net.bigpoint.assessment.gasstation.implementation.StationTest" name="testBuyGasDepleted"/>
  <testcase time="0.006" classname="net.bigpoint.assessment.gasstation.implementation.StationTest" name="testBuyGasDepleted"/>
  <testcase time="0.002" classname="net.bigpoint.assessment.gasstation.implementation.StationTest" name="testBuyGasDepleted"/>
  <testcase time="0.003" classname="net.bigpoint.assessment.gasstation.implementation.StationTest" name="testBuyGasDepleted"/>
  <testcase time="0.001" classname="net.bigpoint.assessment.gasstation.implementation.StationTest" name="testBuyGasDepleted"/>
  <testcase time="0.001" classname="net.bigpoint.assessment.gasstation.implementation.StationTest" name="testBuyGasDepleted"/>
  <testcase time="0.002" classname="net.bigpoint.assessment.gasstation.implementation.StationTest" name="testBuyGasDepleted"/>
  <testcase time="0.004" classname="net.bigpoint.assessment.gasstation.implementation.StationTest" name="testBuyGasDepleted"/>
  <testcase time="0.007" classname="net.bigpoint.assessment.gasstation.implementation.StationTest" name="testBuyGasDepleted"/>
  <testcase time="0.003" classname="net.bigpoint.assessment.gasstation.implementation.StationTest" name="testBuyGasDepleted"/>
  <testcase time="0.048" classname="net.bigpoint.assessment.gasstation.implementation.StationTest" name="testBuyGasDepleted"/>
  <testcase time="0.149" classname="net.bigpoint.assessment.gasstation.implementation.StationTest" name="testBuyGasDepleted"/>
  <testcase time="0.25" classname="net.bigpoint.assessment.gasstation.implementation.StationTest" name="testBuyGasDepleted"/>
  <testcase time="0.351" classname="net.bigpoint.assessment.gasstation.implementation.StationTest" name="testBuyGasDepleted"/>
  <testcase time="0.452" classname="net.bigpoint.assessment.gasstation.implementation.StationTest" name="testBuyGasDepleted"/>
  <testcase time="0.553" classname="net.bigpoint.assessment.gasstation.implementation.StationTest" name="testBuyGasDepleted"/>
  <testcase time="0.654" classname="net.bigpoint.assessment.gasstation.implementation.StationTest" name="testBuyGasDepleted"/>
  <testcase time="0.755" classname="net.bigpoint.assessment.gasstation.implementation.StationTest" name="testBuyGasDepleted"/>
  <testcase time="0.856" classname="net.bigpoint.assessment.gasstation.implementation.StationTest" name="testBuyGasDepleted"/>
  <testcase time="0.956" classname="net.bigpoint.assessment.gasstation.implementation.StationTest" name="testBuyGasDepleted"/>
  <testcase time="1.057" classname="net.bigpoint.assessment.gasstation.implementation.StationTest" name="testBuyGasDepleted"/>
  <testcase time="1.159" classname="net.bigpoint.assessment.gasstation.implementation.StationTest" name="testBuyGasDepleted"/>
  <testcase time="1.259" classname="net.bigpoint.assessment.gasstation.implementation.StationTest" name="testBuyGasDepleted"/>
  <testcase time="1.36" classname="net.bigpoint.assessment.gasstation.implementation.StationTest" name="testBuyGasDepleted"/>
  <testcase time="1.46" classname="net.bigpoint.assessment.gasstation.implementation.StationTest" name="testBuyGasDepleted"/>
  <testcase time="1.561" classname="net.bigpoint.assessment.gasstation.implementation.StationTest" name="testBuyGasDepleted"/>
  <testcase time="1.662" classname="net.bigpoint.assessment.gasstation.implementation.StationTest" name="testBuyGasDepleted"/>
  <testcase time="1.763" classname="net.bigpoint.assessment.gasstation.implementation.StationTest" name="testBuyGasDepleted"/>
  <testcase time="1.864" classname="net.bigpoint.assessment.gasstation.implementation.StationTest" name="testBuyGasDepleted"/>
  <testcase time="1.965" classname="net.bigpoint.assessment.gasstation.implementation.StationTest" name="testBuyGasDepleted"/>
  <testcase time="2.065" classname="net.bigpoint.assessment.gasstation.implementation.StationTest" name="testBuyGasDepleted"/>
  <testcase time="2.166" classname="net.bigpoint.assessment.gasstation.implementation.StationTest" name="testBuyGasDepleted"/>
  <testcase time="2.267" classname="net.bigpoint.assessment.gasstation.implementation.StationTest" name="testBuyGasDepleted"/>
  <testcase time="2.369" classname="net.bigpoint.assessment.gasstation.implementation.StationTest" name="testBuyGasDepleted"/>
  <testcase time="2.469" classname="net.bigpoint.assessment.gasstation.implementation.StationTest" name="testBuyGasDepleted"/>
  <testcase time="2.57" classname="net.bigpoint.assessment.gasstation.implementation.StationTest" name="testBuyGasDepleted"/>
  <testcase time="2.671" classname="net.bigpoint.assessment.gasstation.implementation.StationTest" name="testBuyGasDepleted"/>
  <testcase time="2.772" classname="net.bigpoint.assessment.gasstation.implementation.StationTest" name="testBuyGasDepleted"/>
  <testcase time="2.873" classname="net.bigpoint.assessment.gasstation.implementation.StationTest" name="testBuyGasDepleted"/>
  <testcase time="2.974" classname="net.bigpoint.assessment.gasstation.implementation.StationTest" name="testBuyGasDepleted"/>
  <testcase time="3.075" classname="net.bigpoint.assessment.gasstation.implementation.StationTest" name="testBuyGasDepleted"/>
  <testcase time="3.176" classname="net.bigpoint.assessment.gasstation.implementation.StationTest" name="testBuyGasDepleted"/>
  <testcase time="3.277" classname="net.bigpoint.assessment.gasstation.implementation.StationTest" name="testBuyGasDepleted"/>
  <testcase time="3.378" classname="net.bigpoint.assessment.gasstation.implementation.StationTest" name="testBuyGasDepleted"/>
  <testcase time="3.479" classname="net.bigpoint.assessment.gasstation.implementation.StationTest" name="testBuyGasDepleted"/>
  <testcase time="3.58" classname="net.bigpoint.assessment.gasstation.implementation.StationTest" name="testBuyGasDepleted"/>
  <testcase time="3.681" classname="net.bigpoint.assessment.gasstation.implementation.StationTest" name="testBuyGasDepleted"/>
  <testcase time="3.781" classname="net.bigpoint.assessment.gasstation.implementation.StationTest" name="testBuyGasDepleted"/>
  <testcase time="3.883" classname="net.bigpoint.assessment.gasstation.implementation.StationTest" name="testBuyGasDepleted"/>
  <testcase time="3.984" classname="net.bigpoint.assessment.gasstation.implementation.StationTest" name="testBuyGasDepleted"/>
  <testcase time="4.085" classname="net.bigpoint.assessment.gasstation.implementation.StationTest" name="testBuyGasDepleted"/>
  <testcase time="4.186" classname="net.bigpoint.assessment.gasstation.implementation.StationTest" name="testBuyGasDepleted"/>
  <testcase time="4.287" classname="net.bigpoint.assessment.gasstation.implementation.StationTest" name="testBuyGasDepleted"/>
  <testcase time="4.387" classname="net.bigpoint.assessment.gasstation.implementation.StationTest" name="testBuyGasDepleted"/>
  <testcase time="4.488" classname="net.bigpoint.assessment.gasstation.implementation.StationTest" name="testBuyGasDepleted"/>
  <testcase time="4.589" classname="net.bigpoint.assessment.gasstation.implementation.StationTest" name="testBuyGasDepleted"/>
  <testcase time="4.69" classname="net.bigpoint.assessment.gasstation.implementation.StationTest" name="testBuyGasDepleted"/>
  <testcase time="4.791" classname="net.bigpoint.assessment.gasstation.implementation.StationTest" name="testBuyGasDepleted"/>
  <testcase time="4.892" classname="net.bigpoint.assessment.gasstation.implementation.StationTest" name="testBuyGasDepleted"/>
  <testcase time="4.993" classname="net.bigpoint.assessment.gasstation.implementation.StationTest" name="testBuyGasDepleted"/>
  <testcase time="5.093" classname="net.bigpoint.assessment.gasstation.implementation.StationTest" name="testBuyGasDepleted"/>
  <testcase time="5.194" classname="net.bigpoint.assessment.gasstation.implementation.StationTest" name="testBuyGasDepleted"/>
  <testcase time="5.295" classname="net.bigpoint.assessment.gasstation.implementation.StationTest" name="testBuyGasDepleted"/>
  <testcase time="5.396" classname="net.bigpoint.assessment.gasstation.implementation.StationTest" name="testBuyGasDepleted"/>
  <testcase time="5.497" classname="net.bigpoint.assessment.gasstation.implementation.StationTest" name="testBuyGasDepleted"/>
  <testcase time="5.598" classname="net.bigpoint.assessment.gasstation.implementation.StationTest" name="testBuyGasDepleted"/>
  <testcase time="5.7" classname="net.bigpoint.assessment.gasstation.implementation.StationTest" name="testBuyGasDepleted"/>
  <testcase time="5.8" classname="net.bigpoint.assessment.gasstation.implementation.StationTest" name="testBuyGasDepleted"/>
  <testcase time="5.9" classname="net.bigpoint.assessment.gasstation.implementation.StationTest" name="testBuyGasDepleted"/>
  <testcase time="6.001" classname="net.bigpoint.assessment.gasstation.implementation.StationTest" name="testBuyGasDepleted"/>
  <testcase time="6.102" classname="net.bigpoint.assessment.gasstation.implementation.StationTest" name="testBuyGasDepleted"/>
  <testcase time="6.203" classname="net.bigpoint.assessment.gasstation.implementation.StationTest" name="testBuyGasDepleted"/>
  <testcase time="6.304" classname="net.bigpoint.assessment.gasstation.implementation.StationTest" name="testBuyGasDepleted"/>
  <testcase time="6.405" classname="net.bigpoint.assessment.gasstation.implementation.StationTest" name="testBuyGasDepleted"/>
  <testcase time="6.505" classname="net.bigpoint.assessment.gasstation.implementation.StationTest" name="testBuyGasDepleted"/>
  <testcase time="6.606" classname="net.bigpoint.assessment.gasstation.implementation.StationTest" name="testBuyGasDepleted"/>
  <testcase time="6.707" classname="net.bigpoint.assessment.gasstation.implementation.StationTest" name="testBuyGasDepleted"/>
  <testcase time="6.808" classname="net.bigpoint.assessment.gasstation.implementation.StationTest" name="testBuyGasDepleted"/>
  <testcase time="6.909" classname="net.bigpoint.assessment.gasstation.implementation.StationTest" name="testBuyGasDepleted"/>
  <testcase time="7.01" classname="net.bigpoint.assessment.gasstation.implementation.StationTest" name="testBuyGasDepleted"/>
  <testcase time="7.111" classname="net.bigpoint.assessment.gasstation.implementation.StationTest" name="testBuyGasDepleted"/>
  <testcase time="7.211" classname="net.bigpoint.assessment.gasstation.implementation.StationTest" name="testBuyGasDepleted"/>
  <testcase time="7.313" classname="net.bigpoint.assessment.gasstation.implementation.StationTest" name="testBuyGasDepleted"/>
  <testcase time="7.414" classname="net.bigpoint.assessment.gasstation.implementation.StationTest" name="testBuyGasDepleted"/>
  <testcase time="7.515" classname="net.bigpoint.assessment.gasstation.implementation.StationTest" name="testBuyGasDepleted"/>
  <testcase time="7.616" classname="net.bigpoint.assessment.gasstation.implementation.StationTest" name="testBuyGasDepleted"/>
  <testcase time="7.717" classname="net.bigpoint.assessment.gasstation.implementation.StationTest" name="testBuyGasDepleted"/>
  <testcase time="7.818" classname="net.bigpoint.assessment.gasstation.implementation.StationTest" name="testBuyGasDepleted"/>
  <testcase time="7.919" classname="net.bigpoint.assessment.gasstation.implementation.StationTest" name="testBuyGasDepleted"/>
  <testcase time="8.02" classname="net.bigpoint.assessment.gasstation.implementation.StationTest" name="testBuyGasDepleted"/>
  <testcase time="8.121" classname="net.bigpoint.assessment.gasstation.implementation.StationTest" name="testBuyGasDepleted"/>
  <testcase time="8.223" classname="net.bigpoint.assessment.gasstation.implementation.StationTest" name="testBuyGasDepleted"/>
  <testcase time="8.323" classname="net.bigpoint.assessment.gasstation.implementation.StationTest" name="testBuyGasDepleted"/>
  <testcase time="8.424" classname="net.bigpoint.assessment.gasstation.implementation.StationTest" name="testBuyGasDepleted"/>
  <testcase time="8.525" classname="net.bigpoint.assessment.gasstation.implementation.StationTest" name="testBuyGasDepleted"/>
  <testcase time="8.626" classname="net.bigpoint.assessment.gasstation.implementation.StationTest" name="testBuyGasDepleted"/>
  <testcase time="8.727" classname="net.bigpoint.assessment.gasstation.implementation.StationTest" name="testBuyGasDepleted"/>
  <testcase time="8.828" classname="net.bigpoint.assessment.gasstation.implementation.StationTest" name="testBuyGasDepleted"/>
  <testcase time="8.929" classname="net.bigpoint.assessment.gasstation.implementation.StationTest" name="testBuyGasDepleted"/>
  <testcase time="9.03" classname="net.bigpoint.assessment.gasstation.implementation.StationTest" name="testBuyGasDepleted"/>
  <testcase time="9.131" classname="net.bigpoint.assessment.gasstation.implementation.StationTest" name="testBuyGasDepleted"/>
  <testcase time="9.233" classname="net.bigpoint.assessment.gasstation.implementation.StationTest" name="testBuyGasDepleted"/>
  <testcase time="9.333" classname="net.bigpoint.assessment.gasstation.implementation.StationTest" name="testBuyGasDepleted"/>
  <testcase time="9.434" classname="net.bigpoint.assessment.gasstation.implementation.StationTest" name="testBuyGasDepleted"/>
  <testcase time="9.535" classname="net.bigpoint.assessment.gasstation.implementation.StationTest" name="testBuyGasDepleted"/>
  <testcase time="9.636" classname="net.bigpoint.assessment.gasstation.implementation.StationTest" name="testBuyGasDepleted"/>
  <testcase time="9.737" classname="net.bigpoint.assessment.gasstation.implementation.StationTest" name="testBuyGasDepleted"/>
  <testcase time="9.838" classname="net.bigpoint.assessment.gasstation.implementation.StationTest" name="testBuyGasDepleted"/>
  <testcase time="9.94" classname="net.bigpoint.assessment.gasstation.implementation.StationTest" name="testBuyGasDepleted"/>
  <testcase time="10.04" classname="net.bigpoint.assessment.gasstation.implementation.StationTest" name="testBuyGasDepleted"/>
  <testcase time="10.141" classname="net.bigpoint.assessment.gasstation.implementation.StationTest" name="testBuyGasDepleted"/>
  <testcase time="10.242" classname="net.bigpoint.assessment.gasstation.implementation.StationTest" name="testBuyGasDepleted"/>
  <testcase time="10.343" classname="net.bigpoint.assessment.gasstation.implementation.StationTest" name="testBuyGasDepleted"/>
  <testcase time="10.443" classname="net.bigpoint.assessment.gasstation.implementation.StationTest" name="testBuyGasDepleted"/>
  <testcase time="10.544" classname="net.bigpoint.assessment.gasstation.implementation.StationTest" name="testBuyGasDepleted"/>
  <testcase time="10.645" classname="net.bigpoint.assessment.gasstation.implementation.StationTest" name="testBuyGasDepleted"/>
  <testcase time="10.746" classname="net.bigpoint.assessment.gasstation.implementation.StationTest" name="testBuyGasDepleted"/>
  <testcase time="10.847" classname="net.bigpoint.assessment.gasstation.implementation.StationTest" name="testBuyGasDepleted"/>
  <testcase time="10.948" classname="net.bigpoint.assessment.gasstation.implementation.StationTest" name="testBuyGasDepleted"/>
  <testcase time="11.049" classname="net.bigpoint.assessment.gasstation.implementation.StationTest" name="testBuyGasDepleted"/>
  <testcase time="11.15" classname="net.bigpoint.assessment.gasstation.implementation.StationTest" name="testBuyGasDepleted"/>
  <testcase time="11.251" classname="net.bigpoint.assessment.gasstation.implementation.StationTest" name="testBuyGasDepleted"/>
  <testcase time="11.352" classname="net.bigpoint.assessment.gasstation.implementation.StationTest" name="testBuyGasDepleted"/>
  <testcase time="11.453" classname="net.bigpoint.assessment.gasstation.implementation.StationTest" name="testBuyGasDepleted"/>
  <testcase time="11.554" classname="net.bigpoint.assessment.gasstation.implementation.StationTest" name="testBuyGasDepleted"/>
  <testcase time="11.655" classname="net.bigpoint.assessment.gasstation.implementation.StationTest" name="testBuyGasDepleted"/>
  <testcase time="11.756" classname="net.bigpoint.assessment.gasstation.implementation.StationTest" name="testBuyGasDepleted"/>
  <testcase time="11.857" classname="net.bigpoint.assessment.gasstation.implementation.StationTest" name="testBuyGasDepleted"/>
  <testcase time="11.958" classname="net.bigpoint.assessment.gasstation.implementation.StationTest" name="testBuyGasDepleted"/>
  <testcase time="12.059" classname="net.bigpoint.assessment.gasstation.implementation.StationTest" name="testBuyGasDepleted"/>
  <testcase time="12.16" classname="net.bigpoint.assessment.gasstation.implementation.StationTest" name="testBuyGasDepleted"/>
  <testcase time="12.261" classname="net.bigpoint.assessment.gasstation.implementation.StationTest" name="testBuyGasDepleted"/>
  <testcase time="12.362" classname="net.bigpoint.assessment.gasstation.implementation.StationTest" name="testBuyGasDepleted"/>
  <testcase time="12.463" classname="net.bigpoint.assessment.gasstation.implementation.StationTest" name="testBuyGasDepleted"/>
  <testcase time="12.564" classname="net.bigpoint.assessment.gasstation.implementation.StationTest" name="testBuyGasDepleted"/>
  <testcase time="12.665" classname="net.bigpoint.assessment.gasstation.implementation.StationTest" name="testBuyGasDepleted"/>
  <testcase time="12.765" classname="net.bigpoint.assessment.gasstation.implementation.StationTest" name="testBuyGasDepleted"/>
  <testcase time="12.866" classname="net.bigpoint.assessment.gasstation.implementation.StationTest" name="testBuyGasDepleted"/>
  <testcase time="12.967" classname="net.bigpoint.assessment.gasstation.implementation.StationTest" name="testBuyGasDepleted"/>
  <testcase time="13.068" classname="net.bigpoint.assessment.gasstation.implementation.StationTest" name="testBuyGasDepleted"/>
  <testcase time="13.169" classname="net.bigpoint.assessment.gasstation.implementation.StationTest" name="testBuyGasDepleted"/>
  <testcase time="13.27" classname="net.bigpoint.assessment.gasstation.implementation.StationTest" name="testBuyGasDepleted"/>
  <testcase time="13.371" classname="net.bigpoint.assessment.gasstation.implementation.StationTest" name="testBuyGasDepleted"/>
  <testcase time="13.472" classname="net.bigpoint.assessment.gasstation.implementation.StationTest" name="testBuyGasDepleted"/>
  <testcase time="13.573" classname="net.bigpoint.assessment.gasstation.implementation.StationTest" name="testBuyGasDepleted"/>
  <testcase time="13.674" classname="net.bigpoint.assessment.gasstation.implementation.StationTest" name="testBuyGasDepleted"/>
  <testcase time="13.775" classname="net.bigpoint.assessment.gasstation.implementation.StationTest" name="testBuyGasDepleted"/>
  <testcase time="13.876" classname="net.bigpoint.assessment.gasstation.implementation.StationTest" name="testBuyGasDepleted"/>
  <testcase time="13.977" classname="net.bigpoint.assessment.gasstation.implementation.StationTest" name="testBuyGasDepleted"/>
  <testcase time="14.078" classname="net.bigpoint.assessment.gasstation.implementation.StationTest" name="testBuyGasDepleted"/>
  <testcase time="14.179" classname="net.bigpoint.assessment.gasstation.implementation.StationTest" name="testBuyGasDepleted"/>
  <testcase time="14.28" classname="net.bigpoint.assessment.gasstation.implementation.StationTest" name="testBuyGasDepleted"/>
  <testcase time="14.38" classname="net.bigpoint.assessment.gasstation.implementation.StationTest" name="testBuyGasDepleted"/>
  <testcase time="14.481" classname="net.bigpoint.assessment.gasstation.implementation.StationTest" name="testBuyGasDepleted"/>
  <testcase time="14.583" classname="net.bigpoint.assessment.gasstation.implementation.StationTest" name="testBuyGasDepleted"/>
  <testcase time="14.684" classname="net.bigpoint.assessment.gasstation.implementation.StationTest" name="testBuyGasDepleted"/>
  <testcase time="14.785" classname="net.bigpoint.assessment.gasstation.implementation.StationTest" name="testBuyGasDepleted"/>
  <testcase time="14.886" classname="net.bigpoint.assessment.gasstation.implementation.StationTest" name="testBuyGasDepleted"/>
  <testcase time="14.987" classname="net.bigpoint.assessment.gasstation.implementation.StationTest" name="testBuyGasDepleted"/>
  <testcase time="15.089" classname="net.bigpoint.assessment.gasstation.implementation.StationTest" name="testBuyGasDepleted"/>
  <testcase time="15.189" classname="net.bigpoint.assessment.gasstation.implementation.StationTest" name="testBuyGasDepleted"/>
  <testcase time="15.29" classname="net.bigpoint.assessment.gasstation.implementation.StationTest" name="testBuyGasDepleted"/>
  <testcase time="15.391" classname="net.bigpoint.assessment.gasstation.implementation.StationTest" name="testBuyGasDepleted"/>
  <testcase time="15.492" classname="net.bigpoint.assessment.gasstation.implementation.StationTest" name="testBuyGasDepleted"/>
  <testcase time="15.592" classname="net.bigpoint.assessment.gasstation.implementation.StationTest" name="testBuyGasDepleted"/>
  <testcase time="15.693" classname="net.bigpoint.assessment.gasstation.implementation.StationTest" name="testBuyGasDepleted"/>
  <testcase time="15.794" classname="net.bigpoint.assessment.gasstation.implementation.StationTest" name="testBuyGasDepleted"/>
  <testcase time="15.895" classname="net.bigpoint.assessment.gasstation.implementation.StationTest" name="testBuyGasDepleted"/>
  <testcase time="15.996" classname="net.bigpoint.assessment.gasstation.implementation.StationTest" name="testBuyGasDepleted"/>
  <testcase time="16.097" classname="net.bigpoint.assessment.gasstation.implementation.StationTest" name="testBuyGasDepleted"/>
  <testcase time="16.198" classname="net.bigpoint.assessment.gasstation.implementation.StationTest" name="testBuyGasDepleted"/>
  <testcase time="16.298" classname="net.bigpoint.assessment.gasstation.implementation.StationTest" name="testBuyGasDepleted"/>
  <testcase time="16.399" classname="net.bigpoint.assessment.gasstation.implementation.StationTest" name="testBuyGasDepleted"/>
  <testcase time="16.5" classname="net.bigpoint.assessment.gasstation.implementation.StationTest" name="testBuyGasDepleted"/>
  <testcase time="16.6" classname="net.bigpoint.assessment.gasstation.implementation.StationTest" name="testBuyGasDepleted"/>
  <testcase time="16.701" classname="net.bigpoint.assessment.gasstation.implementation.StationTest" name="testBuyGasDepleted"/>
  <testcase time="16.802" classname="net.bigpoint.assessment.gasstation.implementation.StationTest" name="testBuyGasDepleted"/>
  <testcase time="16.903" classname="net.bigpoint.assessment.gasstation.implementation.StationTest" name="testBuyGasDepleted"/>
  <testcase time="17.004" classname="net.bigpoint.assessment.gasstation.implementation.StationTest" name="testBuyGasDepleted"/>
  <testcase time="17.105" classname="net.bigpoint.assessment.gasstation.implementation.StationTest" name="testBuyGasDepleted"/>
  <testcase time="17.205" classname="net.bigpoint.assessment.gasstation.implementation.StationTest" name="testBuyGasDepleted"/>
  <testcase time="17.306" classname="net.bigpoint.assessment.gasstation.implementation.StationTest" name="testBuyGasDepleted"/>
  <testcase time="17.407" classname="net.bigpoint.assessment.gasstation.implementation.StationTest" name="testBuyGasDepleted"/>
  <testcase time="17.508" classname="net.bigpoint.assessment.gasstation.implementation.StationTest" name="testBuyGasDepleted"/>
  <testcase time="17.609" classname="net.bigpoint.assessment.gasstation.implementation.StationTest" name="testBuyGasDepleted"/>
  <testcase time="17.71" classname="net.bigpoint.assessment.gasstation.implementation.StationTest" name="testBuyGasDepleted"/>
  <testcase time="17.811" classname="net.bigpoint.assessment.gasstation.implementation.StationTest" name="testBuyGasDepleted"/>
  <testcase time="17.912" classname="net.bigpoint.assessment.gasstation.implementation.StationTest" name="testBuyGasDepleted"/>
  <testcase time="18.013" classname="net.bigpoint.assessment.gasstation.implementation.StationTest" name="testBuyGasDepleted"/>
  <testcase time="18.114" classname="net.bigpoint.assessment.gasstation.implementation.StationTest" name="testBuyGasDepleted"/>
  <testcase time="18.214" classname="net.bigpoint.assessment.gasstation.implementation.StationTest" name="testBuyGasDepleted"/>
  <testcase time="18.315" classname="net.bigpoint.assessment.gasstation.implementation.StationTest" name="testBuyGasDepleted"/>
  <testcase time="18.417" classname="net.bigpoint.assessment.gasstation.implementation.StationTest" name="testBuyGasDepleted"/>
  <testcase time="18.518" classname="net.bigpoint.assessment.gasstation.implementation.StationTest" name="testBuyGasDepleted"/>
  <testcase time="18.619" classname="net.bigpoint.assessment.gasstation.implementation.StationTest" name="testBuyGasDepleted"/>
  <testcase time="18.719" classname="net.bigpoint.assessment.gasstation.implementation.StationTest" name="testBuyGasDepleted"/>
  <testcase time="18.82" classname="net.bigpoint.assessment.gasstation.implementation.StationTest" name="testBuyGasDepleted"/>
  <testcase time="18.921" classname="net.bigpoint.assessment.gasstation.implementation.StationTest" name="testBuyGasDepleted"/>
  <testcase time="19.022" classname="net.bigpoint.assessment.gasstation.implementation.StationTest" name="testBuyGasDepleted"/>
  <testcase time="19.123" classname="net.bigpoint.assessment.gasstation.implementation.StationTest" name="testBuyGasDepleted"/>
  <testcase time="19.224" classname="net.bigpoint.assessment.gasstation.implementation.StationTest" name="testBuyGasDepleted"/>
  <testcase time="19.325" classname="net.bigpoint.assessment.gasstation.implementation.StationTest" name="testBuyGasDepleted"/>
  <testcase time="19.426" classname="net.bigpoint.assessment.gasstation.implementation.StationTest" name="testBuyGasDepleted"/>
  <testcase time="19.527" classname="net.bigpoint.assessment.gasstation.implementation.StationTest" name="testBuyGasDepleted"/>
  <testcase time="19.628" classname="net.bigpoint.assessment.gasstation.implementation.StationTest" name="testBuyGasDepleted"/>
  <testcase time="19.729" classname="net.bigpoint.assessment.gasstation.implementation.StationTest" name="testBuyGasDepleted"/>
  <testcase time="19.83" classname="net.bigpoint.assessment.gasstation.implementation.StationTest" name="testBuyGasDepleted"/>
  <testcase time="19.931" classname="net.bigpoint.assessment.gasstation.implementation.StationTest" name="testBuyGasDepleted"/>
  <testcase time="20.032" classname="net.bigpoint.assessment.gasstation.implementation.StationTest" name="testBuyGasDepleted"/>
  <testcase time="20.133" classname="net.bigpoint.assessment.gasstation.implementation.StationTest" name="testBuyGasDepleted"/>
  <testcase time="20.234" classname="net.bigpoint.assessment.gasstation.implementation.StationTest" name="testBuyGasDepleted"/>
  <testcase time="20.335" classname="net.bigpoint.assessment.gasstation.implementation.StationTest" name="testBuyGasDepleted"/>
  <testcase time="20.435" classname="net.bigpoint.assessment.gasstation.implementation.StationTest" name="testBuyGasDepleted"/>
  <testcase time="20.536" classname="net.bigpoint.assessment.gasstation.implementation.StationTest" name="testBuyGasDepleted"/>
  <testcase time="20.637" classname="net.bigpoint.assessment.gasstation.implementation.StationTest" name="testBuyGasDepleted"/>
  <testcase time="20.738" classname="net.bigpoint.assessment.gasstation.implementation.StationTest" name="testBuyGasDepleted"/>
  <testcase time="20.839" classname="net.bigpoint.assessment.gasstation.implementation.StationTest" name="testBuyGasDepleted"/>
  <testcase time="20.94" classname="net.bigpoint.assessment.gasstation.implementation.StationTest" name="testBuyGasDepleted"/>
  <testcase time="21.042" classname="net.bigpoint.assessment.gasstation.implementation.StationTest" name="testBuyGasDepleted"/>
  <testcase time="21.143" classname="net.bigpoint.assessment.gasstation.implementation.StationTest" name="testBuyGasDepleted"/>
  <testcase time="21.244" classname="net.bigpoint.assessment.gasstation.implementation.StationTest" name="testBuyGasDepleted"/>
  <testcase time="21.345" classname="net.bigpoint.assessment.gasstation.implementation.StationTest" name="testBuyGasDepleted"/>
  <testcase time="21.446" classname="net.bigpoint.assessment.gasstation.implementation.StationTest" name="testBuyGasDepleted"/>
  <testcase time="21.546" classname="net.bigpoint.assessment.gasstation.implementation.StationTest" name="testBuyGasDepleted"/>
  <testcase time="21.647" classname="net.bigpoint.assessment.gasstation.implementation.StationTest" name="testBuyGasDepleted"/>
  <testcase time="21.749" classname="net.bigpoint.assessment.gasstation.implementation.StationTest" name="testBuyGasDepleted"/>
  <testcase time="21.85" classname="net.bigpoint.assessment.gasstation.implementation.StationTest" name="testBuyGasDepleted"/>
  <testcase time="21.95" classname="net.bigpoint.assessment.gasstation.implementation.StationTest" name="testBuyGasDepleted"/>
  <testcase time="22.051" classname="net.bigpoint.assessment.gasstation.implementation.StationTest" name="testBuyGasDepleted"/>
  <testcase time="22.152" classname="net.bigpoint.assessment.gasstation.implementation.StationTest" name="testBuyGasDepleted"/>
  <testcase time="22.253" classname="net.bigpoint.assessment.gasstation.implementation.StationTest" name="testBuyGasDepleted"/>
  <testcase time="22.355" classname="net.bigpoint.assessment.gasstation.implementation.StationTest" name="testBuyGasDepleted"/>
  <testcase time="22.454" classname="net.bigpoint.assessment.gasstation.implementation.StationTest" name="testBuyGasDepleted"/>
  <testcase time="22.555" classname="net.bigpoint.assessment.gasstation.implementation.StationTest" name="testBuyGasDepleted"/>
  <testcase time="22.656" classname="net.bigpoint.assessment.gasstation.implementation.StationTest" name="testBuyGasDepleted"/>
  <testcase time="22.757" classname="net.bigpoint.assessment.gasstation.implementation.StationTest" name="testBuyGasDepleted"/>
  <testcase time="22.858" classname="net.bigpoint.assessment.gasstation.implementation.StationTest" name="testBuyGasDepleted"/>
  <testcase time="22.96" classname="net.bigpoint.assessment.gasstation.implementation.StationTest" name="testBuyGasDepleted"/>
  <testcase time="23.061" classname="net.bigpoint.assessment.gasstation.implementation.StationTest" name="testBuyGasDepleted"/>
  <testcase time="23.162" classname="net.bigpoint.assessment.gasstation.implementation.StationTest" name="testBuyGasDepleted"/>
  <testcase time="23.264" classname="net.bigpoint.assessment.gasstation.implementation.StationTest" name="testBuyGasDepleted"/>
  <testcase time="23.365" classname="net.bigpoint.assessment.gasstation.implementation.StationTest" name="testBuyGasDepleted"/>
  <testcase time="23.465" classname="net.bigpoint.assessment.gasstation.implementation.StationTest" name="testBuyGasDepleted"/>
  <testcase time="23.567" classname="net.bigpoint.assessment.gasstation.implementation.StationTest" name="testBuyGasDepleted"/>
  <testcase time="23.668" classname="net.bigpoint.assessment.gasstation.implementation.StationTest" name="testBuyGasDepleted"/>
  <testcase time="23.769" classname="net.bigpoint.assessment.gasstation.implementation.StationTest" name="testBuyGasDepleted"/>
  <testcase time="23.87" classname="net.bigpoint.assessment.gasstation.implementation.StationTest" name="testBuyGasDepleted"/>
  <testcase time="23.971" classname="net.bigpoint.assessment.gasstation.implementation.StationTest" name="testBuyGasDepleted"/>
  <testcase time="24.072" classname="net.bigpoint.assessment.gasstation.implementation.StationTest" name="testBuyGasDepleted"/>
  <testcase time="24.173" classname="net.bigpoint.assessment.gasstation.implementation.StationTest" name="testBuyGasDepleted"/>
  <testcase time="24.274" classname="net.bigpoint.assessment.gasstation.implementation.StationTest" name="testBuyGasDepleted"/>
  <testcase time="24.375" classname="net.bigpoint.assessment.gasstation.implementation.StationTest" name="testBuyGasDepleted"/>
  <testcase time="24.476" classname="net.bigpoint.assessment.gasstation.implementation.StationTest" name="testBuyGasDepleted"/>
  <testcase time="24.577" classname="net.bigpoint.assessment.gasstation.implementation.StationTest" name="testBuyGasDepleted"/>
  <testcase time="24.678" classname="net.bigpoint.assessment.gasstation.implementation.StationTest" name="testBuyGasDepleted"/>
  <testcase time="24.779" classname="net.bigpoint.assessment.gasstation.implementation.StationTest" name="testBuyGasDepleted"/>
  <testcase time="24.879" classname="net.bigpoint.assessment.gasstation.implementation.StationTest" name="testBuyGasDepleted"/>
  <testcase time="24.98" classname="net.bigpoint.assessment.gasstation.implementation.StationTest" name="testBuyGasDepleted"/>
  <testcase time="25.081" classname="net.bigpoint.assessment.gasstation.implementation.StationTest" name="testBuyGasDepleted"/>
  <testcase time="25.183" classname="net.bigpoint.assessment.gasstation.implementation.StationTest" name="testBuyGasDepleted"/>
  <testcase time="25.283" classname="net.bigpoint.assessment.gasstation.implementation.StationTest" name="testBuyGasDepleted"/>
  <testcase time="25.384" classname="net.bigpoint.assessment.gasstation.implementation.StationTest" name="testBuyGasDepleted"/>
  <testcase time="25.485" classname="net.bigpoint.assessment.gasstation.implementation.StationTest" name="testBuyGasDepleted"/>
  <testcase time="25.586" classname="net.bigpoint.assessment.gasstation.implementation.StationTest" name="testBuyGasDepleted"/>
  <testcase time="25.687" classname="net.bigpoint.assessment.gasstation.implementation.StationTest" name="testBuyGasDepleted"/>
  <testcase time="25.788" classname="net.bigpoint.assessment.gasstation.implementation.StationTest" name="testBuyGasDepleted"/>
  <testcase time="25.889" classname="net.bigpoint.assessment.gasstation.implementation.StationTest" name="testBuyGasDepleted"/>
  <testcase time="25.99" classname="net.bigpoint.assessment.gasstation.implementation.StationTest" name="testBuyGasDepleted"/>
  <testcase time="26.091" classname="net.bigpoint.assessment.gasstation.implementation.StationTest" name="testBuyGasDepleted"/>
  <testcase time="26.192" classname="net.bigpoint.assessment.gasstation.implementation.StationTest" name="testBuyGasDepleted"/>
  <testcase time="26.293" classname="net.bigpoint.assessment.gasstation.implementation.StationTest" name="testBuyGasDepleted"/>
  <testcase time="26.394" classname="net.bigpoint.assessment.gasstation.implementation.StationTest" name="testBuyGasDepleted"/>
  <testcase time="26.496" classname="net.bigpoint.assessment.gasstation.implementation.StationTest" name="testBuyGasDepleted"/>
  <testcase time="26.597" classname="net.bigpoint.assessment.gasstation.implementation.StationTest" name="testBuyGasDepleted"/>
  <testcase time="26.698" classname="net.bigpoint.assessment.gasstation.implementation.StationTest" name="testBuyGasDepleted"/>
  <testcase time="26.799" classname="net.bigpoint.assessment.gasstation.implementation.StationTest" name="testBuyGasDepleted"/>
  <testcase time="26.9" classname="net.bigpoint.assessment.gasstation.implementation.StationTest" name="testBuyGasDepleted"/>
  <testcase time="27.001" classname="net.bigpoint.assessment.gasstation.implementation.StationTest" name="testBuyGasDepleted"/>
  <testcase time="27.102" classname="net.bigpoint.assessment.gasstation.implementation.StationTest" name="testBuyGasDepleted"/>
  <testcase time="27.203" classname="net.bigpoint.assessment.gasstation.implementation.StationTest" name="testBuyGasDepleted"/>
  <testcase time="27.304" classname="net.bigpoint.assessment.gasstation.implementation.StationTest" name="testBuyGasDepleted"/>
  <testcase time="27.405" classname="net.bigpoint.assessment.gasstation.implementation.StationTest" name="testBuyGasDepleted"/>
  <testcase time="27.506" classname="net.bigpoint.assessment.gasstation.implementation.StationTest" name="testBuyGasDepleted"/>
  <testcase time="27.607" classname="net.bigpoint.assessment.gasstation.implementation.StationTest" name="testBuyGasDepleted"/>
  <testcase time="27.709" classname="net.bigpoint.assessment.gasstation.implementation.StationTest" name="testBuyGasDepleted"/>
  <testcase time="27.809" classname="net.bigpoint.assessment.gasstation.implementation.StationTest" name="testBuyGasDepleted"/>
  <testcase time="27.91" classname="net.bigpoint.assessment.gasstation.implementation.StationTest" name="testBuyGasDepleted"/>
  <testcase time="28.012" classname="net.bigpoint.assessment.gasstation.implementation.StationTest" name="testBuyGasDepleted"/>
  <testcase time="28.113" classname="net.bigpoint.assessment.gasstation.implementation.StationTest" name="testBuyGasDepleted"/>
  <testcase time="28.214" classname="net.bigpoint.assessment.gasstation.implementation.StationTest" name="testBuyGasDepleted"/>
  <testcase time="28.315" classname="net.bigpoint.assessment.gasstation.implementation.StationTest" name="testBuyGasDepleted"/>
  <testcase time="28.415" classname="net.bigpoint.assessment.gasstation.implementation.StationTest" name="testBuyGasDepleted"/>
  <testcase time="28.516" classname="net.bigpoint.assessment.gasstation.implementation.StationTest" name="testBuyGasDepleted"/>
  <testcase time="28.617" classname="net.bigpoint.assessment.gasstation.implementation.StationTest" name="testBuyGasDepleted"/>
  <testcase time="28.718" classname="net.bigpoint.assessment.gasstation.implementation.StationTest" name="testBuyGasDepleted"/>
  <testcase time="28.819" classname="net.bigpoint.assessment.gasstation.implementation.StationTest" name="testBuyGasDepleted"/>
  <testcase time="28.923" classname="net.bigpoint.assessment.gasstation.implementation.StationTest" name="testBuyGasDepleted"/>
  <testcase time="29.021" classname="net.bigpoint.assessment.gasstation.implementation.StationTest" name="testBuyGasDepleted"/>
  <testcase time="29.122" classname="net.bigpoint.assessment.gasstation.implementation.StationTest" name="testBuyGasDepleted"/>
  <testcase time="29.223" classname="net.bigpoint.assessment.gasstation.implementation.StationTest" name="testBuyGasDepleted"/>
  <testcase time="29.325" classname="net.bigpoint.assessment.gasstation.implementation.StationTest" name="testBuyGasDepleted"/>
  <testcase time="29.425" classname="net.bigpoint.assessment.gasstation.implementation.StationTest" name="testBuyGasDepleted"/>
  <testcase time="29.526" classname="net.bigpoint.assessment.gasstation.implementation.StationTest" name="testBuyGasDepleted"/>
  <testcase time="29.627" classname="net.bigpoint.assessment.gasstation.implementation.StationTest" name="testBuyGasDepleted"/>
  <testcase time="29.728" classname="net.bigpoint.assessment.gasstation.implementation.StationTest" name="testBuyGasDepleted"/>
  <testcase time="29.829" classname="net.bigpoint.assessment.gasstation.implementation.StationTest" name="testBuyGasDepleted"/>
  <testcase time="29.93" classname="net.bigpoint.assessment.gasstation.implementation.StationTest" name="testBuyGasDepleted"/>
  <testcase time="30.03" classname="net.bigpoint.assessment.gasstation.implementation.StationTest" name="testBuyGasDepleted"/>
  <testcase time="30.131" classname="net.bigpoint.assessment.gasstation.implementation.StationTest" name="testBuyGasDepleted"/>
  <testcase time="30.232" classname="net.bigpoint.assessment.gasstation.implementation.StationTest" name="testBuyGasDepleted"/>
  <testcase time="30.333" classname="net.bigpoint.assessment.gasstation.implementation.StationTest" name="testBuyGasDepleted"/>
  <testcase time="30.434" classname="net.bigpoint.assessment.gasstation.implementation.StationTest" name="testBuyGasDepleted"/>
  <testcase time="30.535" classname="net.bigpoint.assessment.gasstation.implementation.StationTest" name="testBuyGasDepleted"/>
  <testcase time="30.636" classname="net.bigpoint.assessment.gasstation.implementation.StationTest" name="testBuyGasDepleted"/>
  <testcase time="30.737" classname="net.bigpoint.assessment.gasstation.implementation.StationTest" name="testBuyGasDepleted"/>
  <testcase time="30.837" classname="net.bigpoint.assessment.gasstation.implementation.StationTest" name="testBuyGasDepleted"/>
  <testcase time="30.938" classname="net.bigpoint.assessment.gasstation.implementation.StationTest" name="testBuyGasDepleted"/>
  <testcase time="31.04" classname="net.bigpoint.assessment.gasstation.implementation.StationTest" name="testBuyGasDepleted"/>
  <testcase time="31.141" classname="net.bigpoint.assessment.gasstation.implementation.StationTest" name="testBuyGasDepleted"/>
  <testcase time="31.241" classname="net.bigpoint.assessment.gasstation.implementation.StationTest" name="testBuyGasDepleted"/>
  <testcase time="31.342" classname="net.bigpoint.assessment.gasstation.implementation.StationTest" name="testBuyGasDepleted"/>
  <testcase time="31.443" classname="net.bigpoint.assessment.gasstation.implementation.StationTest" name="testBuyGasDepleted"/>
  <testcase time="31.543" classname="net.bigpoint.assessment.gasstation.implementation.StationTest" name="testBuyGasDepleted"/>
  <testcase time="31.644" classname="net.bigpoint.assessment.gasstation.implementation.StationTest" name="testBuyGasDepleted"/>
  <testcase time="31.745" classname="net.bigpoint.assessment.gasstation.implementation.StationTest" name="testBuyGasDepleted"/>
  <testcase time="31.847" classname="net.bigpoint.assessment.gasstation.implementation.StationTest" name="testBuyGasDepleted"/>
  <testcase time="31.947" classname="net.bigpoint.assessment.gasstation.implementation.StationTest" name="testBuyGasDepleted"/>
  <testcase time="32.048" classname="net.bigpoint.assessment.gasstation.implementation.StationTest" name="testBuyGasDepleted"/>
  <testcase time="32.149" classname="net.bigpoint.assessment.gasstation.implementation.StationTest" name="testBuyGasDepleted"/>
  <testcase time="32.251" classname="net.bigpoint.assessment.gasstation.implementation.StationTest" name="testBuyGasDepleted"/>
  <testcase time="32.351" classname="net.bigpoint.assessment.gasstation.implementation.StationTest" name="testBuyGasDepleted"/>
  <testcase time="32.452" classname="net.bigpoint.assessment.gasstation.implementation.StationTest" name="testBuyGasDepleted"/>
  <testcase time="32.553" classname="net.bigpoint.assessment.gasstation.implementation.StationTest" name="testBuyGasDepleted"/>
  <testcase time="32.655" classname="net.bigpoint.assessment.gasstation.implementation.StationTest" name="testBuyGasDepleted"/>
  <testcase time="32.757" classname="net.bigpoint.assessment.gasstation.implementation.StationTest" name="testBuyGasDepleted"/>
  <testcase time="32.857" classname="net.bigpoint.assessment.gasstation.implementation.StationTest" name="testBuyGasDepleted"/>
  <testcase time="32.959" classname="net.bigpoint.assessment.gasstation.implementation.StationTest" name="testBuyGasDepleted"/>
  <testcase time="33.059" classname="net.bigpoint.assessment.gasstation.implementation.StationTest" name="testBuyGasDepleted"/>
  <testcase time="33.16" classname="net.bigpoint.assessment.gasstation.implementation.StationTest" name="testBuyGasDepleted"/>
  <testcase time="33.26" classname="net.bigpoint.assessment.gasstation.implementation.StationTest" name="testBuyGasDepleted"/>
  <testcase time="33.361" classname="net.bigpoint.assessment.gasstation.implementation.StationTest" name="testBuyGasDepleted"/>
  <testcase time="33.462" classname="net.bigpoint.assessment.gasstation.implementation.StationTest" name="testBuyGasDepleted"/>
  <testcase time="33.563" classname="net.bigpoint.assessment.gasstation.implementation.StationTest" name="testBuyGasDepleted"/>
  <testcase time="33.664" classname="net.bigpoint.assessment.gasstation.implementation.StationTest" name="testBuyGasDepleted"/>
  <testcase time="33.765" classname="net.bigpoint.assessment.gasstation.implementation.StationTest" name="testBuyGasDepleted"/>
  <testcase time="33.866" classname="net.bigpoint.assessment.gasstation.implementation.StationTest" name="testBuyGasDepleted"/>
  <testcase time="33.967" classname="net.bigpoint.assessment.gasstation.implementation.StationTest" name="testBuyGasDepleted"/>
  <testcase time="34.068" classname="net.bigpoint.assessment.gasstation.implementation.StationTest" name="testBuyGasDepleted"/>
  <testcase time="34.169" classname="net.bigpoint.assessment.gasstation.implementation.StationTest" name="testBuyGasDepleted"/>
  <testcase time="34.27" classname="net.bigpoint.assessment.gasstation.implementation.StationTest" name="testBuyGasDepleted"/>
  <testcase time="34.37" classname="net.bigpoint.assessment.gasstation.implementation.StationTest" name="testBuyGasDepleted"/>
  <testcase time="34.472" classname="net.bigpoint.assessment.gasstation.implementation.StationTest" name="testBuyGasDepleted"/>
  <testcase time="34.573" classname="net.bigpoint.assessment.gasstation.implementation.StationTest" name="testBuyGasDepleted"/>
  <testcase time="34.674" classname="net.bigpoint.assessment.gasstation.implementation.StationTest" name="testBuyGasDepleted"/>
  <testcase time="34.774" classname="net.bigpoint.assessment.gasstation.implementation.StationTest" name="testBuyGasDepleted"/>
  <testcase time="34.875" classname="net.bigpoint.assessment.gasstation.implementation.StationTest" name="testBuyGasDepleted"/>
  <testcase time="34.976" classname="net.bigpoint.assessment.gasstation.implementation.StationTest" name="testBuyGasDepleted"/>
  <testcase time="35.076" classname="net.bigpoint.assessment.gasstation.implementation.StationTest" name="testBuyGasDepleted"/>
  <testcase time="35.177" classname="net.bigpoint.assessment.gasstation.implementation.StationTest" name="testBuyGasDepleted"/>
  <testcase time="35.278" classname="net.bigpoint.assessment.gasstation.implementation.StationTest" name="testBuyGasDepleted"/>
  <testcase time="35.379" classname="net.bigpoint.assessment.gasstation.implementation.StationTest" name="testBuyGasDepleted"/>
  <testcase time="35.48" classname="net.bigpoint.assessment.gasstation.implementation.StationTest" name="testBuyGasDepleted"/>
  <testcase time="35.582" classname="net.bigpoint.assessment.gasstation.implementation.StationTest" name="testBuyGasDepleted"/>
  <testcase time="35.683" classname="net.bigpoint.assessment.gasstation.implementation.StationTest" name="testBuyGasDepleted"/>
  <testcase time="35.783" classname="net.bigpoint.assessment.gasstation.implementation.StationTest" name="testBuyGasDepleted"/>
  <testcase time="35.884" classname="net.bigpoint.assessment.gasstation.implementation.StationTest" name="testBuyGasDepleted"/>
  <testcase time="35.985" classname="net.bigpoint.assessment.gasstation.implementation.StationTest" name="testBuyGasDepleted"/>
  <testcase time="36.086" classname="net.bigpoint.assessment.gasstation.implementation.StationTest" name="testBuyGasDepleted"/>
  <testcase time="36.187" classname="net.bigpoint.assessment.gasstation.implementation.StationTest" name="testBuyGasDepleted"/>
  <testcase time="36.288" classname="net.bigpoint.assessment.gasstation.implementation.StationTest" name="testBuyGasDepleted"/>
  <testcase time="36.389" classname="net.bigpoint.assessment.gasstation.implementation.StationTest" name="testBuyGasDepleted"/>
  <testcase time="36.489" classname="net.bigpoint.assessment.gasstation.implementation.StationTest" name="testBuyGasDepleted"/>
  <testcase time="36.59" classname="net.bigpoint.assessment.gasstation.implementation.StationTest" name="testBuyGasDepleted"/>
  <testcase time="36.692" classname="net.bigpoint.assessment.gasstation.implementation.StationTest" name="testBuyGasDepleted"/>
  <testcase time="36.793" classname="net.bigpoint.assessment.gasstation.implementation.StationTest" name="testBuyGasDepleted"/>
  <testcase time="36.893" classname="net.bigpoint.assessment.gasstation.implementation.StationTest" name="testBuyGasDepleted"/>
  <testcase time="36.995" classname="net.bigpoint.assessment.gasstation.implementation.StationTest" name="testBuyGasDepleted"/>
  <testcase time="37.096" classname="net.bigpoint.assessment.gasstation.implementation.StationTest" name="testBuyGasDepleted"/>
  <testcase time="37.197" classname="net.bigpoint.assessment.gasstation.implementation.StationTest" name="testBuyGasDepleted"/>
  <testcase time="37.298" classname="net.bigpoint.assessment.gasstation.implementation.StationTest" name="testBuyGasDepleted"/>
  <testcase time="37.399" classname="net.bigpoint.assessment.gasstation.implementation.StationTest" name="testBuyGasDepleted"/>
  <testcase time="37.5" classname="net.bigpoint.assessment.gasstation.implementation.StationTest" name="testBuyGasDepleted"/>
  <testcase time="37.601" classname="net.bigpoint.assessment.gasstation.implementation.StationTest" name="testBuyGasDepleted"/>
  <testcase time="37.702" classname="net.bigpoint.assessment.gasstation.implementation.StationTest" name="testBuyGasDepleted"/>
  <testcase time="37.803" classname="net.bigpoint.assessment.gasstation.implementation.StationTest" name="testBuyGasDepleted"/>
  <testcase time="37.904" classname="net.bigpoint.assessment.gasstation.implementation.StationTest" name="testBuyGasDepleted"/>
  <testcase time="38.005" classname="net.bigpoint.assessment.gasstation.implementation.StationTest" name="testBuyGasDepleted"/>
  <testcase time="38.105" classname="net.bigpoint.assessment.gasstation.implementation.StationTest" name="testBuyGasDepleted"/>
  <testcase time="38.206" classname="net.bigpoint.assessment.gasstation.implementation.StationTest" name="testBuyGasDepleted"/>
  <testcase time="38.307" classname="net.bigpoint.assessment.gasstation.implementation.StationTest" name="testBuyGasDepleted"/>
  <testcase time="38.407" classname="net.bigpoint.assessment.gasstation.implementation.StationTest" name="testBuyGasDepleted"/>
  <testcase time="38.509" classname="net.bigpoint.assessment.gasstation.implementation.StationTest" name="testBuyGasDepleted"/>
  <testcase time="38.609" classname="net.bigpoint.assessment.gasstation.implementation.StationTest" name="testBuyGasDepleted"/>
  <testcase time="38.71" classname="net.bigpoint.assessment.gasstation.implementation.StationTest" name="testBuyGasDepleted"/>
  <testcase time="38.811" classname="net.bigpoint.assessment.gasstation.implementation.StationTest" name="testBuyGasDepleted"/>
  <testcase time="38.912" classname="net.bigpoint.assessment.gasstation.implementation.StationTest" name="testBuyGasDepleted"/>
  <testcase time="39.013" classname="net.bigpoint.assessment.gasstation.implementation.StationTest" name="testBuyGasDepleted"/>
  <testcase time="39.114" classname="net.bigpoint.assessment.gasstation.implementation.StationTest" name="testBuyGasDepleted"/>
  <testcase time="39.214" classname="net.bigpoint.assessment.gasstation.implementation.StationTest" name="testBuyGasDepleted"/>
  <testcase time="39.315" classname="net.bigpoint.assessment.gasstation.implementation.StationTest" name="testBuyGasDepleted"/>
  <testcase time="39.416" classname="net.bigpoint.assessment.gasstation.implementation.StationTest" name="testBuyGasDepleted"/>
  <testcase time="39.517" classname="net.bigpoint.assessment.gasstation.implementation.StationTest" name="testBuyGasDepleted"/>
  <testcase time="39.618" classname="net.bigpoint.assessment.gasstation.implementation.StationTest" name="testBuyGasDepleted"/>
  <testcase time="39.719" classname="net.bigpoint.assessment.gasstation.implementation.StationTest" name="testBuyGasDepleted"/>
  <testcase time="39.82" classname="net.bigpoint.assessment.gasstation.implementation.StationTest" name="testBuyGasDepleted"/>
  <testcase time="39.921" classname="net.bigpoint.assessment.gasstation.implementation.StationTest" name="testBuyGasDepleted"/>
  <testcase time="40.023" classname="net.bigpoint.assessment.gasstation.implementation.StationTest" name="testBuyGasDepleted"/>
  <testcase time="40.123" classname="net.bigpoint.assessment.gasstation.implementation.StationTest" name="testBuyGasDepleted"/>
  <testcase time="40.225" classname="net.bigpoint.assessment.gasstation.implementation.StationTest" name="testBuyGasDepleted"/>
  <testcase time="40.326" classname="net.bigpoint.assessment.gasstation.implementation.StationTest" name="testBuyGasDepleted"/>
  <testcase time="40.427" classname="net.bigpoint.assessment.gasstation.implementation.StationTest" name="testBuyGasDepleted"/>
  <testcase time="40.528" classname="net.bigpoint.assessment.gasstation.implementation.StationTest" name="testBuyGasDepleted"/>
  <testcase time="40.629" classname="net.bigpoint.assessment.gasstation.implementation.StationTest" name="testBuyGasDepleted"/>
  <testcase time="40.729" classname="net.bigpoint.assessment.gasstation.implementation.StationTest" name="testBuyGasDepleted"/>
  <testcase time="40.83" classname="net.bigpoint.assessment.gasstation.implementation.StationTest" name="testBuyGasDepleted"/>
  <testcase time="40.931" classname="net.bigpoint.assessment.gasstation.implementation.StationTest" name="testBuyGasDepleted"/>
  <testcase time="41.032" classname="net.bigpoint.assessment.gasstation.implementation.StationTest" name="testBuyGasDepleted"/>
  <testcase time="41.133" classname="net.bigpoint.assessment.gasstation.implementation.StationTest" name="testBuyGasDepleted"/>
  <testcase time="41.234" classname="net.bigpoint.assessment.gasstation.implementation.StationTest" name="testBuyGasDepleted"/>
  <testcase time="41.335" classname="net.bigpoint.assessment.gasstation.implementation.StationTest" name="testBuyGasDepleted"/>
  <testcase time="41.436" classname="net.bigpoint.assessment.gasstation.implementation.StationTest" name="testBuyGasDepleted"/>
  <testcase time="41.536" classname="net.bigpoint.assessment.gasstation.implementation.StationTest" name="testBuyGasDepleted"/>
  <testcase time="41.637" classname="net.bigpoint.assessment.gasstation.implementation.StationTest" name="testBuyGasDepleted"/>
  <testcase time="41.738" classname="net.bigpoint.assessment.gasstation.implementation.StationTest" name="testBuyGasDepleted"/>
  <testcase time="41.839" classname="net.bigpoint.assessment.gasstation.implementation.StationTest" name="testBuyGasDepleted"/>
  <testcase time="41.94" classname="net.bigpoint.assessment.gasstation.implementation.StationTest" name="testBuyGasDepleted"/>
  <testcase time="42.041" classname="net.bigpoint.assessment.gasstation.implementation.StationTest" name="testBuyGasDepleted"/>
  <testcase time="42.142" classname="net.bigpoint.assessment.gasstation.implementation.StationTest" name="testBuyGasDepleted"/>
  <testcase time="42.243" classname="net.bigpoint.assessment.gasstation.implementation.StationTest" name="testBuyGasDepleted"/>
  <testcase time="42.344" classname="net.bigpoint.assessment.gasstation.implementation.StationTest" name="testBuyGasDepleted"/>
  <testcase time="42.445" classname="net.bigpoint.assessment.gasstation.implementation.StationTest" name="testBuyGasDepleted"/>
  <testcase time="42.546" classname="net.bigpoint.assessment.gasstation.implementation.StationTest" name="testBuyGasDepleted"/>
  <testcase time="42.647" classname="net.bigpoint.assessment.gasstation.implementation.StationTest" name="testBuyGasDepleted"/>
  <testcase time="42.749" classname="net.bigpoint.assessment.gasstation.implementation.StationTest" name="testBuyGasDepleted"/>
  <testcase time="42.85" classname="net.bigpoint.assessment.gasstation.implementation.StationTest" name="testBuyGasDepleted"/>
  <testcase time="42.95" classname="net.bigpoint.assessment.gasstation.implementation.StationTest" name="testBuyGasDepleted"/>
  <testcase time="43.051" classname="net.bigpoint.assessment.gasstation.implementation.StationTest" name="testBuyGasDepleted"/>
  <testcase time="43.152" classname="net.bigpoint.assessment.gasstation.implementation.StationTest" name="testBuyGasDepleted"/>
  <testcase time="43.254" classname="net.bigpoint.assessment.gasstation.implementation.StationTest" name="testBuyGasDepleted"/>
  <testcase time="43.355" classname="net.bigpoint.assessment.gasstation.implementation.StationTest" name="testBuyGasDepleted"/>
  <testcase time="43.456" classname="net.bigpoint.assessment.gasstation.implementation.StationTest" name="testBuyGasDepleted"/>
  <testcase time="43.557" classname="net.bigpoint.assessment.gasstation.implementation.StationTest" name="testBuyGasDepleted"/>
  <testcase time="43.658" classname="net.bigpoint.assessment.gasstation.implementation.StationTest" name="testBuyGasDepleted"/>
  <testcase time="43.759" classname="net.bigpoint.assessment.gasstation.implementation.StationTest" name="testBuyGasDepleted"/>
  <testcase time="43.86" classname="net.bigpoint.assessment.gasstation.implementation.StationTest" name="testBuyGasDepleted"/>
  <testcase time="43.961" classname="net.bigpoint.assessment.gasstation.implementation.StationTest" name="testBuyGasDepleted"/>
  <testcase time="44.062" classname="net.bigpoint.assessment.gasstation.implementation.StationTest" name="testBuyGasDepleted"/>
  <testcase time="44.163" classname="net.bigpoint.assessment.gasstation.implementation.StationTest" name="testBuyGasDepleted"/>
  <testcase time="44.264" classname="net.bigpoint.assessment.gasstation.implementation.StationTest" name="testBuyGasDepleted"/>
  <testcase time="44.365" classname="net.bigpoint.assessment.gasstation.implementation.StationTest" name="testBuyGasDepleted"/>
  <testcase time="44.466" classname="net.bigpoint.assessment.gasstation.implementation.StationTest" name="testBuyGasDepleted"/>
  <testcase time="44.567" classname="net.bigpoint.assessment.gasstation.implementation.StationTest" name="testBuyGasDepleted"/>
  <testcase time="44.668" classname="net.bigpoint.assessment.gasstation.implementation.StationTest" name="testBuyGasDepleted"/>
  <testcase time="44.77" classname="net.bigpoint.assessment.gasstation.implementation.StationTest" name="testBuyGasDepleted"/>
  <testcase time="44.871" classname="net.bigpoint.assessment.gasstation.implementation.StationTest" name="testBuyGasDepleted"/>
  <testcase time="44.972" classname="net.bigpoint.assessment.gasstation.implementation.StationTest" name="testBuyGasDepleted"/>
  <testcase time="45.073" classname="net.bigpoint.assessment.gasstation.implementation.StationTest" name="testBuyGasDepleted"/>
  <testcase time="45.175" classname="net.bigpoint.assessment.gasstation.implementation.StationTest" name="testBuyGasDepleted"/>
  <testcase time="45.276" classname="net.bigpoint.assessment.gasstation.implementation.StationTest" name="testBuyGasDepleted"/>
  <testcase time="45.377" classname="net.bigpoint.assessment.gasstation.implementation.StationTest" name="testBuyGasDepleted"/>
  <testcase time="45.478" classname="net.bigpoint.assessment.gasstation.implementation.StationTest" name="testBuyGasDepleted"/>
  <testcase time="45.579" classname="net.bigpoint.assessment.gasstation.implementation.StationTest" name="testBuyGasDepleted"/>
  <testcase time="45.679" classname="net.bigpoint.assessment.gasstation.implementation.StationTest" name="testBuyGasDepleted"/>
  <testcase time="45.78" classname="net.bigpoint.assessment.gasstation.implementation.StationTest" name="testBuyGasDepleted"/>
  <testcase time="45.881" classname="net.bigpoint.assessment.gasstation.implementation.StationTest" name="testBuyGasDepleted"/>
  <testcase time="45.982" classname="net.bigpoint.assessment.gasstation.implementation.StationTest" name="testBuyGasDepleted"/>
  <testcase time="46.083" classname="net.bigpoint.assessment.gasstation.implementation.StationTest" name="testBuyGasDepleted"/>
  <testcase time="46.184" classname="net.bigpoint.assessment.gasstation.implementation.StationTest" name="testBuyGasDepleted"/>
  <testcase time="46.285" classname="net.bigpoint.assessment.gasstation.implementation.StationTest" name="testBuyGasDepleted"/>
  <testcase time="46.385" classname="net.bigpoint.assessment.gasstation.implementation.StationTest" name="testBuyGasDepleted"/>
  <testcase time="46.486" classname="net.bigpoint.assessment.gasstation.implementation.StationTest" name="testBuyGasDepleted"/>
  <testcase time="46.587" classname="net.bigpoint.assessment.gasstation.implementation.StationTest" name="testBuyGasDepleted"/>
  <testcase time="46.688" classname="net.bigpoint.assessment.gasstation.implementation.StationTest" name="testBuyGasDepleted"/>
  <testcase time="46.789" classname="net.bigpoint.assessment.gasstation.implementation.StationTest" name="testBuyGasDepleted"/>
  <testcase time="46.892" classname="net.bigpoint.assessment.gasstation.implementation.StationTest" name="testBuyGasDepleted"/>
  <testcase time="46.991" classname="net.bigpoint.assessment.gasstation.implementation.StationTest" name="testBuyGasDepleted"/>
  <testcase time="47.092" classname="net.bigpoint.assessment.gasstation.implementation.StationTest" name="testBuyGasDepleted"/>
  <testcase time="47.193" classname="net.bigpoint.assessment.gasstation.implementation.StationTest" name="testBuyGasDepleted"/>
  <testcase time="47.294" classname="net.bigpoint.assessment.gasstation.implementation.StationTest" name="testBuyGasDepleted"/>
  <testcase time="47.395" classname="net.bigpoint.assessment.gasstation.implementation.StationTest" name="testBuyGasDepleted"/>
  <testcase time="47.496" classname="net.bigpoint.assessment.gasstation.implementation.StationTest" name="testBuyGasDepleted"/>
  <testcase time="47.596" classname="net.bigpoint.assessment.gasstation.implementation.StationTest" name="testBuyGasDepleted"/>
  <testcase time="47.697" classname="net.bigpoint.assessment.gasstation.implementation.StationTest" name="testBuyGasDepleted"/>
  <testcase time="47.799" classname="net.bigpoint.assessment.gasstation.implementation.StationTest" name="testBuyGasDepleted"/>
  <testcase time="47.9" classname="net.bigpoint.assessment.gasstation.implementation.StationTest" name="testBuyGasDepleted"/>
  <testcase time="48.001" classname="net.bigpoint.assessment.gasstation.implementation.StationTest" name="testBuyGasDepleted"/>
  <testcase time="48.102" classname="net.bigpoint.assessment.gasstation.implementation.StationTest" name="testBuyGasDepleted"/>
  <testcase time="48.203" classname="net.bigpoint.assessment.gasstation.implementation.StationTest" name="testBuyGasDepleted"/>
  <testcase time="48.304" classname="net.bigpoint.assessment.gasstation.implementation.StationTest" name="testBuyGasDepleted"/>
  <testcase time="48.405" classname="net.bigpoint.assessment.gasstation.implementation.StationTest" name="testBuyGasDepleted"/>
  <testcase time="48.506" classname="net.bigpoint.assessment.gasstation.implementation.StationTest" name="testBuyGasDepleted"/>
  <testcase time="48.607" classname="net.bigpoint.assessment.gasstation.implementation.StationTest" name="testBuyGasDepleted"/>
  <testcase time="48.708" classname="net.bigpoint.assessment.gasstation.implementation.StationTest" name="testBuyGasDepleted"/>
  <testcase time="48.808" classname="net.bigpoint.assessment.gasstation.implementation.StationTest" name="testBuyGasDepleted"/>
  <testcase time="48.909" classname="net.bigpoint.assessment.gasstation.implementation.StationTest" name="testBuyGasDepleted"/>
  <testcase time="49.01" classname="net.bigpoint.assessment.gasstation.implementation.StationTest" name="testBuyGasDepleted"/>
  <testcase time="49.111" classname="net.bigpoint.assessment.gasstation.implementation.StationTest" name="testBuyGasDepleted"/>
  <testcase time="49.212" classname="net.bigpoint.assessment.gasstation.implementation.StationTest" name="testBuyGasDepleted"/>
  <testcase time="49.312" classname="net.bigpoint.assessment.gasstation.implementation.StationTest" name="testBuyGasDepleted"/>
  <testcase time="49.413" classname="net.bigpoint.assessment.gasstation.implementation.StationTest" name="testBuyGasDepleted"/>
  <testcase time="49.514" classname="net.bigpoint.assessment.gasstation.implementation.StationTest" name="testBuyGasDepleted"/>
  <testcase time="49.615" classname="net.bigpoint.assessment.gasstation.implementation.StationTest" name="testBuyGasDepleted"/>
  <testcase time="49.716" classname="net.bigpoint.assessment.gasstation.implementation.StationTest" name="testBuyGasDepleted"/>
  <testcase time="49.817" classname="net.bigpoint.assessment.gasstation.implementation.StationTest" name="testBuyGasDepleted"/>
  <testcase time="49.919" classname="net.bigpoint.assessment.gasstation.implementation.StationTest" name="testBuyGasDepleted"/>
  <testcase time="50.019" classname="net.bigpoint.assessment.gasstation.implementation.StationTest" name="testBuyGasDepleted"/>
  <testcase time="50.12" classname="net.bigpoint.assessment.gasstation.implementation.StationTest" name="testBuyGasDepleted"/>
  <testcase time="50.221" classname="net.bigpoint.assessment.gasstation.implementation.StationTest" name="testBuyGasDepleted"/>
  <testcase time="50.323" classname="net.bigpoint.assessment.gasstation.implementation.StationTest" name="testBuyGasDepleted"/>
  <testcase time="50.423" classname="net.bigpoint.assessment.gasstation.implementation.StationTest" name="testBuyGasDepleted"/>
  <testcase time="50.525" classname="net.bigpoint.assessment.gasstation.implementation.StationTest" name="testBuyGasDepleted"/>
  <testcase time="50.626" classname="net.bigpoint.assessment.gasstation.implementation.StationTest" name="testBuyGasDepleted"/>
  <testcase time="50.727" classname="net.bigpoint.assessment.gasstation.implementation.StationTest" name="testBuyGasDepleted"/>
  <testcase time="50.828" classname="net.bigpoint.assessment.gasstation.implementation.StationTest" name="testBuyGasDepleted"/>
  <testcase time="50.929" classname="net.bigpoint.assessment.gasstation.implementation.StationTest" name="testBuyGasDepleted"/>
  <testcase time="51.03" classname="net.bigpoint.assessment.gasstation.implementation.StationTest" name="testBuyGasDepleted"/>
  <testcase time="51.13" classname="net.bigpoint.assessment.gasstation.implementation.StationTest" name="testBuyGasDepleted"/>
  <testcase time="51.231" classname="net.bigpoint.assessment.gasstation.implementation.StationTest" name="testBuyGasDepleted"/>
  <testcase time="51.332" classname="net.bigpoint.assessment.gasstation.implementation.StationTest" name="testBuyGasDepleted"/>
  <testcase time="51.433" classname="net.bigpoint.assessment.gasstation.implementation.StationTest" name="testBuyGasDepleted"/>
  <testcase time="51.535" classname="net.bigpoint.assessment.gasstation.implementation.StationTest" name="testBuyGasDepleted"/>
  <testcase time="51.635" classname="net.bigpoint.assessment.gasstation.implementation.StationTest" name="testBuyGasDepleted"/>
  <testcase time="51.736" classname="net.bigpoint.assessment.gasstation.implementation.StationTest" name="testBuyGasDepleted"/>
  <testcase time="51.837" classname="net.bigpoint.assessment.gasstation.implementation.StationTest" name="testBuyGasDepleted"/>
  <testcase time="51.938" classname="net.bigpoint.assessment.gasstation.implementation.StationTest" name="testBuyGasDepleted"/>
  <testcase time="52.039" classname="net.bigpoint.assessment.gasstation.implementation.StationTest" name="testBuyGasDepleted"/>
  <testcase time="52.14" classname="net.bigpoint.assessment.gasstation.implementation.StationTest" name="testBuyGasDepleted"/>
  <testcase time="52.242" classname="net.bigpoint.assessment.gasstation.implementation.StationTest" name="testBuyGasDepleted"/>
  <testcase time="52.343" classname="net.bigpoint.assessment.gasstation.implementation.StationTest" name="testBuyGasDepleted"/>
  <testcase time="52.444" classname="net.bigpoint.assessment.gasstation.implementation.StationTest" name="testBuyGasDepleted"/>
  <testcase time="52.545" classname="net.bigpoint.assessment.gasstation.implementation.StationTest" name="testBuyGasDepleted"/>
  <testcase time="52.646" classname="net.bigpoint.assessment.gasstation.implementation.StationTest" name="testBuyGasDepleted"/>
  <testcase time="52.747" classname="net.bigpoint.assessment.gasstation.implementation.StationTest" name="testBuyGasDepleted"/>
  <testcase time="52.848" classname="net.bigpoint.assessment.gasstation.implementation.StationTest" name="testBuyGasDepleted"/>
  <testcase time="52.95" classname="net.bigpoint.assessment.gasstation.implementation.StationTest" name="testBuyGasDepleted"/>
  <testcase time="53.05" classname="net.bigpoint.assessment.gasstation.implementation.StationTest" name="testBuyGasDepleted"/>
  <testcase time="53.151" classname="net.bigpoint.assessment.gasstation.implementation.StationTest" name="testBuyGasDepleted"/>
  <testcase time="53.252" classname="net.bigpoint.assessment.gasstation.implementation.StationTest" name="testBuyGasDepleted"/>
  <testcase time="53.353" classname="net.bigpoint.assessment.gasstation.implementation.StationTest" name="testBuyGasDepleted"/>
  <testcase time="53.454" classname="net.bigpoint.assessment.gasstation.implementation.StationTest" name="testBuyGasDepleted"/>
  <testcase time="53.555" classname="net.bigpoint.assessment.gasstation.implementation.StationTest" name="testBuyGasDepleted"/>
  <testcase time="53.656" classname="net.bigpoint.assessment.gasstation.implementation.StationTest" name="testBuyGasDepleted"/>
  <testcase time="53.758" classname="net.bigpoint.assessment.gasstation.implementation.StationTest" name="testBuyGasDepleted"/>
  <testcase time="53.858" classname="net.bigpoint.assessment.gasstation.implementation.StationTest" name="testBuyGasDepleted"/>
  <testcase time="53.96" classname="net.bigpoint.assessment.gasstation.implementation.StationTest" name="testBuyGasDepleted"/>
  <testcase time="54.061" classname="net.bigpoint.assessment.gasstation.implementation.StationTest" name="testBuyGasDepleted"/>
  <testcase time="54.161" classname="net.bigpoint.assessment.gasstation.implementation.StationTest" name="testBuyGasDepleted"/>
  <testcase time="54.262" classname="net.bigpoint.assessment.gasstation.implementation.StationTest" name="testBuyGasDepleted"/>
  <testcase time="54.363" classname="net.bigpoint.assessment.gasstation.implementation.StationTest" name="testBuyGasDepleted"/>
  <testcase time="54.464" classname="net.bigpoint.assessment.gasstation.implementation.StationTest" name="testBuyGasDepleted"/>
  <testcase time="54.564" classname="net.bigpoint.assessment.gasstation.implementation.StationTest" name="testBuyGasDepleted"/>
  <testcase time="54.665" classname="net.bigpoint.assessment.gasstation.implementation.StationTest" name="testBuyGasDepleted"/>
  <testcase time="54.766" classname="net.bigpoint.assessment.gasstation.implementation.StationTest" name="testBuyGasDepleted"/>
  <testcase time="54.867" classname="net.bigpoint.assessment.gasstation.implementation.StationTest" name="testBuyGasDepleted"/>
  <testcase time="54.968" classname="net.bigpoint.assessment.gasstation.implementation.StationTest" name="testBuyGasDepleted"/>
  <testcase time="55.07" classname="net.bigpoint.assessment.gasstation.implementation.StationTest" name="testBuyGasDepleted"/>
  <testcase time="55.171" classname="net.bigpoint.assessment.gasstation.implementation.StationTest" name="testBuyGasDepleted"/>
  <testcase time="55.272" classname="net.bigpoint.assessment.gasstation.implementation.StationTest" name="testBuyGasDepleted"/>
  <testcase time="55.372" classname="net.bigpoint.assessment.gasstation.implementation.StationTest" name="testBuyGasDepleted"/>
  <testcase time="55.473" classname="net.bigpoint.assessment.gasstation.implementation.StationTest" name="testBuyGasDepleted"/>
  <testcase time="55.574" classname="net.bigpoint.assessment.gasstation.implementation.StationTest" name="testBuyGasDepleted"/>
  <testcase time="55.675" classname="net.bigpoint.assessment.gasstation.implementation.StationTest" name="testBuyGasDepleted"/>
  <testcase time="55.777" classname="net.bigpoint.assessment.gasstation.implementation.StationTest" name="testBuyGasDepleted"/>
  <testcase time="55.878" classname="net.bigpoint.assessment.gasstation.implementation.StationTest" name="testBuyGasDepleted"/>
  <testcase time="55.979" classname="net.bigpoint.assessment.gasstation.implementation.StationTest" name="testBuyGasDepleted"/>
  <testcase time="56.08" classname="net.bigpoint.assessment.gasstation.implementation.StationTest" name="testBuyGasDepleted"/>
  <testcase time="56.181" classname="net.bigpoint.assessment.gasstation.implementation.StationTest" name="testBuyGasDepleted"/>
  <testcase time="56.283" classname="net.bigpoint.assessment.gasstation.implementation.StationTest" name="testBuyGasDepleted"/>
  <testcase time="56.383" classname="net.bigpoint.assessment.gasstation.implementation.StationTest" name="testBuyGasDepleted"/>
  <testcase time="56.484" classname="net.bigpoint.assessment.gasstation.implementation.StationTest" name="testBuyGasDepleted"/>
  <testcase time="56.585" classname="net.bigpoint.assessment.gasstation.implementation.StationTest" name="testBuyGasDepleted"/>
  <testcase time="56.686" classname="net.bigpoint.assessment.gasstation.implementation.StationTest" name="testBuyGasDepleted"/>
  <testcase time="56.787" classname="net.bigpoint.assessment.gasstation.implementation.StationTest" name="testBuyGasDepleted"/>
  <testcase time="56.888" classname="net.bigpoint.assessment.gasstation.implementation.StationTest" name="testBuyGasDepleted"/>
  <testcase time="56.989" classname="net.bigpoint.assessment.gasstation.implementation.StationTest" name="testBuyGasDepleted"/>
  <testcase time="57.09" classname="net.bigpoint.assessment.gasstation.implementation.StationTest" name="testBuyGasDepleted"/>
  <testcase time="57.191" classname="net.bigpoint.assessment.gasstation.implementation.StationTest" name="testBuyGasDepleted"/>
  <testcase time="57.292" classname="net.bigpoint.assessment.gasstation.implementation.StationTest" name="testBuyGasDepleted"/>
  <testcase time="57.393" classname="net.bigpoint.assessment.gasstation.implementation.StationTest" name="testBuyGasDepleted"/>
  <testcase time="57.494" classname="net.bigpoint.assessment.gasstation.implementation.StationTest" name="testBuyGasDepleted"/>
  <testcase time="57.595" classname="net.bigpoint.assessment.gasstation.implementation.StationTest" name="testBuyGasDepleted"/>
  <testcase time="57.696" classname="net.bigpoint.assessment.gasstation.implementation.StationTest" name="testBuyGasDepleted"/>
  <testcase time="57.796" classname="net.bigpoint.assessment.gasstation.implementation.StationTest" name="testBuyGasDepleted"/>
  <testcase time="57.897" classname="net.bigpoint.assessment.gasstation.implementation.StationTest" name="testBuyGasDepleted"/>
  <testcase time="57.998" classname="net.bigpoint.assessment.gasstation.implementation.StationTest" name="testBuyGasDepleted"/>
  <testcase time="58.099" classname="net.bigpoint.assessment.gasstation.implementation.StationTest" name="testBuyGasDepleted"/>
  <testcase time="58.2" classname="net.bigpoint.assessment.gasstation.implementation.StationTest" name="testBuyGasDepleted"/>
  <testcase time="58.3" classname="net.bigpoint.assessment.gasstation.implementation.StationTest" name="testBuyGasDepleted"/>
  <testcase time="58.401" classname="net.bigpoint.assessment.gasstation.implementation.StationTest" name="testBuyGasDepleted"/>
  <testcase time="58.502" classname="net.bigpoint.assessment.gasstation.implementation.StationTest" name="testBuyGasDepleted"/>
  <testcase time="58.603" classname="net.bigpoint.assessment.gasstation.implementation.StationTest" name="testBuyGasDepleted"/>
  <testcase time="58.704" classname="net.bigpoint.assessment.gasstation.implementation.StationTest" name="testBuyGasDepleted"/>
  <testcase time="58.805" classname="net.bigpoint.assessment.gasstation.implementation.StationTest" name="testBuyGasDepleted"/>
  <testcase time="58.906" classname="net.bigpoint.assessment.gasstation.implementation.StationTest" name="testBuyGasDepleted"/>
  <testcase time="59.007" classname="net.bigpoint.assessment.gasstation.implementation.StationTest" name="testBuyGasDepleted"/>
  <testcase time="59.108" classname="net.bigpoint.assessment.gasstation.implementation.StationTest" name="testBuyGasDepleted"/>
  <testcase time="59.209" classname="net.bigpoint.assessment.gasstation.implementation.StationTest" name="testBuyGasDepleted"/>
  <testcase time="59.31" classname="net.bigpoint.assessment.gasstation.implementation.StationTest" name="testBuyGasDepleted"/>
  <testcase time="59.412" classname="net.bigpoint.assessment.gasstation.implementation.StationTest" name="testBuyGasDepleted"/>
  <testcase time="59.512" classname="net.bigpoint.assessment.gasstation.implementation.StationTest" name="testBuyGasDepleted"/>
  <testcase time="59.613" classname="net.bigpoint.assessment.gasstation.implementation.StationTest" name="testBuyGasDepleted"/>
  <testcase time="59.714" classname="net.bigpoint.assessment.gasstation.implementation.StationTest" name="testBuyGasDepleted"/>
  <testcase time="59.815" classname="net.bigpoint.assessment.gasstation.implementation.StationTest" name="testBuyGasDepleted"/>
  <testcase time="59.916" classname="net.bigpoint.assessment.gasstation.implementation.StationTest" name="testBuyGasDepleted"/>
  <testcase time="60.017" classname="net.bigpoint.assessment.gasstation.implementation.StationTest" name="testBuyGasDepleted"/>
  <testcase time="60.118" classname="net.bigpoint.assessment.gasstation.implementation.StationTest" name="testBuyGasDepleted"/>
  <testcase time="60.219" classname="net.bigpoint.assessment.gasstation.implementation.StationTest" name="testBuyGasDepleted"/>
  <testcase time="60.319" classname="net.bigpoint.assessment.gasstation.implementation.StationTest" name="testBuyGasDepleted"/>
  <testcase time="60.42" classname="net.bigpoint.assessment.gasstation.implementation.StationTest" name="testBuyGasDepleted"/>
  <testcase time="60.521" classname="net.bigpoint.assessment.gasstation.implementation.StationTest" name="testBuyGasDepleted"/>
  <testcase time="60.622" classname="net.bigpoint.assessment.gasstation.implementation.StationTest" name="testBuyGasDepleted"/>
  <testcase time="60.723" classname="net.bigpoint.assessment.gasstation.implementation.StationTest" name="testBuyGasDepleted"/>
  <testcase time="60.824" classname="net.bigpoint.assessment.gasstation.implementation.StationTest" name="testBuyGasDepleted"/>
  <testcase time="60.925" classname="net.bigpoint.assessment.gasstation.implementation.StationTest" name="testBuyGasDepleted"/>
  <testcase time="61.026" classname="net.bigpoint.assessment.gasstation.implementation.StationTest" name="testBuyGasDepleted"/>
  <testcase time="61.126" classname="net.bigpoint.assessment.gasstation.implementation.StationTest" name="testBuyGasDepleted"/>
  <testcase time="61.228" classname="net.bigpoint.assessment.gasstation.implementation.StationTest" name="testBuyGasDepleted"/>
  <testcase time="61.329" classname="net.bigpoint.assessment.gasstation.implementation.StationTest" name="testBuyGasDepleted"/>
  <testcase time="61.43" classname="net.bigpoint.assessment.gasstation.implementation.StationTest" name="testBuyGasDepleted"/>
  <testcase time="61.531" classname="net.bigpoint.assessment.gasstation.implementation.StationTest" name="testBuyGasDepleted"/>
  <testcase time="61.632" classname="net.bigpoint.assessment.gasstation.implementation.StationTest" name="testBuyGasDepleted"/>
  <testcase time="61.733" classname="net.bigpoint.assessment.gasstation.implementation.StationTest" name="testBuyGasDepleted"/>
  <testcase time="61.834" classname="net.bigpoint.assessment.gasstation.implementation.StationTest" name="testBuyGasDepleted"/>
  <testcase time="61.935" classname="net.bigpoint.assessment.gasstation.implementation.StationTest" name="testBuyGasDepleted"/>
  <testcase time="62.037" classname="net.bigpoint.assessment.gasstation.implementation.StationTest" name="testBuyGasDepleted"/>
  <testcase time="62.137" classname="net.bigpoint.assessment.gasstation.implementation.StationTest" name="testBuyGasDepleted"/>
  <testcase time="62.238" classname="net.bigpoint.assessment.gasstation.implementation.StationTest" name="testBuyGasDepleted"/>
  <testcase time="62.34" classname="net.bigpoint.assessment.gasstation.implementation.StationTest" name="testBuyGasDepleted"/>
  <testcase time="62.441" classname="net.bigpoint.assessment.gasstation.implementation.StationTest" name="testBuyGasDepleted"/>
  <testcase time="62.542" classname="net.bigpoint.assessment.gasstation.implementation.StationTest" name="testBuyGasDepleted"/>
  <testcase time="62.643" classname="net.bigpoint.assessment.gasstation.implementation.StationTest" name="testBuyGasDepleted"/>
  <testcase time="62.744" classname="net.bigpoint.assessment.gasstation.implementation.StationTest" name="testBuyGasDepleted"/>
  <testcase time="62.844" classname="net.bigpoint.assessment.gasstation.implementation.StationTest" name="testBuyGasDepleted"/>
  <testcase time="62.945" classname="net.bigpoint.assessment.gasstation.implementation.StationTest" name="testBuyGasDepleted"/>
  <testcase time="63.047" classname="net.bigpoint.assessment.gasstation.implementation.StationTest" name="testBuyGasDepleted"/>
  <testcase time="63.147" classname="net.bigpoint.assessment.gasstation.implementation.StationTest" name="testBuyGasDepleted"/>
  <testcase time="63.248" classname="net.bigpoint.assessment.gasstation.implementation.StationTest" name="testBuyGasDepleted"/>
  <testcase time="63.349" classname="net.bigpoint.assessment.gasstation.implementation.StationTest" name="testBuyGasDepleted"/>
  <testcase time="63.45" classname="net.bigpoint.assessment.gasstation.implementation.StationTest" name="testBuyGasDepleted"/>
  <testcase time="63.55" classname="net.bigpoint.assessment.gasstation.implementation.StationTest" name="testBuyGasDepleted"/>
  <testcase time="63.651" classname="net.bigpoint.assessment.gasstation.implementation.StationTest" name="testBuyGasDepleted"/>
  <testcase time="63.752" classname="net.bigpoint.assessment.gasstation.implementation.StationTest" name="testBuyGasDepleted"/>
  <testcase time="63.852" classname="net.bigpoint.assessment.gasstation.implementation.StationTest" name="testBuyGasDepleted"/>
  <testcase time="63.953" classname="net.bigpoint.assessment.gasstation.implementation.StationTest" name="testBuyGasDepleted"/>
  <testcase time="64.054" classname="net.bigpoint.assessment.gasstation.implementation.StationTest" name="testBuyGasDepleted"/>
  <testcase time="64.155" classname="net.bigpoint.assessment.gasstation.implementation.StationTest" name="testBuyGasDepleted"/>
  <testcase time="64.255" classname="net.bigpoint.assessment.gasstation.implementation.StationTest" name="testBuyGasDepleted"/>
  <testcase time="64.356" classname="net.bigpoint.assessment.gasstation.implementation.StationTest" name="testBuyGasDepleted"/>
  <testcase time="64.457" classname="net.bigpoint.assessment.gasstation.implementation.StationTest" name="testBuyGasDepleted"/>
  <testcase time="64.558" classname="net.bigpoint.assessment.gasstation.implementation.StationTest" name="testBuyGasDepleted"/>
  <testcase time="64.659" classname="net.bigpoint.assessment.gasstation.implementation.StationTest" name="testBuyGasDepleted"/>
  <testcase time="64.76" classname="net.bigpoint.assessment.gasstation.implementation.StationTest" name="testBuyGasDepleted"/>
  <testcase time="64.861" classname="net.bigpoint.assessment.gasstation.implementation.StationTest" name="testBuyGasDepleted"/>
  <testcase time="64.962" classname="net.bigpoint.assessment.gasstation.implementation.StationTest" name="testBuyGasDepleted"/>
  <testcase time="65.062" classname="net.bigpoint.assessment.gasstation.implementation.StationTest" name="testBuyGasDepleted"/>
  <testcase time="65.163" classname="net.bigpoint.assessment.gasstation.implementation.StationTest" name="testBuyGasDepleted"/>
  <testcase time="65.265" classname="net.bigpoint.assessment.gasstation.implementation.StationTest" name="testBuyGasDepleted"/>
  <testcase time="65.365" classname="net.bigpoint.assessment.gasstation.implementation.StationTest" name="testBuyGasDepleted"/>
  <testcase time="65.466" classname="net.bigpoint.assessment.gasstation.implementation.StationTest" name="testBuyGasDepleted"/>
  <testcase time="65.567" classname="net.bigpoint.assessment.gasstation.implementation.StationTest" name="testBuyGasDepleted"/>
  <testcase time="65.669" classname="net.bigpoint.assessment.gasstation.implementation.StationTest" name="testBuyGasDepleted"/>
  <testcase time="65.769" classname="net.bigpoint.assessment.gasstation.implementation.StationTest" name="testBuyGasDepleted"/>
  <testcase time="65.87" classname="net.bigpoint.assessment.gasstation.implementation.StationTest" name="testBuyGasDepleted"/>
  <testcase time="65.971" classname="net.bigpoint.assessment.gasstation.implementation.StationTest" name="testBuyGasDepleted"/>
  <testcase time="66.072" classname="net.bigpoint.assessment.gasstation.implementation.StationTest" name="testBuyGasDepleted"/>
  <testcase time="66.173" classname="net.bigpoint.assessment.gasstation.implementation.StationTest" name="testBuyGasDepleted"/>
  <testcase time="66.274" classname="net.bigpoint.assessment.gasstation.implementation.StationTest" name="testBuyGasDepleted"/>
  <testcase time="66.375" classname="net.bigpoint.assessment.gasstation.implementation.StationTest" name="testBuyGasDepleted"/>
  <testcase time="66.476" classname="net.bigpoint.assessment.gasstation.implementation.StationTest" name="testBuyGasDepleted"/>
  <testcase time="66.577" classname="net.bigpoint.assessment.gasstation.implementation.StationTest" name="testBuyGasDepleted"/>
  <testcase time="66.677" classname="net.bigpoint.assessment.gasstation.implementation.StationTest" name="testBuyGasDepleted"/>
  <testcase time="66.778" classname="net.bigpoint.assessment.gasstation.implementation.StationTest" name="testBuyGasDepleted"/>
  <testcase time="66.879" classname="net.bigpoint.assessment.gasstation.implementation.StationTest" name="testBuyGasDepleted"/>
  <testcase time="66.98" classname="net.bigpoint.assessment.gasstation.implementation.StationTest" name="testBuyGasDepleted"/>
  <testcase time="67.081" classname="net.bigpoint.assessment.gasstation.implementation.StationTest" name="testBuyGasDepleted"/>
  <testcase time="67.182" classname="net.bigpoint.assessment.gasstation.implementation.StationTest" name="testBuyGasDepleted"/>
  <testcase time="67.283" classname="net.bigpoint.assessment.gasstation.implementation.StationTest" name="testBuyGasDepleted"/>
  <testcase time="67.384" classname="net.bigpoint.assessment.gasstation.implementation.StationTest" name="testBuyGasDepleted"/>
  <testcase time="67.485" classname="net.bigpoint.assessment.gasstation.implementation.StationTest" name="testBuyGasDepleted"/>
  <testcase time="67.586" classname="net.bigpoint.assessment.gasstation.implementation.StationTest" name="testBuyGasDepleted"/>
  <testcase time="67.687" classname="net.bigpoint.assessment.gasstation.implementation.StationTest" name="testBuyGasDepleted"/>
  <testcase time="67.789" classname="net.bigpoint.assessment.gasstation.implementation.StationTest" name="testBuyGasDepleted"/>
  <testcase time="67.889" classname="net.bigpoint.assessment.gasstation.implementation.StationTest" name="testBuyGasDepleted"/>
  <testcase time="67.989" classname="net.bigpoint.assessment.gasstation.implementation.StationTest" name="testBuyGasDepleted"/>
  <testcase time="68.09" classname="net.bigpoint.assessment.gasstation.implementation.StationTest" name="testBuyGasDepleted"/>
  <testcase time="68.191" classname="net.bigpoint.assessment.gasstation.implementation.StationTest" name="testBuyGasDepleted"/>
  <testcase time="68.292" classname="net.bigpoint.assessment.gasstation.implementation.StationTest" name="testBuyGasDepleted"/>
  <testcase time="68.393" classname="net.bigpoint.assessment.gasstation.implementation.StationTest" name="testBuyGasDepleted"/>
  <testcase time="68.494" classname="net.bigpoint.assessment.gasstation.implementation.StationTest" name="testBuyGasDepleted"/>
  <testcase time="68.594" classname="net.bigpoint.assessment.gasstation.implementation.StationTest" name="testBuyGasDepleted"/>
  <testcase time="68.695" classname="net.bigpoint.assessment.gasstation.implementation.StationTest" name="testBuyGasDepleted"/>
  <testcase time="68.796" classname="net.bigpoint.assessment.gasstation.implementation.StationTest" name="testBuyGasDepleted"/>
  <testcase time="68.897" classname="net.bigpoint.assessment.gasstation.implementation.StationTest" name="testBuyGasDepleted"/>
  <testcase time="68.998" classname="net.bigpoint.assessment.gasstation.implementation.StationTest" name="testBuyGasDepleted"/>
  <testcase time="69.098" classname="net.bigpoint.assessment.gasstation.implementation.StationTest" name="testBuyGasDepleted"/>
  <testcase time="69.199" classname="net.bigpoint.assessment.gasstation.implementation.StationTest" name="testBuyGasDepleted"/>
  <testcase time="69.3" classname="net.bigpoint.assessment.gasstation.implementation.StationTest" name="testBuyGasDepleted"/>
  <testcase time="69.401" classname="net.bigpoint.assessment.gasstation.implementation.StationTest" name="testBuyGasDepleted"/>
  <testcase time="69.502" classname="net.bigpoint.assessment.gasstation.implementation.StationTest" name="testBuyGasDepleted"/>
  <testcase time="69.603" classname="net.bigpoint.assessment.gasstation.implementation.StationTest" name="testBuyGasDepleted"/>
  <testcase time="69.704" classname="net.bigpoint.assessment.gasstation.implementation.StationTest" name="testBuyGasDepleted"/>
  <testcase time="69.805" classname="net.bigpoint.assessment.gasstation.implementation.StationTest" name="testBuyGasDepleted"/>
  <testcase time="69.905" classname="net.bigpoint.assessment.gasstation.implementation.StationTest" name="testBuyGasDepleted"/>
  <testcase time="70.006" classname="net.bigpoint.assessment.gasstation.implementation.StationTest" name="testBuyGasDepleted"/>
  <testcase time="70.107" classname="net.bigpoint.assessment.gasstation.implementation.StationTest" name="testBuyGasDepleted"/>
  <testcase time="70.208" classname="net.bigpoint.assessment.gasstation.implementation.StationTest" name="testBuyGasDepleted"/>
  <testcase time="70.309" classname="net.bigpoint.assessment.gasstation.implementation.StationTest" name="testBuyGasDepleted"/>
  <testcase time="70.41" classname="net.bigpoint.assessment.gasstation.implementation.StationTest" name="testBuyGasDepleted"/>
  <testcase time="70.511" classname="net.bigpoint.assessment.gasstation.implementation.StationTest" name="testBuyGasDepleted"/>
  <testcase time="70.611" classname="net.bigpoint.assessment.gasstation.implementation.StationTest" name="testBuyGasDepleted"/>
  <testcase time="70.713" classname="net.bigpoint.assessment.gasstation.implementation.StationTest" name="testBuyGasDepleted"/>
  <testcase time="70.814" classname="net.bigpoint.assessment.gasstation.implementation.StationTest" name="testBuyGasDepleted"/>
  <testcase time="70.914" classname="net.bigpoint.assessment.gasstation.implementation.StationTest" name="testBuyGasDepleted"/>
  <testcase time="71.015" classname="net.bigpoint.assessment.gasstation.implementation.StationTest" name="testBuyGasDepleted"/>
  <testcase time="71.116" classname="net.bigpoint.assessment.gasstation.implementation.StationTest" name="testBuyGasDepleted"/>
  <testcase time="71.217" classname="net.bigpoint.assessment.gasstation.implementation.StationTest" name="testBuyGasDepleted"/>
  <testcase time="71.318" classname="net.bigpoint.assessment.gasstation.implementation.StationTest" name="testBuyGasDepleted"/>
  <testcase time="71.419" classname="net.bigpoint.assessment.gasstation.implementation.StationTest" name="testBuyGasDepleted"/>
  <testcase time="71.52" classname="net.bigpoint.assessment.gasstation.implementation.StationTest" name="testBuyGasDepleted"/>
  <testcase time="71.62" classname="net.bigpoint.assessment.gasstation.implementation.StationTest" name="testBuyGasDepleted"/>
  <testcase time="71.721" classname="net.bigpoint.assessment.gasstation.implementation.StationTest" name="testBuyGasDepleted"/>
  <testcase time="71.823" classname="net.bigpoint.assessment.gasstation.implementation.StationTest" name="testBuyGasDepleted"/>
  <testcase time="71.924" classname="net.bigpoint.assessment.gasstation.implementation.StationTest" name="testBuyGasDepleted"/>
  <testcase time="72.024" classname="net.bigpoint.assessment.gasstation.implementation.StationTest" name="testBuyGasDepleted"/>
  <testcase time="72.125" classname="net.bigpoint.assessment.gasstation.implementation.StationTest" name="testBuyGasDepleted"/>
  <testcase time="72.226" classname="net.bigpoint.assessment.gasstation.implementation.StationTest" name="testBuyGasDepleted"/>
  <testcase time="72.327" classname="net.bigpoint.assessment.gasstation.implementation.StationTest" name="testBuyGasDepleted"/>
  <testcase time="72.428" classname="net.bigpoint.assessment.gasstation.implementation.StationTest" name="testBuyGasDepleted"/>
  <testcase time="72.528" classname="net.bigpoint.assessment.gasstation.implementation.StationTest" name="testBuyGasDepleted"/>
  <testcase time="72.629" classname="net.bigpoint.assessment.gasstation.implementation.StationTest" name="testBuyGasDepleted"/>
  <testcase time="72.73" classname="net.bigpoint.assessment.gasstation.implementation.StationTest" name="testBuyGasDepleted"/>
  <testcase time="72.83" classname="net.bigpoint.assessment.gasstation.implementation.StationTest" name="testBuyGasDepleted"/>
  <testcase time="72.931" classname="net.bigpoint.assessment.gasstation.implementation.StationTest" name="testBuyGasDepleted"/>
  <testcase time="73.032" classname="net.bigpoint.assessment.gasstation.implementation.StationTest" name="testBuyGasDepleted"/>
  <testcase time="73.133" classname="net.bigpoint.assessment.gasstation.implementation.StationTest" name="testBuyGasDepleted"/>
  <testcase time="73.234" classname="net.bigpoint.assessment.gasstation.implementation.StationTest" name="testBuyGasDepleted"/>
  <testcase time="73.335" classname="net.bigpoint.assessment.gasstation.implementation.StationTest" name="testBuyGasDepleted"/>
  <testcase time="73.437" classname="net.bigpoint.assessment.gasstation.implementation.StationTest" name="testBuyGasDepleted"/>
  <testcase time="73.537" classname="net.bigpoint.assessment.gasstation.implementation.StationTest" name="testBuyGasDepleted"/>
  <testcase time="73.638" classname="net.bigpoint.assessment.gasstation.implementation.StationTest" name="testBuyGasDepleted"/>
  <testcase time="73.739" classname="net.bigpoint.assessment.gasstation.implementation.StationTest" name="testBuyGasDepleted"/>
  <testcase time="73.84" classname="net.bigpoint.assessment.gasstation.implementation.StationTest" name="testBuyGasDepleted"/>
  <testcase time="73.94" classname="net.bigpoint.assessment.gasstation.implementation.StationTest" name="testBuyGasDepleted"/>
  <testcase time="74.041" classname="net.bigpoint.assessment.gasstation.implementation.StationTest" name="testBuyGasDepleted"/>
  <testcase time="74.142" classname="net.bigpoint.assessment.gasstation.implementation.StationTest" name="testBuyGasDepleted"/>
  <testcase time="74.243" classname="net.bigpoint.assessment.gasstation.implementation.StationTest" name="testBuyGasDepleted"/>
  <testcase time="74.343" classname="net.bigpoint.assessment.gasstation.implementation.StationTest" name="testBuyGasDepleted"/>
  <testcase time="74.444" classname="net.bigpoint.assessment.gasstation.implementation.StationTest" name="testBuyGasDepleted"/>
  <testcase time="74.545" classname="net.bigpoint.assessment.gasstation.implementation.StationTest" name="testBuyGasDepleted"/>
  <testcase time="74.646" classname="net.bigpoint.assessment.gasstation.implementation.StationTest" name="testBuyGasDepleted"/>
  <testcase time="74.747" classname="net.bigpoint.assessment.gasstation.implementation.StationTest" name="testBuyGasDepleted"/>
  <testcase time="74.848" classname="net.bigpoint.assessment.gasstation.implementation.StationTest" name="testBuyGasDepleted"/>
  <testcase time="74.949" classname="net.bigpoint.assessment.gasstation.implementation.StationTest" name="testBuyGasDepleted"/>
  <testcase time="75.049" classname="net.bigpoint.assessment.gasstation.implementation.StationTest" name="testBuyGasDepleted"/>
  <testcase time="75.15" classname="net.bigpoint.assessment.gasstation.implementation.StationTest" name="testBuyGasDepleted"/>
  <testcase time="75.251" classname="net.bigpoint.assessment.gasstation.implementation.StationTest" name="testBuyGasDepleted"/>
  <testcase time="75.352" classname="net.bigpoint.assessment.gasstation.implementation.StationTest" name="testBuyGasDepleted"/>
  <testcase time="75.452" classname="net.bigpoint.assessment.gasstation.implementation.StationTest" name="testBuyGasDepleted"/>
  <testcase time="75.553" classname="net.bigpoint.assessment.gasstation.implementation.StationTest" name="testBuyGasDepleted"/>
  <testcase time="75.654" classname="net.bigpoint.assessment.gasstation.implementation.StationTest" name="testBuyGasDepleted"/>
  <testcase time="75.755" classname="net.bigpoint.assessment.gasstation.implementation.StationTest" name="testBuyGasDepleted"/>
  <testcase time="75.856" classname="net.bigpoint.assessment.gasstation.implementation.StationTest" name="testBuyGasDepleted"/>
  <testcase time="75.957" classname="net.bigpoint.assessment.gasstation.implementation.StationTest" name="testBuyGasDepleted"/>
  <testcase time="76.058" classname="net.bigpoint.assessment.gasstation.implementation.StationTest" name="testBuyGasDepleted"/>
  <testcase time="76.158" classname="net.bigpoint.assessment.gasstation.implementation.StationTest" name="testBuyGasDepleted"/>
  <testcase time="76.259" classname="net.bigpoint.assessment.gasstation.implementation.StationTest" name="testBuyGasDepleted"/>
  <testcase time="76.36" classname="net.bigpoint.assessment.gasstation.implementation.StationTest" name="testBuyGasDepleted"/>
  <testcase time="76.461" classname="net.bigpoint.assessment.gasstation.implementation.StationTest" name="testBuyGasDepleted"/>
  <testcase time="76.562" classname="net.bigpoint.assessment.gasstation.implementation.StationTest" name="testBuyGasDepleted"/>
  <testcase time="76.663" classname="net.bigpoint.assessment.gasstation.implementation.StationTest" name="testBuyGasDepleted"/>
  <testcase time="76.764" classname="net.bigpoint.assessment.gasstation.implementation.StationTest" name="testBuyGasDepleted"/>
  <testcase time="76.865" classname="net.bigpoint.assessment.gasstation.implementation.StationTest" name="testBuyGasDepleted"/>
  <testcase time="76.966" classname="net.bigpoint.assessment.gasstation.implementation.StationTest" name="testBuyGasDepleted"/>
  <testcase time="77.067" classname="net.bigpoint.assessment.gasstation.implementation.StationTest" name="testBuyGasDepleted"/>
  <testcase time="77.168" classname="net.bigpoint.assessment.gasstation.implementation.StationTest" name="testBuyGasDepleted"/>
  <testcase time="77.269" classname="net.bigpoint.assessment.gasstation.implementation.StationTest" name="testBuyGasDepleted"/>
  <testcase time="77.37" classname="net.bigpoint.assessment.gasstation.implementation.StationTest" name="testBuyGasDepleted"/>
  <testcase time="77.471" classname="net.bigpoint.assessment.gasstation.implementation.StationTest" name="testBuyGasDepleted"/>
  <testcase time="77.572" classname="net.bigpoint.assessment.gasstation.implementation.StationTest" name="testBuyGasDepleted"/>
  <testcase time="77.673" classname="net.bigpoint.assessment.gasstation.implementation.StationTest" name="testBuyGasDepleted"/>
  <testcase time="77.774" classname="net.bigpoint.assessment.gasstation.implementation.StationTest" name="testBuyGasDepleted"/>
  <testcase time="77.875" classname="net.bigpoint.assessment.gasstation.implementation.StationTest" name="testBuyGasDepleted"/>
  <testcase time="77.976" classname="net.bigpoint.assessment.gasstation.implementation.StationTest" name="testBuyGasDepleted"/>
  <testcase time="78.077" classname="net.bigpoint.assessment.gasstation.implementation.StationTest" name="testBuyGasDepleted"/>
  <testcase time="78.178" classname="net.bigpoint.assessment.gasstation.implementation.StationTest" name="testBuyGasDepleted"/>
  <testcase time="78.279" classname="net.bigpoint.assessment.gasstation.implementation.StationTest" name="testBuyGasDepleted"/>
  <testcase time="78.38" classname="net.bigpoint.assessment.gasstation.implementation.StationTest" name="testBuyGasDepleted"/>
  <testcase time="78.481" classname="net.bigpoint.assessment.gasstation.implementation.StationTest" name="testBuyGasDepleted"/>
  <testcase time="78.582" classname="net.bigpoint.assessment.gasstation.implementation.StationTest" name="testBuyGasDepleted"/>
  <testcase time="78.683" classname="net.bigpoint.assessment.gasstation.implementation.StationTest" name="testBuyGasDepleted"/>
  <testcase time="78.784" classname="net.bigpoint.assessment.gasstation.implementation.StationTest" name="testBuyGasDepleted"/>
  <testcase time="78.885" classname="net.bigpoint.assessment.gasstation.implementation.StationTest" name="testBuyGasDepleted"/>
  <testcase time="78.985" classname="net.bigpoint.assessment.gasstation.implementation.StationTest" name="testBuyGasDepleted"/>
  <testcase time="79.086" classname="net.bigpoint.assessment.gasstation.implementation.StationTest" name="testBuyGasDepleted"/>
  <testcase time="79.187" classname="net.bigpoint.assessment.gasstation.implementation.StationTest" name="testBuyGasDepleted"/>
  <testcase time="79.288" classname="net.bigpoint.assessment.gasstation.implementation.StationTest" name="testBuyGasDepleted"/>
  <testcase time="79.389" classname="net.bigpoint.assessment.gasstation.implementation.StationTest" name="testBuyGasDepleted"/>
  <testcase time="79.489" classname="net.bigpoint.assessment.gasstation.implementation.StationTest" name="testBuyGasDepleted"/>
  <testcase time="79.59" classname="net.bigpoint.assessment.gasstation.implementation.StationTest" name="testBuyGasDepleted"/>
  <testcase time="79.691" classname="net.bigpoint.assessment.gasstation.implementation.StationTest" name="testBuyGasDepleted"/>
  <testcase time="79.792" classname="net.bigpoint.assessment.gasstation.implementation.StationTest" name="testBuyGasDepleted"/>
  <testcase time="79.893" classname="net.bigpoint.assessment.gasstation.implementation.StationTest" name="testBuyGasDepleted"/>
  <testcase time="79.994" classname="net.bigpoint.assessment.gasstation.implementation.StationTest" name="testBuyGasDepleted"/>
  <testcase time="80.095" classname="net.bigpoint.assessment.gasstation.implementation.StationTest" name="testBuyGasDepleted"/>
  <testcase time="80.196" classname="net.bigpoint.assessment.gasstation.implementation.StationTest" name="testBuyGasDepleted"/>
  <testcase time="80.297" classname="net.bigpoint.assessment.gasstation.implementation.StationTest" name="testBuyGasDepleted"/>
  <testcase time="80.398" classname="net.bigpoint.assessment.gasstation.implementation.StationTest" name="testBuyGasDepleted"/>
  <testcase time="80.499" classname="net.bigpoint.assessment.gasstation.implementation.StationTest" name="testBuyGasDepleted"/>
  <testcase time="80.599" classname="net.bigpoint.assessment.gasstation.implementation.StationTest" name="testBuyGasDepleted"/>
  <testcase time="80.7" classname="net.bigpoint.assessment.gasstation.implementation.StationTest" name="testBuyGasDepleted"/>
  <testcase time="80.801" classname="net.bigpoint.assessment.gasstation.implementation.StationTest" name="testBuyGasDepleted"/>
  <testcase time="80.903" classname="net.bigpoint.assessment.gasstation.implementation.StationTest" name="testBuyGasDepleted"/>
  <testcase time="81.003" classname="net.bigpoint.assessment.gasstation.implementation.StationTest" name="testBuyGasDepleted"/>
  <testcase time="81.104" classname="net.bigpoint.assessment.gasstation.implementation.StationTest" name="testBuyGasDepleted"/>
  <testcase time="81.205" classname="net.bigpoint.assessment.gasstation.implementation.StationTest" name="testBuyGasDepleted"/>
  <testcase time="81.305" classname="net.bigpoint.assessment.gasstation.implementation.StationTest" name="testBuyGasDepleted"/>
  <testcase time="81.407" classname="net.bigpoint.assessment.gasstation.implementation.StationTest" name="testBuyGasDepleted"/>
  <testcase time="81.507" classname="net.bigpoint.assessment.gasstation.implementation.StationTest" name="testBuyGasDepleted"/>
  <testcase time="81.608" classname="net.bigpoint.assessment.gasstation.implementation.StationTest" name="testBuyGasDepleted"/>
  <testcase time="81.709" classname="net.bigpoint.assessment.gasstation.implementation.StationTest" name="testBuyGasDepleted"/>
  <testcase time="81.81" classname="net.bigpoint.assessment.gasstation.implementation.StationTest" name="testBuyGasDepleted"/>
  <testcase time="81.911" classname="net.bigpoint.assessment.gasstation.implementation.StationTest" name="testBuyGasDepleted"/>
  <testcase time="82.012" classname="net.bigpoint.assessment.gasstation.implementation.StationTest" name="testBuyGasDepleted"/>
  <testcase time="82.113" classname="net.bigpoint.assessment.gasstation.implementation.StationTest" name="testBuyGasDepleted"/>
  <testcase time="82.214" classname="net.bigpoint.assessment.gasstation.implementation.StationTest" name="testBuyGasDepleted"/>
  <testcase time="82.315" classname="net.bigpoint.assessment.gasstation.implementation.StationTest" name="testBuyGasDepleted"/>
  <testcase time="82.416" classname="net.bigpoint.assessment.gasstation.implementation.StationTest" name="testBuyGasDepleted"/>
  <testcase time="82.517" classname="net.bigpoint.assessment.gasstation.implementation.StationTest" name="testBuyGasDepleted"/>
  <testcase time="82.618" classname="net.bigpoint.assessment.gasstation.implementation.StationTest" name="testBuyGasDepleted"/>
  <testcase time="82.719" classname="net.bigpoint.assessment.gasstation.implementation.StationTest" name="testBuyGasDepleted"/>
  <testcase time="82.819" classname="net.bigpoint.assessment.gasstation.implementation.StationTest" name="testBuyGasDepleted"/>
  <testcase time="82.92" classname="net.bigpoint.assessment.gasstation.implementation.StationTest" name="testBuyGasDepleted"/>
  <testcase time="83.021" classname="net.bigpoint.assessment.gasstation.implementation.StationTest" name="testBuyGasDepleted"/>
  <testcase time="83.122" classname="net.bigpoint.assessment.gasstation.implementation.StationTest" name="testBuyGasDepleted"/>
  <testcase time="83.223" classname="net.bigpoint.assessment.gasstation.implementation.StationTest" name="testBuyGasDepleted"/>
  <testcase time="83.324" classname="net.bigpoint.assessment.gasstation.implementation.StationTest" name="testBuyGasDepleted"/>
  <testcase time="83.425" classname="net.bigpoint.assessment.gasstation.implementation.StationTest" name="testBuyGasDepleted"/>
  <testcase time="83.526" classname="net.bigpoint.assessment.gasstation.implementation.StationTest" name="testBuyGasDepleted"/>
  <testcase time="83.626" classname="net.bigpoint.assessment.gasstation.implementation.StationTest" name="testBuyGasDepleted"/>
  <testcase time="83.727" classname="net.bigpoint.assessment.gasstation.implementation.StationTest" name="testBuyGasDepleted"/>
  <testcase time="83.828" classname="net.bigpoint.assessment.gasstation.implementation.StationTest" name="testBuyGasDepleted"/>
  <testcase time="83.929" classname="net.bigpoint.assessment.gasstation.implementation.StationTest" name="testBuyGasDepleted"/>
  <testcase time="84.03" classname="net.bigpoint.assessment.gasstation.implementation.StationTest" name="testBuyGasDepleted"/>
  <testcase time="84.131" classname="net.bigpoint.assessment.gasstation.implementation.StationTest" name="testBuyGasDepleted"/>
  <testcase time="84.232" classname="net.bigpoint.assessment.gasstation.implementation.StationTest" name="testBuyGasDepleted"/>
  <testcase time="84.333" classname="net.bigpoint.assessment.gasstation.implementation.StationTest" name="testBuyGasDepleted"/>
  <testcase time="84.434" classname="net.bigpoint.assessment.gasstation.implementation.StationTest" name="testBuyGasDepleted"/>
  <testcase time="84.534" classname="net.bigpoint.assessment.gasstation.implementation.StationTest" name="testBuyGasDepleted"/>
  <testcase time="84.635" classname="net.bigpoint.assessment.gasstation.implementation.StationTest" name="testBuyGasDepleted"/>
  <testcase time="84.736" classname="net.bigpoint.assessment.gasstation.implementation.StationTest" name="testBuyGasDepleted"/>
  <testcase time="84.837" classname="net.bigpoint.assessment.gasstation.implementation.StationTest" name="testBuyGasDepleted"/>
  <testcase time="84.937" classname="net.bigpoint.assessment.gasstation.implementation.StationTest" name="testBuyGasDepleted"/>
  <testcase time="85.038" classname="net.bigpoint.assessment.gasstation.implementation.StationTest" name="testBuyGasDepleted"/>
  <testcase time="85.139" classname="net.bigpoint.assessment.gasstation.implementation.StationTest" name="testBuyGasDepleted"/>
  <testcase time="85.24" classname="net.bigpoint.assessment.gasstation.implementation.StationTest" name="testBuyGasDepleted"/>
  <testcase time="85.341" classname="net.bigpoint.assessment.gasstation.implementation.StationTest" name="testBuyGasDepleted"/>
  <testcase time="85.442" classname="net.bigpoint.assessment.gasstation.implementation.StationTest" name="testBuyGasDepleted"/>
  <testcase time="85.543" classname="net.bigpoint.assessment.gasstation.implementation.StationTest" name="testBuyGasDepleted"/>
  <testcase time="85.644" classname="net.bigpoint.assessment.gasstation.implementation.StationTest" name="testBuyGasDepleted"/>
  <testcase time="85.745" classname="net.bigpoint.assessment.gasstation.implementation.StationTest" name="testBuyGasDepleted"/>
  <testcase time="85.846" classname="net.bigpoint.assessment.gasstation.implementation.StationTest" name="testBuyGasDepleted"/>
  <testcase time="85.947" classname="net.bigpoint.assessment.gasstation.implementation.StationTest" name="testBuyGasDepleted"/>
  <testcase time="86.048" classname="net.bigpoint.assessment.gasstation.implementation.StationTest" name="testBuyGasDepleted"/>
  <testcase time="86.149" classname="net.bigpoint.assessment.gasstation.implementation.StationTest" name="testBuyGasDepleted"/>
  <testcase time="86.25" classname="net.bigpoint.assessment.gasstation.implementation.StationTest" name="testBuyGasDepleted"/>
  <testcase time="86.35" classname="net.bigpoint.assessment.gasstation.implementation.StationTest" name="testBuyGasDepleted"/>
  <testcase time="86.451" classname="net.bigpoint.assessment.gasstation.implementation.StationTest" name="testBuyGasDepleted"/>
  <testcase time="86.552" classname="net.bigpoint.assessment.gasstation.implementation.StationTest" name="testBuyGasDepleted"/>
  <testcase time="86.652" classname="net.bigpoint.assessment.gasstation.implementation.StationTest" name="testBuyGasDepleted"/>
  <testcase time="86.753" classname="net.bigpoint.assessment.gasstation.implementation.StationTest" name="testBuyGasDepleted"/>
  <testcase time="86.855" classname="net.bigpoint.assessment.gasstation.implementation.StationTest" name="testBuyGasDepleted"/>
  <testcase time="86.955" classname="net.bigpoint.assessment.gasstation.implementation.StationTest" name="testBuyGasDepleted"/>
  <testcase time="87.056" classname="net.bigpoint.assessment.gasstation.implementation.StationTest" name="testBuyGasDepleted"/>
  <testcase time="87.157" classname="net.bigpoint.assessment.gasstation.implementation.StationTest" name="testBuyGasDepleted"/>
  <testcase time="87.259" classname="net.bigpoint.assessment.gasstation.implementation.StationTest" name="testBuyGasDepleted"/>
  <testcase time="87.359" classname="net.bigpoint.assessment.gasstation.implementation.StationTest" name="testBuyGasDepleted"/>
  <testcase time="87.46" classname="net.bigpoint.assessment.gasstation.implementation.StationTest" name="testBuyGasDepleted"/>
  <testcase time="87.561" classname="net.bigpoint.assessment.gasstation.implementation.StationTest" name="testBuyGasDepleted"/>
  <testcase time="87.662" classname="net.bigpoint.assessment.gasstation.implementation.StationTest" name="testBuyGasDepleted"/>
  <testcase time="87.763" classname="net.bigpoint.assessment.gasstation.implementation.StationTest" name="testBuyGasDepleted"/>
  <testcase time="87.864" classname="net.bigpoint.assessment.gasstation.implementation.StationTest" name="testBuyGasDepleted"/>
  <testcase time="87.965" classname="net.bigpoint.assessment.gasstation.implementation.StationTest" name="testBuyGasDepleted"/>
  <testcase time="88.065" classname="net.bigpoint.assessment.gasstation.implementation.StationTest" name="testBuyGasDepleted"/>
  <testcase time="88.166" classname="net.bigpoint.assessment.gasstation.implementation.StationTest" name="testBuyGasDepleted"/>
  <testcase time="88.267" classname="net.bigpoint.assessment.gasstation.implementation.StationTest" name="testBuyGasDepleted"/>
  <testcase time="88.368" classname="net.bigpoint.assessment.gasstation.implementation.StationTest" name="testBuyGasDepleted"/>
  <testcase time="88.469" classname="net.bigpoint.assessment.gasstation.implementation.StationTest" name="testBuyGasDepleted"/>
  <testcase time="88.569" classname="net.bigpoint.assessment.gasstation.implementation.StationTest" name="testBuyGasDepleted"/>
  <testcase time="88.67" classname="net.bigpoint.assessment.gasstation.implementation.StationTest" name="testBuyGasDepleted"/>
  <testcase time="88.771" classname="net.bigpoint.assessment.gasstation.implementation.StationTest" name="testBuyGasDepleted"/>
  <testcase time="88.872" classname="net.bigpoint.assessment.gasstation.implementation.StationTest" name="testBuyGasDepleted"/>
  <testcase time="88.972" classname="net.bigpoint.assessment.gasstation.implementation.StationTest" name="testBuyGasDepleted"/>
  <testcase time="89.073" classname="net.bigpoint.assessment.gasstation.implementation.StationTest" name="testBuyGasDepleted"/>
  <testcase time="89.174" classname="net.bigpoint.assessment.gasstation.implementation.StationTest" name="testBuyGasDepleted"/>
  <testcase time="89.275" classname="net.bigpoint.assessment.gasstation.implementation.StationTest" name="testBuyGasDepleted"/>
  <testcase time="89.376" classname="net.bigpoint.assessment.gasstation.implementation.StationTest" name="testBuyGasDepleted"/>
  <testcase time="89.477" classname="net.bigpoint.assessment.gasstation.implementation.StationTest" name="testBuyGasDepleted"/>
  <testcase time="89.578" classname="net.bigpoint.assessment.gasstation.implementation.StationTest" name="testBuyGasDepleted"/>
  <testcase time="89.679" classname="net.bigpoint.assessment.gasstation.implementation.StationTest" name="testBuyGasDepleted"/>
  <testcase time="89.78" classname="net.bigpoint.assessment.gasstation.implementation.StationTest" name="testBuyGasDepleted"/>
  <testcase time="89.88" classname="net.bigpoint.assessment.gasstation.implementation.StationTest" name="testBuyGasDepleted"/>
  <testcase time="89.983" classname="net.bigpoint.assessment.gasstation.implementation.StationTest" name="testBuyGasDepleted"/>
  <testcase time="90.082" classname="net.bigpoint.assessment.gasstation.implementation.StationTest" name="testBuyGasDepleted"/>
  <testcase time="90.183" classname="net.bigpoint.assessment.gasstation.implementation.StationTest" name="testBuyGasDepleted"/>
  <testcase time="90.285" classname="net.bigpoint.assessment.gasstation.implementation.StationTest" name="testBuyGasDepleted"/>
  <testcase time="90.385" classname="net.bigpoint.assessment.gasstation.implementation.StationTest" name="testBuyGasDepleted"/>
  <testcase time="90.486" classname="net.bigpoint.assessment.gasstation.implementation.StationTest" name="testBuyGasDepleted"/>
  <testcase time="90.587" classname="net.bigpoint.assessment.gasstation.implementation.StationTest" name="testBuyGasDepleted"/>
  <testcase time="90.688" classname="net.bigpoint.assessment.gasstation.implementation.StationTest" name="testBuyGasDepleted"/>
  <testcase time="90.789" classname="net.bigpoint.assessment.gasstation.implementation.StationTest" name="testBuyGasDepleted"/>
  <testcase time="90.89" classname="net.bigpoint.assessment.gasstation.implementation.StationTest" name="testBuyGasDepleted"/>
  <testcase time="90.991" classname="net.bigpoint.assessment.gasstation.implementation.StationTest" name="testBuyGasDepleted"/>
  <testcase time="91.091" classname="net.bigpoint.assessment.gasstation.implementation.StationTest" name="testBuyGasDepleted"/>
  <testcase time="91.192" classname="net.bigpoint.assessment.gasstation.implementation.StationTest" name="testBuyGasDepleted"/>
  <testcase time="91.293" classname="net.bigpoint.assessment.gasstation.implementation.StationTest" name="testBuyGasDepleted"/>
  <testcase time="91.395" classname="net.bigpoint.assessment.gasstation.implementation.StationTest" name="testBuyGasDepleted"/>
  <testcase time="91.495" classname="net.bigpoint.assessment.gasstation.implementation.StationTest" name="testBuyGasDepleted"/>
  <testcase time="91.596" classname="net.bigpoint.assessment.gasstation.implementation.StationTest" name="testBuyGasDepleted"/>
  <testcase time="91.697" classname="net.bigpoint.assessment.gasstation.implementation.StationTest" name="testBuyGasDepleted"/>
  <testcase time="91.799" classname="net.bigpoint.assessment.gasstation.implementation.StationTest" name="testBuyGasDepleted"/>
  <testcase time="91.899" classname="net.bigpoint.assessment.gasstation.implementation.StationTest" name="testBuyGasDepleted"/>
  <testcase time="92.001" classname="net.bigpoint.assessment.gasstation.implementation.StationTest" name="testBuyGasDepleted"/>
  <testcase time="92.101" classname="net.bigpoint.assessment.gasstation.implementation.StationTest" name="testBuyGasDepleted"/>
  <testcase time="92.203" classname="net.bigpoint.assessment.gasstation.implementation.StationTest" name="testBuyGasDepleted"/>
  <testcase time="92.303" classname="net.bigpoint.assessment.gasstation.implementation.StationTest" name="testBuyGasDepleted"/>
  <testcase time="92.404" classname="net.bigpoint.assessment.gasstation.implementation.StationTest" name="testBuyGasDepleted"/>
  <testcase time="92.505" classname="net.bigpoint.assessment.gasstation.implementation.StationTest" name="testBuyGasDepleted"/>
  <testcase time="92.606" classname="net.bigpoint.assessment.gasstation.implementation.StationTest" name="testBuyGasDepleted"/>
  <testcase time="92.706" classname="net.bigpoint.assessment.gasstation.implementation.StationTest" name="testBuyGasDepleted"/>
  <testcase time="92.808" classname="net.bigpoint.assessment.gasstation.implementation.StationTest" name="testBuyGasDepleted"/>
  <testcase time="92.908" classname="net.bigpoint.assessment.gasstation.implementation.StationTest" name="testBuyGasDepleted"/>
  <testcase time="93.008" classname="net.bigpoint.assessment.gasstation.implementation.StationTest" name="testBuyGasDepleted"/>
  <testcase time="93.13" classname="net.bigpoint.assessment.gasstation.implementation.StationTest" name="testBuyGasDepleted"/>
  <testcase time="93.233" classname="net.bigpoint.assessment.gasstation.implementation.StationTest" name="testBuyGasDepleted"/>
  <testcase time="93.334" classname="net.bigpoint.assessment.gasstation.implementation.StationTest" name="testBuyGasDepleted"/>
  <testcase time="93.435" classname="net.bigpoint.assessment.gasstation.implementation.StationTest" name="testBuyGasDepleted"/>
  <testcase time="93.537" classname="net.bigpoint.assessment.gasstation.implementation.StationTest" name="testBuyGasDepleted"/>
  <testcase time="93.636" classname="net.bigpoint.assessment.gasstation.implementation.StationTest" name="testBuyGasDepleted"/>
  <testcase time="93.737" classname="net.bigpoint.assessment.gasstation.implementation.StationTest" name="testBuyGasDepleted"/>
  <testcase time="93.838" classname="net.bigpoint.assessment.gasstation.implementation.StationTest" name="testBuyGasDepleted"/>
  <testcase time="93.938" classname="net.bigpoint.assessment.gasstation.implementation.StationTest" name="testBuyGasDepleted"/>
  <testcase time="94.039" classname="net.bigpoint.assessment.gasstation.implementation.StationTest" name="testBuyGasDepleted"/>
  <testcase time="94.14" classname="net.bigpoint.assessment.gasstation.implementation.StationTest" name="testBuyGasDepleted"/>
  <testcase time="94.241" classname="net.bigpoint.assessment.gasstation.implementation.StationTest" name="testBuyGasDepleted"/>
  <testcase time="94.343" classname="net.bigpoint.assessment.gasstation.implementation.StationTest" name="testBuyGasDepleted"/>
  <testcase time="94.443" classname="net.bigpoint.assessment.gasstation.implementation.StationTest" name="testBuyGasDepleted"/>
  <testcase time="94.544" classname="net.bigpoint.assessment.gasstation.implementation.StationTest" name="testBuyGasDepleted"/>
  <testcase time="94.645" classname="net.bigpoint.assessment.gasstation.implementation.StationTest" name="testBuyGasDepleted"/>
  <testcase time="94.746" classname="net.bigpoint.assessment.gasstation.implementation.StationTest" name="testBuyGasDepleted"/>
  <testcase time="94.847" classname="net.bigpoint.assessment.gasstation.implementation.StationTest" name="testBuyGasDepleted"/>
  <testcase time="94.948" classname="net.bigpoint.assessment.gasstation.implementation.StationTest" name="testBuyGasDepleted"/>
  <testcase time="95.049" classname="net.bigpoint.assessment.gasstation.implementation.StationTest" name="testBuyGasDepleted"/>
  <testcase time="95.15" classname="net.bigpoint.assessment.gasstation.implementation.StationTest" name="testBuyGasDepleted"/>
  <testcase time="95.25" classname="net.bigpoint.assessment.gasstation.implementation.StationTest" name="testBuyGasDepleted"/>
  <testcase time="95.351" classname="net.bigpoint.assessment.gasstation.implementation.StationTest" name="testBuyGasDepleted"/>
  <testcase time="95.452" classname="net.bigpoint.assessment.gasstation.implementation.StationTest" name="testBuyGasDepleted"/>
  <testcase time="95.553" classname="net.bigpoint.assessment.gasstation.implementation.StationTest" name="testBuyGasDepleted"/>
  <testcase time="95.654" classname="net.bigpoint.assessment.gasstation.implementation.StationTest" name="testBuyGasDepleted"/>
  <testcase time="95.755" classname="net.bigpoint.assessment.gasstation.implementation.StationTest" name="testBuyGasDepleted"/>
  <testcase time="95.855" classname="net.bigpoint.assessment.gasstation.implementation.StationTest" name="testBuyGasDepleted"/>
  <testcase time="95.957" classname="net.bigpoint.assessment.gasstation.implementation.StationTest" name="testBuyGasDepleted"/>
  <testcase time="96.058" classname="net.bigpoint.assessment.gasstation.implementation.StationTest" name="testBuyGasDepleted"/>
  <testcase time="96.158" classname="net.bigpoint.assessment.gasstation.implementation.StationTest" name="testBuyGasDepleted"/>
  <testcase time="96.26" classname="net.bigpoint.assessment.gasstation.implementation.StationTest" name="testBuyGasDepleted"/>
  <testcase time="96.36" classname="net.bigpoint.assessment.gasstation.implementation.StationTest" name="testBuyGasDepleted"/>
  <testcase time="96.461" classname="net.bigpoint.assessment.gasstation.implementation.StationTest" name="testBuyGasDepleted"/>
  <testcase time="96.562" classname="net.bigpoint.assessment.gasstation.implementation.StationTest" name="testBuyGasDepleted"/>
  <testcase time="96.663" classname="net.bigpoint.assessment.gasstation.implementation.StationTest" name="testBuyGasDepleted"/>
  <testcase time="96.765" classname="net.bigpoint.assessment.gasstation.implementation.StationTest" name="testBuyGasDepleted"/>
  <testcase time="96.865" classname="net.bigpoint.assessment.gasstation.implementation.StationTest" name="testBuyGasDepleted"/>
  <testcase time="96.966" classname="net.bigpoint.assessment.gasstation.implementation.StationTest" name="testBuyGasDepleted"/>
  <testcase time="97.067" classname="net.bigpoint.assessment.gasstation.implementation.StationTest" name="testBuyGasDepleted"/>
  <testcase time="97.168" classname="net.bigpoint.assessment.gasstation.implementation.StationTest" name="testBuyGasDepleted"/>
  <testcase time="97.269" classname="net.bigpoint.assessment.gasstation.implementation.StationTest" name="testBuyGasDepleted"/>
  <testcase time="97.37" classname="net.bigpoint.assessment.gasstation.implementation.StationTest" name="testBuyGasDepleted"/>
  <testcase time="97.471" classname="net.bigpoint.assessment.gasstation.implementation.StationTest" name="testBuyGasDepleted"/>
  <testcase time="97.572" classname="net.bigpoint.assessment.gasstation.implementation.StationTest" name="testBuyGasDepleted"/>
  <testcase time="97.672" classname="net.bigpoint.assessment.gasstation.implementation.StationTest" name="testBuyGasDepleted"/>
  <testcase time="97.773" classname="net.bigpoint.assessment.gasstation.implementation.StationTest" name="testBuyGasDepleted"/>
  <testcase time="97.874" classname="net.bigpoint.assessment.gasstation.implementation.StationTest" name="testBuyGasDepleted"/>
  <testcase time="97.975" classname="net.bigpoint.assessment.gasstation.implementation.StationTest" name="testBuyGasDepleted"/>
  <testcase time="98.076" classname="net.bigpoint.assessment.gasstation.implementation.StationTest" name="testBuyGasDepleted"/>
  <testcase time="98.176" classname="net.bigpoint.assessment.gasstation.implementation.StationTest" name="testBuyGasDepleted"/>
  <testcase time="98.278" classname="net.bigpoint.assessment.gasstation.implementation.StationTest" name="testBuyGasDepleted"/>
  <testcase time="98.378" classname="net.bigpoint.assessment.gasstation.implementation.StationTest" name="testBuyGasDepleted"/>
  <testcase time="98.48" classname="net.bigpoint.assessment.gasstation.implementation.StationTest" name="testBuyGasDepleted"/>
  <testcase time="98.58" classname="net.bigpoint.assessment.gasstation.implementation.StationTest" name="testBuyGasDepleted"/>
  <testcase time="98.688" classname="net.bigpoint.assessment.gasstation.implementation.StationTest" name="testBuyGasDepleted"/>
  <testcase time="0.01" classname="net.bigpoint.assessment.gasstation.implementation.StationTest" name="testNoGasException"/>
  <testcase time="0.003" classname="net.bigpoint.assessment.gasstation.implementation.StationTest" name="testTooExpensiveException"/>
</testsuite>