<?xml version="1.0" encoding="UTF-8"?>
<!-- Generated by org.testng.reporters.JUnitReportReporter -->
<testsuite hostname="Skybolt" name="net.bigpoint.assessment.gasstation.implementation.StationTest" tests="29" failures="0" timestamp="20 Jul 2013 13:48:57 GMT" time="43.089" errors="0">
  <testcase name="testBuyGasDepleted" time="1.302" classname="net.bigpoint.assessment.gasstation.implementation.StationTest"/>
  <testcase name="testNoGasException" time="0.005" classname="net.bigpoint.assessment.gasstation.implementation.StationTest"/>
  <testcase name="testBuyGas" time="0.828" classname="net.bigpoint.assessment.gasstation.implementation.StationTest"/>
  <testcase name="testBuyGas" time="1.998" classname="net.bigpoint.assessment.gasstation.implementation.StationTest"/>
  <testcase name="testBuyGasDepleted" time="0.358" classname="net.bigpoint.assessment.gasstation.implementation.StationTest"/>
  <testcase name="testGasPumps" time="0.006" classname="net.bigpoint.assessment.gasstation.implementation.StationTest"/>
  <testcase name="testBuyGas" time="4.936" classname="net.bigpoint.assessment.gasstation.implementation.StationTest"/>
  <testcase name="testBuyGasDepleted" time="0.776" classname="net.bigpoint.assessment.gasstation.implementation.StationTest"/>
  <testcase name="testBuyGasDepleted" time="0.568" classname="net.bigpoint.assessment.gasstation.implementation.StationTest"/>
  <testcase name="testBuyGasDepleted" time="0.671" classname="net.bigpoint.assessment.gasstation.implementation.StationTest"/>
  <testcase name="testBuyGas" time="3.854" classname="net.bigpoint.assessment.gasstation.implementation.StationTest"/>
  <testcase name="testBuyGas" time="4.273" classname="net.bigpoint.assessment.gasstation.implementation.StationTest"/>
  <testcase name="testBuyGasDepleted" time="1.538" classname="net.bigpoint.assessment.gasstation.implementation.StationTest"/>
  <testcase name="testBuyGas" time="4.233" classname="net.bigpoint.assessment.gasstation.implementation.StationTest"/>
  <testcase name="testBuyGasDepleted" time="0.261" classname="net.bigpoint.assessment.gasstation.implementation.StationTest"/>
  <testcase name="testBuyGasDepleted" time="1.095" classname="net.bigpoint.assessment.gasstation.implementation.StationTest"/>
  <testcase name="testBuyGas" time="5.375" classname="net.bigpoint.assessment.gasstation.implementation.StationTest"/>
  <testcase name="testBuyGas" time="1.800" classname="net.bigpoint.assessment.gasstation.implementation.StationTest"/>
  <testcase name="testPrice" time="0.004" classname="net.bigpoint.assessment.gasstation.implementation.StationTest"/>
  <testcase name="testBuyGasDepleted" time="1.404" classname="net.bigpoint.assessment.gasstation.implementation.StationTest"/>
  <testcase name="testBuyGasDepleted" time="1.199" classname="net.bigpoint.assessment.gasstation.implementation.StationTest"/>
  <testcase name="testBuyGasDepleted" time="0.104" classname="net.bigpoint.assessment.gasstation.implementation.StationTest"/>
  <testcase name="testBuyGas" time="1.127" classname="net.bigpoint.assessment.gasstation.implementation.StationTest"/>
  <testcase name="testBuyGasDepleted" time="0.153" classname="net.bigpoint.assessment.gasstation.implementation.StationTest"/>
  <testcase name="testBuyGasDepleted" time="0.463" classname="net.bigpoint.assessment.gasstation.implementation.StationTest"/>
  <testcase name="testBuyGasDepleted" time="0.891" classname="net.bigpoint.assessment.gasstation.implementation.StationTest"/>
  <testcase name="testBuyGasDepleted" time="0.995" classname="net.bigpoint.assessment.gasstation.implementation.StationTest"/>
  <testcase name="testBuyGas" time="2.857" classname="net.bigpoint.assessment.gasstation.implementation.StationTest"/>
  <testcase name="testTooExpensiveException" time="0.015" classname="net.bigpoint.assessment.gasstation.implementation.StationTest"/>
</testsuite> <!-- net.bigpoint.assessment.gasstation.implementation.StationTest -->
